[13:04:36.322] [INFO   ] thread main starting.
[13:04:36.338] [SEVERE ] cannot read configuration file config.properties trying from resources.
[13:04:36.345] [SEVERE ] configuration file was loaded from resources directory.
[13:04:36.439] [SEVERE ] error creating swing user interface: 
No X11 DISPLAY variable was set,
but this program performed an operation which requires it.
[13:04:36.440] [SEVERE ] will try to run without user interface
[13:04:36.440] [SEVERE ] warning: running with human players with no user interface
[13:04:36.466] [INFO   ] thread dealer starting.
[13:04:36.467] [INFO   ] thread dealer starting.
[13:04:36.573] [SEVERE ] placing card 0 in slot 0
[13:04:36.674] [SEVERE ] placing card 1 in slot 1
[13:04:36.776] [SEVERE ] placing card 2 in slot 2
[13:04:36.879] [SEVERE ] placing card 3 in slot 3
[13:04:36.981] [SEVERE ] placing card 4 in slot 4
[13:04:37.083] [SEVERE ] placing card 5 in slot 5
[13:04:37.184] [SEVERE ] placing card 6 in slot 6
[13:04:37.285] [SEVERE ] placing card 7 in slot 7
[13:04:37.387] [SEVERE ] placing card 8 in slot 8
[13:04:37.489] [SEVERE ] placing card 9 in slot 9
[13:04:37.591] [SEVERE ] placing card 10 in slot 10
[13:04:37.693] [SEVERE ] placing card 11 in slot 11
[13:04:37.796] [INFO   ] thread dealer terminated.
[13:04:42.794] [SEVERE ] thanks for playing... it was fun!
[13:04:42.797] [INFO   ] thread main terminated.
[13:04:42.798] [SEVERE ] disposing of user interface elements
