[16:41:31.855] [INFO   ] thread main starting.
[16:41:31.862] [SEVERE ] cannot read configuration file config.properties trying from resources.
[16:41:31.867] [SEVERE ] configuration file was loaded from resources directory.
[16:41:32.389] [INFO   ] thread dealer starting.
[16:41:32.391] [INFO   ] thread dealer starting.
[16:41:32.510] [SEVERE ] placing card 0 in slot 0
[16:41:32.619] [SEVERE ] placing card 1 in slot 1
[16:41:32.727] [SEVERE ] placing card 2 in slot 2
[16:41:32.837] [SEVERE ] placing card 3 in slot 3
[16:41:32.946] [SEVERE ] placing card 4 in slot 4
[16:41:33.055] [SEVERE ] placing card 5 in slot 5
[16:41:33.163] [SEVERE ] placing card 6 in slot 6
[16:41:33.273] [SEVERE ] placing card 7 in slot 7
[16:41:33.382] [SEVERE ] placing card 8 in slot 8
[16:41:33.490] [SEVERE ] placing card 9 in slot 9
[16:41:33.600] [SEVERE ] placing card 10 in slot 10
[16:41:33.709] [SEVERE ] placing card 11 in slot 11
[16:41:37.447] [SEVERE ] key 81 was pressed by player 1
[16:41:37.448] [SEVERE ] player 1 placing token on slot 0
[16:41:39.190] [SEVERE ] key 69 was pressed by player 1
[16:41:39.190] [SEVERE ] player 1 placing token on slot 2
[16:41:43.425] [SEVERE ] key 69 was pressed by player 1
[16:41:43.425] [SEVERE ] removing player 1 token from slot 2
[16:41:44.710] [SEVERE ] key 69 was pressed by player 1
[16:41:44.711] [SEVERE ] player 1 placing token on slot 2
[16:41:51.009] [SEVERE ] key 69 was pressed by player 1
[16:41:51.010] [SEVERE ] removing player 1 token from slot 2
[16:41:51.948] [SEVERE ] key 69 was pressed by player 1
[16:41:51.948] [SEVERE ] player 1 placing token on slot 2
[16:41:52.472] [SEVERE ] key 69 was pressed by player 1
[16:41:52.473] [SEVERE ] removing player 1 token from slot 2
[16:41:52.790] [SEVERE ] key 69 was pressed by player 1
[16:41:52.791] [SEVERE ] player 1 placing token on slot 2
[16:41:53.076] [SEVERE ] key 69 was pressed by player 1
[16:41:53.077] [SEVERE ] removing player 1 token from slot 2
[16:41:53.353] [SEVERE ] key 69 was pressed by player 1
[16:41:53.354] [SEVERE ] player 1 placing token on slot 2
[16:41:53.672] [SEVERE ] key 69 was pressed by player 1
[16:41:53.673] [SEVERE ] removing player 1 token from slot 2
[16:41:54.009] [SEVERE ] key 69 was pressed by player 1
[16:41:54.010] [SEVERE ] player 1 placing token on slot 2
[16:41:54.276] [SEVERE ] key 69 was pressed by player 1
[16:41:54.276] [SEVERE ] removing player 1 token from slot 2
[16:41:54.567] [SEVERE ] key 69 was pressed by player 1
[16:41:54.567] [SEVERE ] player 1 placing token on slot 2
[16:41:54.886] [SEVERE ] key 69 was pressed by player 1
[16:41:54.886] [SEVERE ] removing player 1 token from slot 2
[16:41:55.172] [SEVERE ] key 69 was pressed by player 1
[16:41:55.172] [SEVERE ] player 1 placing token on slot 2
[16:41:56.583] [SEVERE ] key 87 was pressed by player 1
[16:41:56.583] [SEVERE ] player 1 placing token on slot 1
[16:41:58.996] [SEVERE ] key 87 was pressed by player 1
[16:41:59.320] [SEVERE ] key 81 was pressed by player 1
[16:41:59.515] [SEVERE ] key 69 was pressed by player 1
[16:41:59.754] [SEVERE ] key 87 was pressed by player 1
[16:41:59.924] [SEVERE ] key 69 was pressed by player 1
[16:42:00.034] [SEVERE ] key 81 was pressed by player 1
[16:42:00.192] [SEVERE ] key 69 was pressed by player 1
[16:42:00.318] [SEVERE ] key 87 was pressed by player 1
[16:42:00.334] [SEVERE ] key 81 was pressed by player 1
[16:42:00.460] [SEVERE ] key 69 was pressed by player 1
[16:42:00.572] [SEVERE ] key 81 was pressed by player 1
[16:42:00.586] [SEVERE ] key 87 was pressed by player 1
