[13:18:17.868] [INFO   ] thread main starting.
[13:18:17.893] [SEVERE ] cannot read configuration file config.properties trying from resources.
[13:18:17.904] [SEVERE ] configuration file was loaded from resources directory.
[13:18:18.126] [SEVERE ] error creating swing user interface: 
No X11 DISPLAY variable was set,
but this program performed an operation which requires it.
[13:18:18.127] [SEVERE ] will try to run without user interface
[13:18:18.128] [SEVERE ] warning: running with human players with no user interface
[13:18:18.254] [INFO   ] thread dealer starting.
[13:18:18.258] [INFO   ] thread dealer starting.
[13:18:18.367] [SEVERE ] placing card 0 in slot 0
[13:18:18.470] [SEVERE ] placing card 1 in slot 1
[13:18:18.571] [SEVERE ] placing card 2 in slot 2
[13:18:18.672] [SEVERE ] placing card 3 in slot 3
[13:18:18.775] [SEVERE ] placing card 4 in slot 4
[13:18:18.877] [SEVERE ] placing card 5 in slot 5
[13:18:18.980] [SEVERE ] placing card 6 in slot 6
[13:18:19.081] [SEVERE ] placing card 7 in slot 7
[13:18:19.183] [SEVERE ] placing card 8 in slot 8
[13:18:19.284] [SEVERE ] placing card 9 in slot 9
[13:18:19.390] [SEVERE ] placing card 10 in slot 10
[13:18:19.492] [SEVERE ] placing card 11 in slot 11
[13:18:19.595] [INFO   ] thread dealer terminated.
[13:18:24.596] [SEVERE ] thanks for playing... it was fun!
[13:18:24.597] [INFO   ] thread main terminated.
[13:18:24.598] [SEVERE ] disposing of user interface elements
