[13:17:46.908] [INFO   ] thread main starting.
[13:17:46.925] [SEVERE ] cannot read configuration file config.properties trying from resources.
[13:17:46.934] [SEVERE ] configuration file was loaded from resources directory.
[13:17:47.024] [SEVERE ] error creating swing user interface: 
No X11 DISPLAY variable was set,
but this program performed an operation which requires it.
[13:17:47.025] [SEVERE ] will try to run without user interface
[13:17:47.025] [SEVERE ] warning: running with human players with no user interface
[13:17:47.144] [INFO   ] thread dealer starting.
[13:17:47.146] [INFO   ] thread dealer starting.
[13:17:47.253] [SEVERE ] placing card 0 in slot 0
[13:17:47.356] [SEVERE ] placing card 1 in slot 1
[13:17:47.458] [SEVERE ] placing card 2 in slot 2
[13:17:47.563] [SEVERE ] placing card 3 in slot 3
[13:17:47.664] [SEVERE ] placing card 4 in slot 4
[13:17:47.767] [SEVERE ] placing card 5 in slot 5
[13:17:47.869] [SEVERE ] placing card 6 in slot 6
[13:17:47.972] [SEVERE ] placing card 7 in slot 7
[13:17:48.074] [SEVERE ] placing card 8 in slot 8
[13:17:48.176] [SEVERE ] placing card 9 in slot 9
[13:17:48.279] [SEVERE ] placing card 10 in slot 10
[13:17:48.381] [SEVERE ] placing card 11 in slot 11
[13:17:48.487] [INFO   ] thread dealer terminated.
[13:17:53.489] [SEVERE ] thanks for playing... it was fun!
[13:17:53.490] [INFO   ] thread main terminated.
[13:17:53.490] [SEVERE ] disposing of user interface elements
