[16:37:20.792] [INFO   ] thread main starting.
[16:37:20.799] [SEVERE ] cannot read configuration file config.properties trying from resources.
[16:37:20.803] [SEVERE ] configuration file was loaded from resources directory.
[16:37:21.294] [INFO   ] thread dealer starting.
[16:37:21.294] [INFO   ] thread dealer starting.
[16:37:21.404] [SEVERE ] placing card 0 in slot 0
[16:37:21.520] [SEVERE ] placing card 1 in slot 1
[16:37:21.626] [SEVERE ] placing card 2 in slot 2
[16:37:21.733] [SEVERE ] placing card 3 in slot 3
[16:37:21.835] [SEVERE ] placing card 4 in slot 4
[16:37:21.944] [SEVERE ] placing card 5 in slot 5
[16:37:22.070] [SEVERE ] placing card 6 in slot 6
[16:37:22.181] [SEVERE ] placing card 7 in slot 7
[16:37:22.291] [SEVERE ] placing card 8 in slot 8
[16:37:22.399] [SEVERE ] placing card 9 in slot 9
[16:37:22.509] [SEVERE ] placing card 10 in slot 10
[16:37:22.619] [SEVERE ] placing card 11 in slot 11
[16:37:27.310] [SEVERE ] key 81 was pressed by player 1
[16:37:27.311] [SEVERE ] remove token false
[16:37:27.311] [SEVERE ] player 1 placing token on slot 0
[16:37:27.652] [SEVERE ] key 87 was pressed by player 1
[16:37:27.652] [SEVERE ] remove token false
[16:37:27.652] [SEVERE ] player 1 placing token on slot 1
[16:37:27.964] [SEVERE ] key 69 was pressed by player 1
[16:37:27.964] [SEVERE ] remove token false
[16:37:27.964] [SEVERE ] player 1 placing token on slot 2
[16:37:41.971] [SEVERE ] key 81 was pressed by player 1
[16:37:42.062] [SEVERE ] key 87 was pressed by player 1
[16:37:42.199] [SEVERE ] key 69 was pressed by player 1
[16:37:42.451] [SEVERE ] key 81 was pressed by player 1
[16:37:42.555] [SEVERE ] key 87 was pressed by player 1
[16:37:42.710] [SEVERE ] key 69 was pressed by player 1
[16:37:42.918] [SEVERE ] key 81 was pressed by player 1
[16:37:43.049] [SEVERE ] key 87 was pressed by player 1
[16:37:43.177] [SEVERE ] key 69 was pressed by player 1
[16:37:43.390] [SEVERE ] key 81 was pressed by player 1
[16:37:43.513] [SEVERE ] key 87 was pressed by player 1
[16:37:43.581] [SEVERE ] key 69 was pressed by player 1
[16:38:09.964] [SEVERE ] exit button pressed
