[16:23:57.849] [INFO   ] thread main starting.
[16:23:57.869] [SEVERE ] cannot read configuration file config.properties trying from resources.
[16:23:57.875] [SEVERE ] configuration file was loaded from resources directory.
[16:23:58.925] [INFO   ] thread dealer starting.
[16:23:58.927] [INFO   ] thread dealer starting.
[16:23:59.062] [SEVERE ] placing card 0 in slot 0
[16:23:59.186] [SEVERE ] placing card 1 in slot 1
[16:23:59.297] [SEVERE ] placing card 2 in slot 2
[16:23:59.405] [SEVERE ] placing card 3 in slot 3
[16:23:59.515] [SEVERE ] placing card 4 in slot 4
[16:23:59.625] [SEVERE ] placing card 5 in slot 5
[16:23:59.735] [SEVERE ] placing card 6 in slot 6
[16:23:59.846] [SEVERE ] placing card 7 in slot 7
[16:23:59.956] [SEVERE ] placing card 8 in slot 8
[16:24:00.067] [SEVERE ] placing card 9 in slot 9
[16:24:00.177] [SEVERE ] placing card 10 in slot 10
[16:24:00.284] [SEVERE ] placing card 11 in slot 11
[16:24:00.394] [INFO   ] thread dealer terminated.
[16:24:05.410] [SEVERE ] thanks for playing... it was fun!
[16:24:05.411] [INFO   ] thread main terminated.
[16:24:05.411] [SEVERE ] disposing of user interface elements
