[21:16:58.588] [INFO   ] thread main starting.
[21:16:58.597] [SEVERE ] cannot read configuration file config.properties trying from resources.
[21:16:58.597] [SEVERE ] configuration file was loaded from resources directory.
[21:16:59.197] [INFO   ] thread dealer starting.
[21:16:59.198] [INFO   ] thread dealer starting.
[21:16:59.198] [INFO   ] thread player 0 starting.
[21:16:59.199] [INFO   ] thread player 1 starting.
[21:16:59.200] [INFO   ] thread player 0 starting.
[21:16:59.201] [INFO   ] thread player 1 starting.
[21:16:59.322] [SEVERE ] placing card 80 in slot 0
[21:16:59.439] [SEVERE ] placing card 23 in slot 1
[21:16:59.555] [SEVERE ] placing card 3 in slot 2
[21:16:59.672] [SEVERE ] placing card 25 in slot 3
[21:16:59.773] [SEVERE ] placing card 26 in slot 4
[21:16:59.888] [SEVERE ] placing card 71 in slot 5
[21:16:59.990] [SEVERE ] placing card 51 in slot 6
[21:17:00.105] [SEVERE ] placing card 60 in slot 7
[21:17:00.212] [SEVERE ] placing card 77 in slot 8
[21:17:00.319] [SEVERE ] placing card 9 in slot 9
[21:17:00.427] [SEVERE ] placing card 38 in slot 10
[21:17:00.538] [SEVERE ] placing card 41 in slot 11
[21:17:00.550] [SEVERE ] updating countdown to 60000
[21:17:00.661] [SEVERE ] updating countdown to 59889
[21:17:00.770] [SEVERE ] updating countdown to 59780
[21:17:00.879] [SEVERE ] updating countdown to 59671
[21:17:00.988] [SEVERE ] updating countdown to 59562
[21:17:01.096] [SEVERE ] updating countdown to 59454
[21:17:01.205] [SEVERE ] updating countdown to 59345
[21:17:01.314] [SEVERE ] updating countdown to 59236
[21:17:01.421] [SEVERE ] updating countdown to 59129
[21:17:01.530] [SEVERE ] updating countdown to 59020
[21:17:01.637] [SEVERE ] updating countdown to 58913
[21:17:01.745] [SEVERE ] updating countdown to 58805
[21:17:01.853] [SEVERE ] updating countdown to 58697
[21:17:01.962] [SEVERE ] updating countdown to 58588
[21:17:02.071] [SEVERE ] updating countdown to 58479
[21:17:02.180] [SEVERE ] updating countdown to 58370
[21:17:02.290] [SEVERE ] updating countdown to 58260
[21:17:02.399] [SEVERE ] updating countdown to 58151
[21:17:02.506] [SEVERE ] updating countdown to 58044
[21:17:02.614] [SEVERE ] updating countdown to 57936
[21:17:02.722] [SEVERE ] updating countdown to 57828
[21:17:02.832] [SEVERE ] updating countdown to 57718
[21:17:02.942] [SEVERE ] updating countdown to 57608
[21:17:03.050] [SEVERE ] updating countdown to 57500
[21:17:03.159] [SEVERE ] updating countdown to 57391
[21:17:03.267] [SEVERE ] updating countdown to 57283
[21:17:03.375] [SEVERE ] updating countdown to 57175
[21:17:03.483] [SEVERE ] updating countdown to 57067
[21:17:03.591] [SEVERE ] updating countdown to 56959
[21:17:03.698] [SEVERE ] updating countdown to 56852
[21:17:03.806] [SEVERE ] updating countdown to 56744
[21:17:03.915] [SEVERE ] updating countdown to 56635
[21:17:04.024] [SEVERE ] updating countdown to 56526
[21:17:04.133] [SEVERE ] updating countdown to 56417
[21:17:04.242] [SEVERE ] updating countdown to 56308
[21:17:04.349] [SEVERE ] updating countdown to 56201
[21:17:04.458] [SEVERE ] updating countdown to 56092
[21:17:04.567] [SEVERE ] updating countdown to 55983
[21:17:04.675] [SEVERE ] updating countdown to 55875
[21:17:04.783] [SEVERE ] updating countdown to 55767
[21:17:04.892] [SEVERE ] updating countdown to 55658
[21:17:04.999] [SEVERE ] updating countdown to 55551
[21:17:05.109] [SEVERE ] updating countdown to 55441
[21:17:05.218] [SEVERE ] updating countdown to 55332
[21:17:05.324] [SEVERE ] updating countdown to 55226
[21:17:05.433] [SEVERE ] updating countdown to 55117
[21:17:05.543] [SEVERE ] updating countdown to 55007
[21:17:05.651] [SEVERE ] updating countdown to 54899
[21:17:05.760] [SEVERE ] updating countdown to 54790
[21:17:05.867] [SEVERE ] updating countdown to 54683
[21:17:05.973] [SEVERE ] updating countdown to 54577
[21:17:06.083] [SEVERE ] updating countdown to 54467
[21:17:06.192] [SEVERE ] updating countdown to 54358
[21:17:06.302] [SEVERE ] updating countdown to 54248
[21:17:06.410] [SEVERE ] updating countdown to 54140
[21:17:06.518] [SEVERE ] updating countdown to 54032
[21:17:06.625] [SEVERE ] updating countdown to 53925
[21:17:06.733] [SEVERE ] updating countdown to 53817
[21:17:06.842] [SEVERE ] updating countdown to 53708
[21:17:06.949] [SEVERE ] updating countdown to 53601
[21:17:07.059] [SEVERE ] updating countdown to 53491
[21:17:07.167] [SEVERE ] updating countdown to 53383
[21:17:07.277] [SEVERE ] updating countdown to 53273
[21:17:07.386] [SEVERE ] updating countdown to 53164
[21:17:07.493] [SEVERE ] updating countdown to 53057
[21:17:07.602] [SEVERE ] updating countdown to 52948
[21:17:07.711] [SEVERE ] updating countdown to 52839
[21:17:07.820] [SEVERE ] updating countdown to 52730
[21:17:07.929] [SEVERE ] updating countdown to 52621
[21:17:08.038] [SEVERE ] updating countdown to 52512
[21:17:08.146] [SEVERE ] updating countdown to 52404
[21:17:08.255] [SEVERE ] updating countdown to 52295
[21:17:08.362] [SEVERE ] updating countdown to 52188
[21:17:08.472] [SEVERE ] updating countdown to 52078
[21:17:08.579] [SEVERE ] updating countdown to 51971
[21:17:08.688] [SEVERE ] updating countdown to 51862
[21:17:08.797] [SEVERE ] updating countdown to 51753
[21:17:08.905] [SEVERE ] updating countdown to 51645
[21:17:09.012] [SEVERE ] updating countdown to 51538
[21:17:09.120] [SEVERE ] updating countdown to 51430
[21:17:09.227] [SEVERE ] updating countdown to 51323
[21:17:09.335] [SEVERE ] updating countdown to 51215
[21:17:09.444] [SEVERE ] updating countdown to 51106
[21:17:09.554] [SEVERE ] updating countdown to 50996
[21:17:09.664] [SEVERE ] updating countdown to 50886
[21:17:09.771] [SEVERE ] updating countdown to 50779
[21:17:09.879] [SEVERE ] updating countdown to 50671
[21:17:09.988] [SEVERE ] updating countdown to 50562
[21:17:10.097] [SEVERE ] updating countdown to 50453
[21:17:10.205] [SEVERE ] updating countdown to 50345
[21:17:10.313] [SEVERE ] updating countdown to 50237
[21:17:10.421] [SEVERE ] updating countdown to 50129
[21:17:10.530] [SEVERE ] updating countdown to 50020
[21:17:10.641] [SEVERE ] updating countdown to 49909
[21:17:10.749] [SEVERE ] updating countdown to 49801
[21:17:10.859] [SEVERE ] updating countdown to 49691
[21:17:10.966] [SEVERE ] updating countdown to 49584
[21:17:11.074] [SEVERE ] updating countdown to 49476
[21:17:11.181] [SEVERE ] updating countdown to 49369
[21:17:11.289] [SEVERE ] updating countdown to 49261
[21:17:11.397] [SEVERE ] updating countdown to 49153
[21:17:11.506] [SEVERE ] updating countdown to 49044
[21:17:11.615] [SEVERE ] updating countdown to 48935
[21:17:11.722] [SEVERE ] updating countdown to 48828
[21:17:11.830] [SEVERE ] updating countdown to 48720
[21:17:11.939] [SEVERE ] updating countdown to 48611
[21:17:12.046] [SEVERE ] updating countdown to 48504
[21:17:12.155] [SEVERE ] updating countdown to 48395
[21:17:12.265] [SEVERE ] updating countdown to 48285
[21:17:12.372] [SEVERE ] updating countdown to 48178
[21:17:12.480] [SEVERE ] updating countdown to 48070
[21:17:12.588] [SEVERE ] updating countdown to 47962
[21:17:12.698] [SEVERE ] updating countdown to 47852
[21:17:12.806] [SEVERE ] updating countdown to 47744
[21:17:12.915] [SEVERE ] updating countdown to 47635
[21:17:13.022] [SEVERE ] updating countdown to 47528
[21:17:13.130] [SEVERE ] updating countdown to 47420
[21:17:13.240] [SEVERE ] updating countdown to 47310
[21:17:13.348] [SEVERE ] updating countdown to 47202
[21:17:13.461] [SEVERE ] updating countdown to 47089
[21:17:13.562] [SEVERE ] updating countdown to 46988
[21:17:13.669] [SEVERE ] updating countdown to 46881
[21:17:13.782] [SEVERE ] updating countdown to 46768
[21:17:13.893] [SEVERE ] updating countdown to 46657
[21:17:14.007] [SEVERE ] updating countdown to 46543
[21:17:14.119] [SEVERE ] updating countdown to 46431
[21:17:14.228] [SEVERE ] updating countdown to 46322
[21:17:14.342] [SEVERE ] updating countdown to 46208
[21:17:14.454] [SEVERE ] updating countdown to 46096
[21:17:14.565] [SEVERE ] updating countdown to 45985
[21:17:14.677] [SEVERE ] updating countdown to 45873
[21:17:14.791] [SEVERE ] updating countdown to 45759
[21:17:14.902] [SEVERE ] updating countdown to 45648
[21:17:15.013] [SEVERE ] updating countdown to 45537
[21:17:15.128] [SEVERE ] updating countdown to 45422
[21:17:15.237] [SEVERE ] updating countdown to 45313
[21:17:15.350] [SEVERE ] updating countdown to 45200
[21:17:15.460] [SEVERE ] updating countdown to 45090
[21:17:15.573] [SEVERE ] updating countdown to 44977
[21:17:15.686] [SEVERE ] updating countdown to 44864
[21:17:15.798] [SEVERE ] updating countdown to 44752
[21:17:15.911] [SEVERE ] updating countdown to 44639
[21:17:16.021] [SEVERE ] updating countdown to 44529
[21:17:16.132] [SEVERE ] updating countdown to 44418
[21:17:16.246] [SEVERE ] updating countdown to 44304
[21:17:16.357] [SEVERE ] updating countdown to 44193
[21:17:16.468] [SEVERE ] updating countdown to 44082
[21:17:16.581] [SEVERE ] updating countdown to 43969
[21:17:16.698] [SEVERE ] updating countdown to 43852
[21:17:16.807] [SEVERE ] updating countdown to 43743
[21:17:16.918] [SEVERE ] updating countdown to 43632
[21:17:17.030] [SEVERE ] updating countdown to 43520
[21:17:17.142] [SEVERE ] updating countdown to 43408
[21:17:17.242] [SEVERE ] updating countdown to 43308
[21:17:17.351] [SEVERE ] updating countdown to 43199
[21:17:17.462] [SEVERE ] updating countdown to 43088
[21:17:17.574] [SEVERE ] updating countdown to 42976
[21:17:17.686] [SEVERE ] updating countdown to 42864
[21:17:17.798] [SEVERE ] updating countdown to 42752
[21:17:17.910] [SEVERE ] updating countdown to 42640
[21:17:18.022] [SEVERE ] updating countdown to 42528
[21:17:18.132] [SEVERE ] updating countdown to 42418
[21:17:18.246] [SEVERE ] updating countdown to 42304
[21:17:18.357] [SEVERE ] updating countdown to 42193
[21:17:18.471] [SEVERE ] updating countdown to 42079
[21:17:18.582] [SEVERE ] updating countdown to 41968
[21:17:18.692] [SEVERE ] updating countdown to 41858
[21:17:18.807] [SEVERE ] updating countdown to 41743
[21:17:18.922] [SEVERE ] updating countdown to 41628
[21:17:19.029] [SEVERE ] updating countdown to 41521
[21:17:19.141] [SEVERE ] updating countdown to 41409
[21:17:19.253] [SEVERE ] updating countdown to 41297
[21:17:19.366] [SEVERE ] updating countdown to 41184
[21:17:19.478] [SEVERE ] updating countdown to 41072
[21:17:19.589] [SEVERE ] updating countdown to 40961
[21:17:19.700] [SEVERE ] updating countdown to 40850
[21:17:19.812] [SEVERE ] updating countdown to 40738
[21:17:19.924] [SEVERE ] updating countdown to 40626
[21:17:20.037] [SEVERE ] updating countdown to 40513
[21:17:20.150] [SEVERE ] updating countdown to 40400
[21:17:20.262] [SEVERE ] updating countdown to 40288
[21:17:20.373] [SEVERE ] updating countdown to 40177
[21:17:20.486] [SEVERE ] updating countdown to 40064
[21:17:20.598] [SEVERE ] updating countdown to 39952
[21:17:20.710] [SEVERE ] updating countdown to 39840
[21:17:20.821] [SEVERE ] updating countdown to 39729
[21:17:20.933] [SEVERE ] updating countdown to 39617
[21:17:21.046] [SEVERE ] updating countdown to 39504
[21:17:21.158] [SEVERE ] updating countdown to 39392
[21:17:21.269] [SEVERE ] updating countdown to 39281
[21:17:21.381] [SEVERE ] updating countdown to 39169
[21:17:21.494] [SEVERE ] updating countdown to 39056
[21:17:21.605] [SEVERE ] updating countdown to 38945
[21:17:21.717] [SEVERE ] updating countdown to 38833
[21:17:21.831] [SEVERE ] updating countdown to 38719
[21:17:21.939] [SEVERE ] updating countdown to 38611
[21:17:22.054] [SEVERE ] updating countdown to 38496
[21:17:22.165] [SEVERE ] updating countdown to 38385
[21:17:22.278] [SEVERE ] updating countdown to 38272
[21:17:22.387] [SEVERE ] updating countdown to 38163
[21:17:22.502] [SEVERE ] updating countdown to 38048
[21:17:22.615] [SEVERE ] updating countdown to 37935
[21:17:22.728] [SEVERE ] updating countdown to 37822
[21:17:22.837] [SEVERE ] updating countdown to 37713
[21:17:22.950] [SEVERE ] updating countdown to 37600
[21:17:23.060] [SEVERE ] updating countdown to 37490
[21:17:23.174] [SEVERE ] updating countdown to 37376
[21:17:23.285] [SEVERE ] updating countdown to 37265
[21:17:23.397] [SEVERE ] updating countdown to 37153
[21:17:23.508] [SEVERE ] updating countdown to 37042
[21:17:23.621] [SEVERE ] updating countdown to 36929
[21:17:23.732] [SEVERE ] updating countdown to 36818
[21:17:23.845] [SEVERE ] updating countdown to 36705
[21:17:23.958] [SEVERE ] updating countdown to 36592
[21:17:24.068] [SEVERE ] updating countdown to 36482
[21:17:24.180] [SEVERE ] updating countdown to 36370
[21:17:24.292] [SEVERE ] updating countdown to 36258
[21:17:24.406] [SEVERE ] updating countdown to 36144
[21:17:24.518] [SEVERE ] updating countdown to 36032
[21:17:24.631] [SEVERE ] updating countdown to 35919
[21:17:24.742] [SEVERE ] updating countdown to 35808
[21:17:24.854] [SEVERE ] updating countdown to 35696
[21:17:24.966] [SEVERE ] updating countdown to 35584
[21:17:25.078] [SEVERE ] updating countdown to 35472
[21:17:25.188] [SEVERE ] updating countdown to 35362
[21:17:25.302] [SEVERE ] updating countdown to 35248
[21:17:25.402] [SEVERE ] updating countdown to 35148
[21:17:25.509] [SEVERE ] updating countdown to 35041
[21:17:25.622] [SEVERE ] updating countdown to 34928
[21:17:25.733] [SEVERE ] updating countdown to 34817
[21:17:25.846] [SEVERE ] updating countdown to 34704
[21:17:25.957] [SEVERE ] updating countdown to 34593
[21:17:26.069] [SEVERE ] updating countdown to 34481
[21:17:26.180] [SEVERE ] updating countdown to 34370
[21:17:26.292] [SEVERE ] updating countdown to 34258
[21:17:26.405] [SEVERE ] updating countdown to 34145
[21:17:26.517] [SEVERE ] updating countdown to 34033
[21:17:26.629] [SEVERE ] updating countdown to 33921
[21:17:26.746] [SEVERE ] updating countdown to 33804
[21:17:26.853] [SEVERE ] updating countdown to 33697
[21:17:26.966] [SEVERE ] updating countdown to 33584
[21:17:27.076] [SEVERE ] updating countdown to 33474
[21:17:27.190] [SEVERE ] updating countdown to 33360
[21:17:27.302] [SEVERE ] updating countdown to 33248
[21:17:27.412] [SEVERE ] updating countdown to 33138
[21:17:27.512] [SEVERE ] updating countdown to 33038
[21:17:27.620] [SEVERE ] updating countdown to 32930
[21:17:27.732] [SEVERE ] updating countdown to 32818
[21:17:27.845] [SEVERE ] updating countdown to 32705
[21:17:27.957] [SEVERE ] updating countdown to 32593
[21:17:28.067] [SEVERE ] updating countdown to 32483
[21:17:28.178] [SEVERE ] updating countdown to 32372
[21:17:28.293] [SEVERE ] updating countdown to 32257
[21:17:28.403] [SEVERE ] updating countdown to 32147
[21:17:28.517] [SEVERE ] updating countdown to 32033
[21:17:28.628] [SEVERE ] updating countdown to 31922
[21:17:28.732] [SEVERE ] updating countdown to 31818
[21:17:28.837] [SEVERE ] updating countdown to 31713
[21:17:28.950] [SEVERE ] updating countdown to 31600
[21:17:29.060] [SEVERE ] updating countdown to 31490
[21:17:29.173] [SEVERE ] updating countdown to 31377
[21:17:29.283] [SEVERE ] updating countdown to 31267
[21:17:29.397] [SEVERE ] updating countdown to 31153
[21:17:29.509] [SEVERE ] updating countdown to 31041
[21:17:29.622] [SEVERE ] updating countdown to 30928
[21:17:29.735] [SEVERE ] updating countdown to 30815
[21:17:29.846] [SEVERE ] updating countdown to 30704
[21:17:29.946] [SEVERE ] updating countdown to 30604
[21:17:30.053] [SEVERE ] updating countdown to 30497
[21:17:30.166] [SEVERE ] updating countdown to 30384
[21:17:30.276] [SEVERE ] updating countdown to 30274
[21:17:30.389] [SEVERE ] updating countdown to 30161
[21:17:30.501] [SEVERE ] updating countdown to 30049
[21:17:30.614] [SEVERE ] updating countdown to 29936
[21:17:30.726] [SEVERE ] updating countdown to 29824
[21:17:30.838] [SEVERE ] updating countdown to 29712
[21:17:30.952] [SEVERE ] updating countdown to 29598
[21:17:31.065] [SEVERE ] updating countdown to 29485
[21:17:31.172] [SEVERE ] updating countdown to 29378
[21:17:31.286] [SEVERE ] updating countdown to 29264
[21:17:31.398] [SEVERE ] updating countdown to 29152
[21:17:31.510] [SEVERE ] updating countdown to 29040
[21:17:31.621] [SEVERE ] updating countdown to 28929
[21:17:31.734] [SEVERE ] updating countdown to 28816
[21:17:31.846] [SEVERE ] updating countdown to 28704
[21:17:31.959] [SEVERE ] updating countdown to 28591
[21:17:32.070] [SEVERE ] updating countdown to 28480
[21:17:32.182] [SEVERE ] updating countdown to 28368
[21:17:32.293] [SEVERE ] updating countdown to 28257
[21:17:32.406] [SEVERE ] updating countdown to 28144
[21:17:32.518] [SEVERE ] updating countdown to 28032
[21:17:32.629] [SEVERE ] updating countdown to 27921
[21:17:32.730] [SEVERE ] updating countdown to 27820
[21:17:32.837] [SEVERE ] updating countdown to 27713
[21:17:32.949] [SEVERE ] updating countdown to 27601
[21:17:33.061] [SEVERE ] updating countdown to 27489
[21:17:33.174] [SEVERE ] updating countdown to 27376
[21:17:33.285] [SEVERE ] updating countdown to 27265
[21:17:33.398] [SEVERE ] updating countdown to 27152
[21:17:33.511] [SEVERE ] updating countdown to 27039
[21:17:33.621] [SEVERE ] updating countdown to 26929
[21:17:33.732] [SEVERE ] updating countdown to 26818
[21:17:33.845] [SEVERE ] updating countdown to 26705
[21:17:33.962] [SEVERE ] updating countdown to 26588
[21:17:34.069] [SEVERE ] updating countdown to 26481
[21:17:34.181] [SEVERE ] updating countdown to 26369
[21:17:34.293] [SEVERE ] updating countdown to 26257
[21:17:34.404] [SEVERE ] updating countdown to 26146
[21:17:34.516] [SEVERE ] updating countdown to 26034
[21:17:34.628] [SEVERE ] updating countdown to 25922
[21:17:34.741] [SEVERE ] updating countdown to 25809
[21:17:34.851] [SEVERE ] updating countdown to 25699
[21:17:34.964] [SEVERE ] updating countdown to 25586
[21:17:35.077] [SEVERE ] updating countdown to 25473
[21:17:35.189] [SEVERE ] updating countdown to 25361
[21:17:35.301] [SEVERE ] updating countdown to 25249
[21:17:35.413] [SEVERE ] updating countdown to 25137
[21:17:35.525] [SEVERE ] updating countdown to 25025
[21:17:35.637] [SEVERE ] updating countdown to 24913
[21:17:35.749] [SEVERE ] updating countdown to 24801
[21:17:35.862] [SEVERE ] updating countdown to 24688
[21:17:35.974] [SEVERE ] updating countdown to 24576
[21:17:36.084] [SEVERE ] updating countdown to 24466
[21:17:36.198] [SEVERE ] updating countdown to 24352
[21:17:36.309] [SEVERE ] updating countdown to 24241
[21:17:36.363] [SEVERE ] key 83 was pressed by player 1
[21:17:36.370] [SEVERE ] player 1 placing token on slot 5
[21:17:36.421] [SEVERE ] updating countdown to 24129
[21:17:36.535] [SEVERE ] updating countdown to 24015
[21:17:36.645] [SEVERE ] updating countdown to 23905
[21:17:36.746] [SEVERE ] updating countdown to 23804
[21:17:36.854] [SEVERE ] updating countdown to 23696
[21:17:36.965] [SEVERE ] updating countdown to 23585
[21:17:37.078] [SEVERE ] updating countdown to 23472
[21:17:37.189] [SEVERE ] updating countdown to 23361
[21:17:37.301] [SEVERE ] updating countdown to 23249
[21:17:37.413] [SEVERE ] updating countdown to 23137
[21:17:37.526] [SEVERE ] updating countdown to 23024
[21:17:37.637] [SEVERE ] updating countdown to 22913
[21:17:37.750] [SEVERE ] updating countdown to 22800
[21:17:37.861] [SEVERE ] updating countdown to 22689
[21:17:37.974] [SEVERE ] updating countdown to 22576
[21:17:38.085] [SEVERE ] updating countdown to 22465
[21:17:38.197] [SEVERE ] updating countdown to 22353
[21:17:38.309] [SEVERE ] updating countdown to 22241
[21:17:38.422] [SEVERE ] updating countdown to 22128
[21:17:38.532] [SEVERE ] updating countdown to 22018
[21:17:38.645] [SEVERE ] updating countdown to 21905
[21:17:38.758] [SEVERE ] updating countdown to 21792
[21:17:38.870] [SEVERE ] updating countdown to 21680
[21:17:38.980] [SEVERE ] updating countdown to 21570
[21:17:39.092] [SEVERE ] updating countdown to 21458
[21:17:39.203] [SEVERE ] updating countdown to 21347
[21:17:39.322] [SEVERE ] updating countdown to 21228
[21:17:39.430] [SEVERE ] updating countdown to 21120
[21:17:39.541] [SEVERE ] updating countdown to 21009
[21:17:39.653] [SEVERE ] updating countdown to 20897
[21:17:39.763] [SEVERE ] updating countdown to 20787
[21:17:39.877] [SEVERE ] updating countdown to 20673
[21:17:39.988] [SEVERE ] updating countdown to 20562
[21:17:40.101] [SEVERE ] updating countdown to 20449
[21:17:40.213] [SEVERE ] updating countdown to 20337
[21:17:40.325] [SEVERE ] updating countdown to 20225
[21:17:40.437] [SEVERE ] updating countdown to 20113
[21:17:40.549] [SEVERE ] updating countdown to 20001
[21:17:40.660] [SEVERE ] updating countdown to 19890
[21:17:40.772] [SEVERE ] updating countdown to 19778
[21:17:40.882] [SEVERE ] updating countdown to 19668
[21:17:40.997] [SEVERE ] updating countdown to 19553
[21:17:41.112] [SEVERE ] updating countdown to 19438
[21:17:41.222] [SEVERE ] updating countdown to 19328
[21:17:41.331] [SEVERE ] updating countdown to 19219
[21:17:41.446] [SEVERE ] updating countdown to 19104
[21:17:41.558] [SEVERE ] updating countdown to 18992
[21:17:41.669] [SEVERE ] updating countdown to 18881
[21:17:41.781] [SEVERE ] updating countdown to 18769
[21:17:41.892] [SEVERE ] updating countdown to 18658
[21:17:42.005] [SEVERE ] updating countdown to 18545
[21:17:42.116] [SEVERE ] updating countdown to 18434
[21:17:42.229] [SEVERE ] updating countdown to 18321
[21:17:42.332] [SEVERE ] updating countdown to 18218
[21:17:42.436] [SEVERE ] updating countdown to 18114
[21:17:42.548] [SEVERE ] updating countdown to 18002
[21:17:42.661] [SEVERE ] updating countdown to 17889
[21:17:42.774] [SEVERE ] updating countdown to 17776
[21:17:42.885] [SEVERE ] updating countdown to 17665
[21:17:42.997] [SEVERE ] updating countdown to 17553
[21:17:43.109] [SEVERE ] updating countdown to 17441
[21:17:43.221] [SEVERE ] updating countdown to 17329
[21:17:43.332] [SEVERE ] updating countdown to 17218
[21:17:43.446] [SEVERE ] updating countdown to 17104
[21:17:43.556] [SEVERE ] updating countdown to 16994
[21:17:43.668] [SEVERE ] updating countdown to 16882
[21:17:43.782] [SEVERE ] updating countdown to 16768
[21:17:43.895] [SEVERE ] updating countdown to 16655
[21:17:44.006] [SEVERE ] updating countdown to 16544
[21:17:44.118] [SEVERE ] updating countdown to 16432
[21:17:44.231] [SEVERE ] updating countdown to 16319
[21:17:44.345] [SEVERE ] updating countdown to 16205
[21:17:44.452] [SEVERE ] updating countdown to 16098
[21:17:44.565] [SEVERE ] updating countdown to 15985
[21:17:44.676] [SEVERE ] updating countdown to 15874
[21:17:44.789] [SEVERE ] updating countdown to 15761
[21:17:44.901] [SEVERE ] updating countdown to 15649
[21:17:45.013] [SEVERE ] updating countdown to 15537
[21:17:45.125] [SEVERE ] updating countdown to 15425
[21:17:45.237] [SEVERE ] updating countdown to 15313
[21:17:45.348] [SEVERE ] updating countdown to 15202
[21:17:45.461] [SEVERE ] updating countdown to 15089
[21:17:45.573] [SEVERE ] updating countdown to 14977
[21:17:45.684] [SEVERE ] updating countdown to 14866
[21:17:45.797] [SEVERE ] updating countdown to 14753
[21:17:45.910] [SEVERE ] updating countdown to 14640
[21:17:46.021] [SEVERE ] updating countdown to 14529
[21:17:46.134] [SEVERE ] updating countdown to 14416
[21:17:46.245] [SEVERE ] updating countdown to 14305
[21:17:46.357] [SEVERE ] updating countdown to 14193
[21:17:46.467] [SEVERE ] updating countdown to 14083
[21:17:46.581] [SEVERE ] updating countdown to 13969
[21:17:46.692] [SEVERE ] updating countdown to 13858
[21:17:46.805] [SEVERE ] updating countdown to 13745
[21:17:46.917] [SEVERE ] updating countdown to 13633
[21:17:47.029] [SEVERE ] updating countdown to 13521
[21:17:47.140] [SEVERE ] updating countdown to 13410
[21:17:47.252] [SEVERE ] updating countdown to 13298
[21:17:47.366] [SEVERE ] updating countdown to 13184
[21:17:47.477] [SEVERE ] updating countdown to 13073
[21:17:47.590] [SEVERE ] updating countdown to 12960
[21:17:47.701] [SEVERE ] updating countdown to 12849
[21:17:47.813] [SEVERE ] updating countdown to 12737
[21:17:47.925] [SEVERE ] updating countdown to 12625
[21:17:48.037] [SEVERE ] updating countdown to 12513
[21:17:48.148] [SEVERE ] updating countdown to 12402
[21:17:48.261] [SEVERE ] updating countdown to 12289
[21:17:48.373] [SEVERE ] updating countdown to 12177
[21:17:48.484] [SEVERE ] updating countdown to 12066
[21:17:48.596] [SEVERE ] updating countdown to 11954
[21:17:48.712] [SEVERE ] updating countdown to 11838
[21:17:48.822] [SEVERE ] updating countdown to 11728
[21:17:48.933] [SEVERE ] updating countdown to 11617
[21:17:49.045] [SEVERE ] updating countdown to 11505
[21:17:49.159] [SEVERE ] updating countdown to 11391
[21:17:49.270] [SEVERE ] updating countdown to 11280
[21:17:49.382] [SEVERE ] updating countdown to 11168
[21:17:49.494] [SEVERE ] updating countdown to 11056
[21:17:49.606] [SEVERE ] updating countdown to 10944
[21:17:49.718] [SEVERE ] updating countdown to 10832
[21:17:49.831] [SEVERE ] updating countdown to 10719
[21:17:49.942] [SEVERE ] updating countdown to 10608
[21:17:50.052] [SEVERE ] updating countdown to 10498
[21:17:50.165] [SEVERE ] updating countdown to 10385
[21:17:50.277] [SEVERE ] updating countdown to 10273
[21:17:50.391] [SEVERE ] updating countdown to 10159
[21:17:50.502] [SEVERE ] updating countdown to 10048
[21:17:50.613] [SEVERE ] updating countdown to 9937
[21:17:50.727] [SEVERE ] updating countdown to 9823
[21:17:50.838] [SEVERE ] updating countdown to 9712
[21:17:50.948] [SEVERE ] updating countdown to 9602
[21:17:51.060] [SEVERE ] updating countdown to 9490
[21:17:51.173] [SEVERE ] updating countdown to 9377
[21:17:51.285] [SEVERE ] updating countdown to 9265
[21:17:51.396] [SEVERE ] updating countdown to 9154
[21:17:51.512] [SEVERE ] updating countdown to 9038
[21:17:51.621] [SEVERE ] updating countdown to 8929
[21:17:51.732] [SEVERE ] updating countdown to 8818
[21:17:51.845] [SEVERE ] updating countdown to 8705
[21:17:51.957] [SEVERE ] updating countdown to 8593
[21:17:52.068] [SEVERE ] updating countdown to 8482
[21:17:52.181] [SEVERE ] updating countdown to 8369
[21:17:52.294] [SEVERE ] updating countdown to 8256
[21:17:52.406] [SEVERE ] updating countdown to 8144
[21:17:52.517] [SEVERE ] updating countdown to 8033
[21:17:52.630] [SEVERE ] updating countdown to 7920
[21:17:52.747] [SEVERE ] updating countdown to 7803
[21:17:52.853] [SEVERE ] updating countdown to 7697
[21:17:52.966] [SEVERE ] updating countdown to 7584
[21:17:53.078] [SEVERE ] updating countdown to 7472
[21:17:53.190] [SEVERE ] updating countdown to 7360
[21:17:53.302] [SEVERE ] updating countdown to 7248
[21:17:53.413] [SEVERE ] updating countdown to 7137
[21:17:53.526] [SEVERE ] updating countdown to 7024
[21:17:53.638] [SEVERE ] updating countdown to 6912
[21:17:53.748] [SEVERE ] updating countdown to 6802
[21:17:53.862] [SEVERE ] updating countdown to 6688
[21:17:53.972] [SEVERE ] updating countdown to 6578
[21:17:54.084] [SEVERE ] updating countdown to 6466
[21:17:54.198] [SEVERE ] updating countdown to 6352
[21:17:54.310] [SEVERE ] updating countdown to 6240
[21:17:54.420] [SEVERE ] updating countdown to 6130
[21:17:54.533] [SEVERE ] updating countdown to 6017
[21:17:54.645] [SEVERE ] updating countdown to 5905
[21:17:54.759] [SEVERE ] updating countdown to 5791
[21:17:54.869] [SEVERE ] updating countdown to 5681
[21:17:54.982] [SEVERE ] updating countdown to 5568
[21:17:55.093] [SEVERE ] updating countdown to 5457
[21:17:55.206] [SEVERE ] updating countdown to 5344
[21:17:55.318] [SEVERE ] updating countdown to 5232
[21:17:55.430] [SEVERE ] updating countdown to 5120
[21:17:55.542] [SEVERE ] updating countdown to 5008
[21:18:34.658] [SEVERE ] updating countdown to 60000
[21:18:34.784] [SEVERE ] updating countdown to 59874
[21:18:34.923] [SEVERE ] updating countdown to 59735
[21:18:35.039] [SEVERE ] updating countdown to 59619
[21:18:35.173] [SEVERE ] updating countdown to 59486
[21:18:35.295] [SEVERE ] updating countdown to 59363
[21:18:35.410] [SEVERE ] updating countdown to 59248
[21:18:35.534] [SEVERE ] updating countdown to 59124
[21:18:35.659] [SEVERE ] updating countdown to 58999
[21:18:35.798] [SEVERE ] updating countdown to 58860
[21:18:35.923] [SEVERE ] updating countdown to 58735
[21:18:36.049] [SEVERE ] updating countdown to 58609
[21:18:36.175] [SEVERE ] updating countdown to 58483
[21:18:36.300] [SEVERE ] updating countdown to 58359
[21:18:36.425] [SEVERE ] updating countdown to 58233
[21:18:36.548] [SEVERE ] updating countdown to 58110
[21:18:36.687] [SEVERE ] updating countdown to 57971
[21:18:36.813] [SEVERE ] updating countdown to 57845
[21:18:36.954] [SEVERE ] updating countdown to 57704
[21:18:37.080] [SEVERE ] updating countdown to 57579
[21:18:37.222] [SEVERE ] updating countdown to 57436
[21:18:37.348] [SEVERE ] updating countdown to 57310
[21:18:37.473] [SEVERE ] updating countdown to 57185
[21:18:37.597] [SEVERE ] updating countdown to 57061
[21:18:37.720] [SEVERE ] updating countdown to 56938
[21:18:37.861] [SEVERE ] updating countdown to 56797
[21:18:38.001] [SEVERE ] updating countdown to 56657
[21:18:38.126] [SEVERE ] updating countdown to 56533
[21:18:38.249] [SEVERE ] updating countdown to 56409
[21:18:38.357] [SEVERE ] updating countdown to 56301
[21:18:38.479] [SEVERE ] updating countdown to 56179
[21:18:38.587] [SEVERE ] updating countdown to 56071
[21:18:38.710] [SEVERE ] updating countdown to 55948
[21:18:38.818] [SEVERE ] updating countdown to 55840
[21:18:38.927] [SEVERE ] updating countdown to 55731
[21:18:39.035] [SEVERE ] updating countdown to 55623
[21:18:39.142] [SEVERE ] updating countdown to 55516
[21:18:39.251] [SEVERE ] updating countdown to 55407
[21:18:39.360] [SEVERE ] updating countdown to 55298
[21:18:39.484] [SEVERE ] updating countdown to 55174
[21:18:39.594] [SEVERE ] updating countdown to 55064
[21:18:39.703] [SEVERE ] updating countdown to 54955
[21:18:39.812] [SEVERE ] updating countdown to 54846
[21:18:39.923] [SEVERE ] updating countdown to 54735
[21:18:40.032] [SEVERE ] updating countdown to 54626
[21:18:40.142] [SEVERE ] updating countdown to 54516
[21:18:40.249] [SEVERE ] updating countdown to 54409
[21:18:40.359] [SEVERE ] updating countdown to 54299
[21:18:40.468] [SEVERE ] updating countdown to 54190
[21:18:40.576] [SEVERE ] updating countdown to 54082
[21:18:40.684] [SEVERE ] updating countdown to 53974
[21:18:40.809] [SEVERE ] updating countdown to 53849
[21:18:40.920] [SEVERE ] updating countdown to 53738
[21:18:41.030] [SEVERE ] updating countdown to 53628
[21:18:41.139] [SEVERE ] updating countdown to 53519
[21:18:41.249] [SEVERE ] updating countdown to 53410
[21:18:41.356] [SEVERE ] updating countdown to 53302
[21:18:41.464] [SEVERE ] updating countdown to 53194
[21:18:41.572] [SEVERE ] updating countdown to 53086
[21:18:41.682] [SEVERE ] updating countdown to 52976
[21:18:41.792] [SEVERE ] updating countdown to 52866
[21:18:41.899] [SEVERE ] updating countdown to 52759
[21:18:42.010] [SEVERE ] updating countdown to 52648
[21:18:42.119] [SEVERE ] updating countdown to 52539
[21:18:42.242] [SEVERE ] updating countdown to 52416
[21:18:42.350] [SEVERE ] updating countdown to 52308
[21:18:42.459] [SEVERE ] updating countdown to 52199
[21:18:42.568] [SEVERE ] updating countdown to 52090
[21:18:42.677] [SEVERE ] updating countdown to 51981
[21:18:42.800] [SEVERE ] updating countdown to 51858
[21:18:42.910] [SEVERE ] updating countdown to 51748
[21:18:43.021] [SEVERE ] updating countdown to 51637
[21:18:43.129] [SEVERE ] updating countdown to 51529
[21:18:43.239] [SEVERE ] updating countdown to 51419
[21:18:43.348] [SEVERE ] updating countdown to 51310
[21:18:43.455] [SEVERE ] updating countdown to 51203
[21:18:43.564] [SEVERE ] updating countdown to 51094
[21:18:43.675] [SEVERE ] updating countdown to 50983
[21:18:43.784] [SEVERE ] updating countdown to 50874
[21:18:43.892] [SEVERE ] updating countdown to 50766
[21:18:44.014] [SEVERE ] updating countdown to 50644
[21:18:44.121] [SEVERE ] updating countdown to 50537
[21:18:44.228] [SEVERE ] updating countdown to 50430
[21:18:44.336] [SEVERE ] updating countdown to 50322
[21:18:44.445] [SEVERE ] updating countdown to 50213
[21:18:44.552] [SEVERE ] updating countdown to 50106
[21:18:44.676] [SEVERE ] updating countdown to 49982
[21:18:44.797] [SEVERE ] updating countdown to 49861
[21:18:44.919] [SEVERE ] updating countdown to 49739
[21:18:45.043] [SEVERE ] updating countdown to 49615
[21:18:45.165] [SEVERE ] updating countdown to 49493
[21:18:45.288] [SEVERE ] updating countdown to 49370
[21:18:45.397] [SEVERE ] updating countdown to 49261
[21:18:45.507] [SEVERE ] updating countdown to 49151
[21:18:45.616] [SEVERE ] updating countdown to 49042
[21:18:45.725] [SEVERE ] updating countdown to 48933
[21:18:45.834] [SEVERE ] updating countdown to 48824
[21:18:45.942] [SEVERE ] updating countdown to 48716
[21:18:46.063] [SEVERE ] updating countdown to 48595
[21:18:46.172] [SEVERE ] updating countdown to 48486
[21:18:46.281] [SEVERE ] updating countdown to 48377
[21:18:46.402] [SEVERE ] updating countdown to 48256
[21:18:46.510] [SEVERE ] updating countdown to 48148
[21:18:46.619] [SEVERE ] updating countdown to 48039
[21:18:46.727] [SEVERE ] updating countdown to 47931
[21:18:46.836] [SEVERE ] updating countdown to 47822
[21:18:46.959] [SEVERE ] updating countdown to 47699
[21:18:47.068] [SEVERE ] updating countdown to 47590
[21:18:47.192] [SEVERE ] updating countdown to 47466
[21:18:47.315] [SEVERE ] updating countdown to 47343
[21:18:47.440] [SEVERE ] updating countdown to 47218
[21:18:47.564] [SEVERE ] updating countdown to 47094
[21:18:47.672] [SEVERE ] updating countdown to 46986
[21:18:47.781] [SEVERE ] updating countdown to 46877
[21:18:47.890] [SEVERE ] updating countdown to 46768
[21:18:48.015] [SEVERE ] updating countdown to 46643
[21:18:48.124] [SEVERE ] updating countdown to 46534
[21:18:48.234] [SEVERE ] updating countdown to 46424
[21:18:48.342] [SEVERE ] updating countdown to 46316
