[17:41:17.396] [INFO   ] thread main starting.
[17:41:17.401] [SEVERE ] cannot read configuration file config.properties trying from resources.
[17:41:17.410] [SEVERE ] configuration file was loaded from resources directory.
[17:41:18.135] [INFO   ] thread player 0 starting.
[17:41:18.135] [INFO   ] thread player 1 starting.
[17:41:18.135] [INFO   ] thread player 0 starting.
[17:41:18.136] [INFO   ] thread player 1 starting.
[17:41:18.135] [INFO   ] thread dealer starting.
[17:41:18.138] [INFO   ] thread dealer starting.
[17:41:18.263] [SEVERE ] placing card 0 in slot 0
[17:41:18.381] [SEVERE ] placing card 1 in slot 1
[17:41:18.498] [SEVERE ] placing card 2 in slot 2
[17:41:18.614] [SEVERE ] placing card 3 in slot 3
[17:41:18.730] [SEVERE ] placing card 4 in slot 4
[17:41:18.832] [SEVERE ] placing card 5 in slot 5
[17:41:18.942] [SEVERE ] placing card 6 in slot 6
[17:41:19.052] [SEVERE ] placing card 7 in slot 7
[17:41:19.159] [SEVERE ] placing card 8 in slot 8
[17:41:19.269] [SEVERE ] placing card 9 in slot 9
[17:41:19.375] [SEVERE ] placing card 10 in slot 10
[17:41:19.484] [SEVERE ] placing card 11 in slot 11
[17:41:19.495] [SEVERE ] updating countdown to 60000
[17:41:19.609] [SEVERE ] updating countdown to 59886
[17:41:19.717] [SEVERE ] updating countdown to 59778
[17:41:19.826] [SEVERE ] updating countdown to 59669
[17:41:19.934] [SEVERE ] updating countdown to 59561
[17:41:20.048] [SEVERE ] updating countdown to 59447
[17:41:20.163] [SEVERE ] updating countdown to 59332
[17:41:20.276] [SEVERE ] updating countdown to 59219
[17:41:20.387] [SEVERE ] updating countdown to 59108
[17:41:20.498] [SEVERE ] updating countdown to 58997
[17:41:20.612] [SEVERE ] updating countdown to 58883
[17:41:20.724] [SEVERE ] updating countdown to 58771
[17:41:20.830] [SEVERE ] updating countdown to 58665
[17:41:20.932] [SEVERE ] updating countdown to 58563
[17:41:21.043] [SEVERE ] updating countdown to 58452
[17:41:21.150] [SEVERE ] updating countdown to 58345
[17:41:21.264] [SEVERE ] updating countdown to 58231
[17:41:21.381] [SEVERE ] updating countdown to 58114
[17:41:21.482] [SEVERE ] updating countdown to 58013
[17:41:21.589] [SEVERE ] updating countdown to 57906
[17:41:21.701] [SEVERE ] updating countdown to 57794
[17:41:21.812] [SEVERE ] updating countdown to 57683
[17:41:21.928] [SEVERE ] updating countdown to 57567
[17:41:22.037] [SEVERE ] updating countdown to 57458
[17:41:22.147] [SEVERE ] updating countdown to 57348
[17:41:22.249] [SEVERE ] updating countdown to 57246
[17:41:22.365] [SEVERE ] updating countdown to 57131
[17:41:22.480] [SEVERE ] updating countdown to 57015
[17:41:22.581] [SEVERE ] updating countdown to 56914
[17:41:22.682] [SEVERE ] updating countdown to 56813
[17:41:22.798] [SEVERE ] updating countdown to 56697
[17:41:22.899] [SEVERE ] updating countdown to 56596
[17:41:23.014] [SEVERE ] updating countdown to 56481
[17:41:23.114] [SEVERE ] updating countdown to 56381
[17:41:23.216] [SEVERE ] updating countdown to 56279
[17:41:23.328] [SEVERE ] updating countdown to 56167
[17:41:23.429] [SEVERE ] updating countdown to 56066
[17:41:23.530] [SEVERE ] updating countdown to 55965
[17:41:23.631] [SEVERE ] updating countdown to 55864
[17:41:23.748] [SEVERE ] updating countdown to 55747
[17:41:23.848] [SEVERE ] updating countdown to 55647
[17:41:23.948] [SEVERE ] updating countdown to 55547
[17:41:24.064] [SEVERE ] updating countdown to 55431
[17:41:24.166] [SEVERE ] updating countdown to 55329
[17:41:24.281] [SEVERE ] updating countdown to 55214
[17:41:24.382] [SEVERE ] updating countdown to 55113
[17:41:24.498] [SEVERE ] updating countdown to 54997
[17:41:24.614] [SEVERE ] updating countdown to 54881
[17:41:24.724] [SEVERE ] updating countdown to 54771
[17:41:24.831] [SEVERE ] updating countdown to 54664
[17:41:24.946] [SEVERE ] updating countdown to 54549
[17:41:25.048] [SEVERE ] updating countdown to 54447
[17:41:25.149] [SEVERE ] updating countdown to 54346
[17:41:25.264] [SEVERE ] updating countdown to 54231
[17:41:25.365] [SEVERE ] updating countdown to 54130
[17:41:25.480] [SEVERE ] updating countdown to 54015
[17:41:25.581] [SEVERE ] updating countdown to 53914
[17:41:25.685] [SEVERE ] updating countdown to 53810
[17:41:25.794] [SEVERE ] updating countdown to 53701
[17:41:25.900] [SEVERE ] updating countdown to 53595
[17:41:26.013] [SEVERE ] updating countdown to 53482
[17:41:26.116] [SEVERE ] updating countdown to 53379
[17:41:26.218] [SEVERE ] updating countdown to 53277
[17:41:26.331] [SEVERE ] updating countdown to 53164
[17:41:26.435] [SEVERE ] updating countdown to 53060
[17:41:26.549] [SEVERE ] updating countdown to 52946
[17:41:26.660] [SEVERE ] updating countdown to 52835
[17:41:26.774] [SEVERE ] updating countdown to 52721
[17:41:26.866] [SEVERE ] key 81 was pressed by player 1
[17:41:26.866] [SEVERE ] player 1 placing token on slot 0
[17:41:26.883] [SEVERE ] updating countdown to 52612
[17:41:26.996] [SEVERE ] updating countdown to 52499
[17:41:27.007] [SEVERE ] key 87 was pressed by player 1
[17:41:27.007] [SEVERE ] player 1 placing token on slot 1
[17:41:27.106] [SEVERE ] updating countdown to 52389
[17:41:27.142] [SEVERE ] key 69 was pressed by player 1
[17:41:27.142] [SEVERE ] player 1 placing token on slot 2
[17:41:27.215] [SEVERE ] updating countdown to 52280
[17:41:27.316] [SEVERE ] updating countdown to 52179
[17:41:27.428] [SEVERE ] updating countdown to 52067
[17:41:27.538] [SEVERE ] updating countdown to 51957
[17:41:27.651] [SEVERE ] updating countdown to 51844
[17:41:27.740] [SEVERE ] key 69 was pressed by player 1
[17:41:27.764] [SEVERE ] updating countdown to 51731
[17:41:27.874] [SEVERE ] updating countdown to 51621
[17:41:27.939] [SEVERE ] key 81 was pressed by player 1
[17:41:27.957] [SEVERE ] key 87 was pressed by player 1
[17:41:27.987] [SEVERE ] updating countdown to 51508
[17:41:28.089] [SEVERE ] updating countdown to 51406
[17:41:28.195] [SEVERE ] updating countdown to 51300
[17:41:28.259] [SEVERE ] key 87 was pressed by player 1
[17:41:28.275] [SEVERE ] key 81 was pressed by player 1
[17:41:28.306] [SEVERE ] updating countdown to 51189
[17:41:28.309] [SEVERE ] key 69 was pressed by player 1
[17:41:28.418] [SEVERE ] updating countdown to 51077
[17:41:28.479] [SEVERE ] key 81 was pressed by player 1
[17:41:28.531] [SEVERE ] updating countdown to 50964
[17:41:28.549] [SEVERE ] key 69 was pressed by player 1
[17:41:28.643] [SEVERE ] updating countdown to 50852
[17:41:28.708] [SEVERE ] key 81 was pressed by player 1
[17:41:28.755] [SEVERE ] updating countdown to 50740
[17:41:28.780] [SEVERE ] key 87 was pressed by player 1
[17:41:28.805] [SEVERE ] key 69 was pressed by player 1
[17:41:28.866] [SEVERE ] updating countdown to 50629
[17:41:28.949] [SEVERE ] key 81 was pressed by player 1
[17:41:28.962] [SEVERE ] key 87 was pressed by player 1
[17:41:28.980] [SEVERE ] updating countdown to 50515
[17:41:29.035] [SEVERE ] key 69 was pressed by player 1
[17:41:29.090] [SEVERE ] updating countdown to 50405
[17:41:29.189] [SEVERE ] key 69 was pressed by player 1
[17:41:29.204] [SEVERE ] updating countdown to 50291
[17:41:29.315] [SEVERE ] updating countdown to 50180
[17:41:29.419] [SEVERE ] key 81 was pressed by player 1
[17:41:29.426] [SEVERE ] updating countdown to 50069
[17:41:29.439] [SEVERE ] key 87 was pressed by player 1
[17:41:29.537] [SEVERE ] updating countdown to 49958
[17:41:29.542] [SEVERE ] key 69 was pressed by player 1
[17:41:29.651] [SEVERE ] updating countdown to 49844
[17:41:29.762] [SEVERE ] updating countdown to 49733
[17:41:29.789] [SEVERE ] key 69 was pressed by player 1
[17:41:29.869] [SEVERE ] updating countdown to 49626
[17:41:29.958] [SEVERE ] key 81 was pressed by player 1
[17:41:29.970] [SEVERE ] updating countdown to 49525
[17:41:29.983] [SEVERE ] key 87 was pressed by player 1
[17:41:30.083] [SEVERE ] updating countdown to 49412
[17:41:30.194] [SEVERE ] key 81 was pressed by player 1
[17:41:30.197] [SEVERE ] updating countdown to 49298
[17:41:30.239] [SEVERE ] key 87 was pressed by player 1
[17:41:30.307] [SEVERE ] updating countdown to 49188
[17:41:30.420] [SEVERE ] updating countdown to 49075
[17:41:30.533] [SEVERE ] updating countdown to 48962
[17:41:30.643] [SEVERE ] updating countdown to 48852
[17:41:30.745] [SEVERE ] updating countdown to 48750
[17:41:30.852] [SEVERE ] updating countdown to 48643
[17:41:30.963] [SEVERE ] updating countdown to 48532
[17:41:31.077] [SEVERE ] updating countdown to 48418
[17:41:31.182] [SEVERE ] updating countdown to 48313
[17:41:31.284] [SEVERE ] updating countdown to 48212
[17:41:31.395] [SEVERE ] updating countdown to 48100
[17:41:31.509] [SEVERE ] updating countdown to 47986
[17:41:31.616] [SEVERE ] updating countdown to 47879
[17:41:31.731] [SEVERE ] updating countdown to 47764
[17:41:31.832] [SEVERE ] updating countdown to 47663
[17:41:31.947] [SEVERE ] updating countdown to 47548
[17:41:32.048] [SEVERE ] updating countdown to 47447
[17:41:32.162] [SEVERE ] updating countdown to 47333
[17:41:32.265] [SEVERE ] updating countdown to 47230
[17:41:32.381] [SEVERE ] updating countdown to 47114
[17:41:32.481] [SEVERE ] updating countdown to 47014
[17:41:32.591] [SEVERE ] updating countdown to 46904
[17:41:32.702] [SEVERE ] updating countdown to 46793
[17:41:32.809] [SEVERE ] updating countdown to 46686
[17:41:32.915] [SEVERE ] updating countdown to 46580
[17:41:33.015] [SEVERE ] updating countdown to 46480
[17:41:33.130] [SEVERE ] updating countdown to 46365
[17:41:33.232] [SEVERE ] updating countdown to 46263
[17:41:33.347] [SEVERE ] updating countdown to 46148
[17:41:33.451] [SEVERE ] updating countdown to 46044
[17:41:33.564] [SEVERE ] updating countdown to 45931
[17:41:33.669] [SEVERE ] updating countdown to 45826
[17:41:33.772] [SEVERE ] updating countdown to 45723
[17:41:33.882] [SEVERE ] updating countdown to 45613
[17:41:33.984] [SEVERE ] updating countdown to 45511
[17:41:34.090] [SEVERE ] updating countdown to 45405
[17:41:34.196] [SEVERE ] updating countdown to 45299
[17:41:34.311] [SEVERE ] updating countdown to 45184
[17:41:34.416] [SEVERE ] updating countdown to 45080
[17:41:34.518] [SEVERE ] updating countdown to 44977
[17:41:34.631] [SEVERE ] updating countdown to 44864
[17:41:34.734] [SEVERE ] updating countdown to 44761
[17:41:34.837] [SEVERE ] updating countdown to 44658
[17:41:34.949] [SEVERE ] updating countdown to 44546
[17:41:35.060] [SEVERE ] updating countdown to 44435
[17:41:35.170] [SEVERE ] updating countdown to 44325
[17:41:35.281] [SEVERE ] updating countdown to 44214
[17:41:35.397] [SEVERE ] updating countdown to 44098
[17:41:35.506] [SEVERE ] updating countdown to 43989
[17:41:35.609] [SEVERE ] updating countdown to 43886
[17:41:35.714] [SEVERE ] updating countdown to 43781
[17:41:35.829] [SEVERE ] updating countdown to 43666
[17:41:35.939] [SEVERE ] updating countdown to 43556
[17:41:36.050] [SEVERE ] updating countdown to 43445
[17:41:36.164] [SEVERE ] updating countdown to 43331
[17:41:36.274] [SEVERE ] updating countdown to 43221
[17:41:36.386] [SEVERE ] updating countdown to 43109
[17:41:36.499] [SEVERE ] updating countdown to 42996
[17:41:36.611] [SEVERE ] updating countdown to 42884
[17:41:36.722] [SEVERE ] updating countdown to 42773
[17:41:36.836] [SEVERE ] updating countdown to 42659
[17:41:36.947] [SEVERE ] updating countdown to 42548
[17:41:37.060] [SEVERE ] updating countdown to 42435
[17:41:37.172] [SEVERE ] updating countdown to 42323
[17:41:37.283] [SEVERE ] updating countdown to 42212
[17:41:37.393] [SEVERE ] updating countdown to 42102
[17:41:37.507] [SEVERE ] updating countdown to 41988
[17:41:37.620] [SEVERE ] updating countdown to 41875
[17:41:37.731] [SEVERE ] updating countdown to 41764
[17:41:37.843] [SEVERE ] updating countdown to 41652
[17:41:37.955] [SEVERE ] updating countdown to 41540
[17:41:38.069] [SEVERE ] updating countdown to 41426
[17:41:38.179] [SEVERE ] updating countdown to 41316
[17:41:38.279] [SEVERE ] updating countdown to 41216
[17:41:38.389] [SEVERE ] updating countdown to 41106
[17:41:38.500] [SEVERE ] updating countdown to 40995
[17:41:38.611] [SEVERE ] updating countdown to 40884
[17:41:38.724] [SEVERE ] updating countdown to 40771
[17:41:38.834] [SEVERE ] updating countdown to 40661
[17:41:38.947] [SEVERE ] updating countdown to 40548
[17:41:39.059] [SEVERE ] updating countdown to 40436
[17:41:39.167] [SEVERE ] updating countdown to 40328
[17:41:39.270] [SEVERE ] updating countdown to 40225
[17:41:39.381] [SEVERE ] updating countdown to 40114
[17:41:39.482] [SEVERE ] updating countdown to 40013
[17:41:39.583] [SEVERE ] updating countdown to 39912
[17:41:39.698] [SEVERE ] updating countdown to 39797
[17:41:39.799] [SEVERE ] updating countdown to 39696
[17:41:39.901] [SEVERE ] updating countdown to 39594
[17:41:40.015] [SEVERE ] updating countdown to 39480
[17:41:40.117] [SEVERE ] updating countdown to 39378
[17:41:40.228] [SEVERE ] updating countdown to 39267
[17:41:40.341] [SEVERE ] updating countdown to 39154
[17:41:40.451] [SEVERE ] updating countdown to 39044
[17:41:40.563] [SEVERE ] updating countdown to 38932
[17:41:40.631] [SEVERE ] exit button pressed
[17:41:40.631] [INFO   ] thread player 1 terminated.
[17:41:40.675] [SEVERE ] updating countdown to 38820
[17:41:40.786] [SEVERE ] updating countdown to 38709
[17:41:40.898] [SEVERE ] updating countdown to 38597
[17:41:40.999] [SEVERE ] updating countdown to 38496
[17:41:41.109] [SEVERE ] updating countdown to 38386
[17:41:41.221] [SEVERE ] updating countdown to 38274
[17:41:41.332] [SEVERE ] updating countdown to 38163
[17:41:41.444] [SEVERE ] updating countdown to 38051
[17:41:41.557] [SEVERE ] updating countdown to 37938
[17:41:41.669] [SEVERE ] updating countdown to 37826
[17:41:41.779] [SEVERE ] updating countdown to 37716
[17:41:41.893] [SEVERE ] updating countdown to 37602
[17:41:42.005] [SEVERE ] updating countdown to 37490
[17:41:42.116] [SEVERE ] updating countdown to 37379
[17:41:42.227] [SEVERE ] updating countdown to 37268
[17:41:42.339] [SEVERE ] updating countdown to 37156
[17:41:42.454] [SEVERE ] updating countdown to 37041
[17:41:42.564] [SEVERE ] updating countdown to 36931
[17:41:42.676] [SEVERE ] updating countdown to 36819
[17:41:42.787] [SEVERE ] updating countdown to 36708
[17:41:42.895] [SEVERE ] updating countdown to 36600
[17:41:42.997] [SEVERE ] updating countdown to 36498
[17:41:43.108] [SEVERE ] updating countdown to 36387
[17:41:43.215] [SEVERE ] updating countdown to 36280
[17:41:43.316] [SEVERE ] updating countdown to 36179
[17:41:43.428] [SEVERE ] updating countdown to 36067
[17:41:43.530] [SEVERE ] updating countdown to 35965
[17:41:43.633] [SEVERE ] updating countdown to 35862
[17:41:43.744] [SEVERE ] updating countdown to 35751
