[18:06:12.102] [INFO   ] thread main starting.
[18:06:12.108] [SEVERE ] cannot read configuration file config.properties trying from resources.
[18:06:12.110] [SEVERE ] configuration file was loaded from resources directory.
[18:06:12.546] [INFO   ] thread dealer starting.
[18:06:12.547] [INFO   ] thread player 0 starting.
[18:06:12.547] [INFO   ] thread dealer starting.
[18:06:12.549] [INFO   ] thread player 1 starting.
[18:06:12.549] [INFO   ] thread player 0 starting.
[18:06:12.549] [INFO   ] thread player 1 starting.
[18:06:12.656] [SEVERE ] placing card 0 in slot 0
[18:06:12.763] [SEVERE ] placing card 1 in slot 1
[18:06:12.870] [SEVERE ] placing card 2 in slot 2
[18:06:12.977] [SEVERE ] placing card 3 in slot 3
[18:06:13.084] [SEVERE ] placing card 4 in slot 4
[18:06:13.191] [SEVERE ] placing card 5 in slot 5
[18:06:13.298] [SEVERE ] placing card 6 in slot 6
[18:06:13.406] [SEVERE ] placing card 7 in slot 7
[18:06:13.514] [SEVERE ] placing card 8 in slot 8
[18:06:13.621] [SEVERE ] placing card 9 in slot 9
[18:06:13.729] [SEVERE ] placing card 10 in slot 10
[18:06:13.837] [SEVERE ] placing card 11 in slot 11
[18:06:13.846] [SEVERE ] updating countdown to 60000
[18:06:13.959] [SEVERE ] updating countdown to 59887
[18:06:14.066] [SEVERE ] updating countdown to 59780
[18:06:14.177] [SEVERE ] updating countdown to 59669
[18:06:14.285] [SEVERE ] updating countdown to 59561
[18:06:14.394] [SEVERE ] updating countdown to 59452
[18:06:14.502] [SEVERE ] updating countdown to 59344
[18:06:14.611] [SEVERE ] updating countdown to 59235
[18:06:14.720] [SEVERE ] updating countdown to 59126
[18:06:14.828] [SEVERE ] updating countdown to 59018
[18:06:14.937] [SEVERE ] updating countdown to 58909
[18:06:15.046] [SEVERE ] updating countdown to 58800
[18:06:15.153] [SEVERE ] updating countdown to 58693
[18:06:15.260] [SEVERE ] updating countdown to 58586
[18:06:15.368] [SEVERE ] updating countdown to 58478
[18:06:15.477] [SEVERE ] updating countdown to 58369
[18:06:15.585] [SEVERE ] updating countdown to 58261
[18:06:15.695] [SEVERE ] updating countdown to 58151
[18:06:15.803] [SEVERE ] updating countdown to 58043
[18:06:15.844] [SEVERE ] key 81 was pressed by player 1
[18:06:15.844] [SEVERE ] player 1 placing token on slot 0
[18:06:15.911] [SEVERE ] updating countdown to 57935
[18:06:16.019] [SEVERE ] updating countdown to 57827
[18:06:16.128] [SEVERE ] updating countdown to 57718
[18:06:16.236] [SEVERE ] updating countdown to 57610
[18:06:16.346] [SEVERE ] updating countdown to 57500
[18:06:16.456] [SEVERE ] updating countdown to 57390
[18:06:16.565] [SEVERE ] updating countdown to 57281
[18:06:16.675] [SEVERE ] updating countdown to 57171
[18:06:16.681] [SEVERE ] key 87 was pressed by player 1
[18:06:16.682] [SEVERE ] player 1 placing token on slot 1
[18:06:16.783] [SEVERE ] updating countdown to 57063
[18:06:16.892] [SEVERE ] updating countdown to 56954
[18:06:17.001] [SEVERE ] updating countdown to 56845
[18:06:17.109] [SEVERE ] updating countdown to 56737
[18:06:17.216] [SEVERE ] updating countdown to 56630
[18:06:17.306] [SEVERE ] key 69 was pressed by player 1
[18:06:17.306] [SEVERE ] player 1 placing token on slot 2
[18:06:17.326] [SEVERE ] updating countdown to 56520
[18:06:17.326] [SEVERE ] updating countdown to 56520
[18:06:17.326] [SEVERE ] setting player 1 freeze to 1000
[18:06:17.327] [SEVERE ] setting player 1 score to 1
[18:06:17.327] [SEVERE ] setting player 1 score to 2
[18:06:17.327] [SEVERE ] updating countdown to 60000
[18:06:17.649] [SEVERE ] removing player 1 token from slot 0
[18:06:17.649] [SEVERE ] removing player 1 token from slot 1
[18:06:17.649] [SEVERE ] removing player 1 token from slot 2
[18:06:17.756] [SEVERE ] updating countdown to 59571
[18:06:17.865] [SEVERE ] updating countdown to 59462
[18:06:17.973] [SEVERE ] updating countdown to 59354
[18:06:18.083] [SEVERE ] updating countdown to 59245
[18:06:18.191] [SEVERE ] updating countdown to 59136
[18:06:18.301] [SEVERE ] updating countdown to 59026
[18:06:18.408] [SEVERE ] updating countdown to 58919
[18:06:18.517] [SEVERE ] updating countdown to 58810
[18:06:18.625] [SEVERE ] updating countdown to 58702
[18:06:18.734] [SEVERE ] updating countdown to 58593
[18:06:18.843] [SEVERE ] updating countdown to 58484
[18:06:18.951] [SEVERE ] updating countdown to 58376
[18:06:19.060] [SEVERE ] updating countdown to 58267
[18:06:19.168] [SEVERE ] updating countdown to 58159
[18:06:19.277] [SEVERE ] updating countdown to 58050
[18:06:19.384] [SEVERE ] updating countdown to 57943
[18:06:19.493] [SEVERE ] updating countdown to 57834
[18:06:19.603] [SEVERE ] updating countdown to 57724
[18:06:19.709] [SEVERE ] updating countdown to 57618
[18:06:19.817] [SEVERE ] updating countdown to 57510
[18:06:19.926] [SEVERE ] updating countdown to 57401
[18:06:20.036] [SEVERE ] updating countdown to 57291
[18:06:20.145] [SEVERE ] updating countdown to 57182
[18:06:20.253] [SEVERE ] updating countdown to 57074
[18:06:20.360] [SEVERE ] updating countdown to 56967
[18:06:20.470] [SEVERE ] updating countdown to 56857
[18:06:20.581] [SEVERE ] updating countdown to 56746
[18:06:20.689] [SEVERE ] updating countdown to 56638
[18:06:20.799] [SEVERE ] updating countdown to 56528
[18:06:20.909] [SEVERE ] updating countdown to 56418
[18:06:21.017] [SEVERE ] updating countdown to 56310
[18:06:21.126] [SEVERE ] updating countdown to 56201
[18:06:21.235] [SEVERE ] updating countdown to 56092
[18:06:21.344] [SEVERE ] updating countdown to 55983
[18:06:21.454] [SEVERE ] updating countdown to 55873
[18:06:21.562] [SEVERE ] updating countdown to 55765
[18:06:21.671] [SEVERE ] updating countdown to 55656
[18:06:21.780] [SEVERE ] updating countdown to 55547
[18:06:21.886] [SEVERE ] updating countdown to 55441
[18:06:21.994] [SEVERE ] updating countdown to 55333
[18:06:22.102] [SEVERE ] updating countdown to 55225
[18:06:22.208] [SEVERE ] updating countdown to 55119
[18:06:22.315] [SEVERE ] updating countdown to 55012
[18:06:22.426] [SEVERE ] updating countdown to 54901
[18:06:22.534] [SEVERE ] updating countdown to 54793
[18:06:22.644] [SEVERE ] updating countdown to 54683
[18:06:22.753] [SEVERE ] updating countdown to 54574
[18:06:22.861] [SEVERE ] updating countdown to 54466
[18:06:22.868] [SEVERE ] key 81 was pressed by player 1
[18:06:22.868] [SEVERE ] player 1 placing token on slot 0
[18:06:22.970] [SEVERE ] updating countdown to 54357
[18:06:23.079] [SEVERE ] updating countdown to 54248
[18:06:23.189] [SEVERE ] updating countdown to 54138
[18:06:23.226] [SEVERE ] key 87 was pressed by player 1
[18:06:23.226] [SEVERE ] player 1 placing token on slot 1
[18:06:23.299] [SEVERE ] updating countdown to 54028
[18:06:23.406] [SEVERE ] updating countdown to 53921
[18:06:23.514] [SEVERE ] updating countdown to 53813
[18:06:23.567] [SEVERE ] key 69 was pressed by player 1
[18:06:23.567] [SEVERE ] player 1 placing token on slot 2
[18:06:23.625] [SEVERE ] updating countdown to 53702
[18:06:23.735] [SEVERE ] updating countdown to 53592
[18:06:23.844] [SEVERE ] updating countdown to 53483
[18:06:23.954] [SEVERE ] updating countdown to 53373
[18:06:24.062] [SEVERE ] updating countdown to 53265
[18:06:24.172] [SEVERE ] updating countdown to 53155
[18:06:24.280] [SEVERE ] updating countdown to 53047
[18:06:24.389] [SEVERE ] updating countdown to 52938
[18:06:24.497] [SEVERE ] updating countdown to 52830
[18:06:24.606] [SEVERE ] updating countdown to 52721
[18:06:24.635] [SEVERE ] key 69 was pressed by player 1
[18:06:24.716] [SEVERE ] updating countdown to 52611
[18:06:24.823] [SEVERE ] updating countdown to 52504
[18:06:24.877] [SEVERE ] key 87 was pressed by player 1
[18:06:24.933] [SEVERE ] updating countdown to 52394
[18:06:25.042] [SEVERE ] updating countdown to 52285
[18:06:25.152] [SEVERE ] updating countdown to 52175
[18:06:25.221] [SEVERE ] key 81 was pressed by player 1
[18:06:25.261] [SEVERE ] updating countdown to 52066
[18:06:25.369] [SEVERE ] updating countdown to 51958
[18:06:25.478] [SEVERE ] updating countdown to 51849
[18:06:25.526] [SEVERE ] key 87 was pressed by player 1
[18:06:25.587] [SEVERE ] updating countdown to 51740
[18:06:25.697] [SEVERE ] updating countdown to 51630
[18:06:25.746] [SEVERE ] key 69 was pressed by player 1
[18:06:25.806] [SEVERE ] updating countdown to 51521
[18:06:25.914] [SEVERE ] updating countdown to 51413
[18:06:25.938] [SEVERE ] key 81 was pressed by player 1
[18:06:26.023] [SEVERE ] updating countdown to 51304
[18:06:26.127] [SEVERE ] key 69 was pressed by player 1
[18:06:26.131] [SEVERE ] updating countdown to 51196
[18:06:26.151] [SEVERE ] key 87 was pressed by player 1
[18:06:26.238] [SEVERE ] updating countdown to 51089
[18:06:26.258] [SEVERE ] key 69 was pressed by player 1
[18:06:26.346] [SEVERE ] updating countdown to 50981
[18:06:26.385] [SEVERE ] key 81 was pressed by player 1
[18:06:26.394] [SEVERE ] key 87 was pressed by player 1
[18:06:26.453] [SEVERE ] updating countdown to 50874
[18:06:26.506] [SEVERE ] key 69 was pressed by player 1
[18:06:26.561] [SEVERE ] updating countdown to 50766
[18:06:26.659] [SEVERE ] key 87 was pressed by player 1
[18:06:26.668] [SEVERE ] updating countdown to 50659
[18:06:26.669] [SEVERE ] key 81 was pressed by player 1
[18:06:26.777] [SEVERE ] updating countdown to 50550
[18:06:26.784] [SEVERE ] key 69 was pressed by player 1
[18:06:26.885] [SEVERE ] updating countdown to 50442
[18:06:26.930] [SEVERE ] key 81 was pressed by player 1
[18:06:26.944] [SEVERE ] key 87 was pressed by player 1
[18:06:26.993] [SEVERE ] updating countdown to 50334
[18:06:27.085] [SEVERE ] key 69 was pressed by player 1
[18:06:27.103] [SEVERE ] updating countdown to 50224
[18:06:27.209] [SEVERE ] updating countdown to 50118
[18:06:27.216] [SEVERE ] key 81 was pressed by player 1
[18:06:27.234] [SEVERE ] key 87 was pressed by player 1
[18:06:27.316] [SEVERE ] updating countdown to 50011
[18:06:27.383] [SEVERE ] key 69 was pressed by player 1
[18:06:27.426] [SEVERE ] updating countdown to 49901
[18:06:27.534] [SEVERE ] key 87 was pressed by player 1
[18:06:27.535] [SEVERE ] updating countdown to 49792
[18:06:27.644] [SEVERE ] updating countdown to 49683
[18:06:27.674] [SEVERE ] key 69 was pressed by player 1
[18:06:27.753] [SEVERE ] updating countdown to 49574
[18:06:27.797] [SEVERE ] key 81 was pressed by player 1
[18:06:27.806] [SEVERE ] key 87 was pressed by player 1
[18:06:27.861] [SEVERE ] updating countdown to 49466
[18:06:27.933] [SEVERE ] key 69 was pressed by player 1
[18:06:27.971] [SEVERE ] updating countdown to 49356
[18:06:28.081] [SEVERE ] updating countdown to 49246
[18:06:28.120] [SEVERE ] key 81 was pressed by player 1
[18:06:28.176] [SEVERE ] key 87 was pressed by player 1
[18:06:28.190] [SEVERE ] updating countdown to 49137
[18:06:28.216] [SEVERE ] key 69 was pressed by player 1
[18:06:28.298] [SEVERE ] updating countdown to 49029
[18:06:28.383] [SEVERE ] key 87 was pressed by player 1
[18:06:28.393] [SEVERE ] key 81 was pressed by player 1
[18:06:28.406] [SEVERE ] updating countdown to 48921
[18:06:28.515] [SEVERE ] updating countdown to 48812
[18:06:28.520] [SEVERE ] key 69 was pressed by player 1
[18:06:28.621] [SEVERE ] updating countdown to 48706
[18:06:28.651] [SEVERE ] key 81 was pressed by player 1
[18:06:28.729] [SEVERE ] updating countdown to 48598
[18:06:28.741] [SEVERE ] key 87 was pressed by player 1
[18:06:28.777] [SEVERE ] key 69 was pressed by player 1
[18:06:28.838] [SEVERE ] updating countdown to 48489
[18:06:28.948] [SEVERE ] updating countdown to 48379
[18:06:28.955] [SEVERE ] key 81 was pressed by player 1
[18:06:28.963] [SEVERE ] key 87 was pressed by player 1
[18:06:29.055] [SEVERE ] updating countdown to 48272
[18:06:29.162] [SEVERE ] updating countdown to 48165
[18:06:29.270] [SEVERE ] updating countdown to 48057
[18:06:29.340] [SEVERE ] key 81 was pressed by player 1
[18:06:29.380] [SEVERE ] updating countdown to 47947
[18:06:29.431] [SEVERE ] key 87 was pressed by player 1
[18:06:29.488] [SEVERE ] updating countdown to 47839
[18:06:29.567] [SEVERE ] key 69 was pressed by player 1
[18:06:29.595] [SEVERE ] updating countdown to 47732
[18:06:29.705] [SEVERE ] updating countdown to 47622
[18:06:29.813] [SEVERE ] updating countdown to 47514
[18:06:29.919] [SEVERE ] updating countdown to 47408
[18:06:29.967] [SEVERE ] key 69 was pressed by player 1
[18:06:30.026] [SEVERE ] updating countdown to 47301
[18:06:30.057] [SEVERE ] key 87 was pressed by player 1
[18:06:30.134] [SEVERE ] updating countdown to 47193
[18:06:30.243] [SEVERE ] updating countdown to 47084
[18:06:30.250] [SEVERE ] key 81 was pressed by player 1
[18:06:30.353] [SEVERE ] updating countdown to 46974
[18:06:30.462] [SEVERE ] updating countdown to 46865
[18:06:30.546] [SEVERE ] key 81 was pressed by player 1
[18:06:30.569] [SEVERE ] updating countdown to 46758
[18:06:30.647] [SEVERE ] key 87 was pressed by player 1
[18:06:30.679] [SEVERE ] updating countdown to 46648
[18:06:30.789] [SEVERE ] updating countdown to 46538
[18:06:30.812] [SEVERE ] key 69 was pressed by player 1
[18:06:30.897] [SEVERE ] updating countdown to 46430
[18:06:31.008] [SEVERE ] updating countdown to 46319
[18:06:31.116] [SEVERE ] updating countdown to 46211
[18:06:31.166] [SEVERE ] key 87 was pressed by player 1
[18:06:31.226] [SEVERE ] updating countdown to 46101
[18:06:31.334] [SEVERE ] updating countdown to 45993
[18:06:31.354] [SEVERE ] key 81 was pressed by player 1
[18:06:31.443] [SEVERE ] updating countdown to 45884
[18:06:31.552] [SEVERE ] updating countdown to 45775
[18:06:31.661] [SEVERE ] updating countdown to 45666
[18:06:31.728] [SEVERE ] key 81 was pressed by player 1
[18:06:31.770] [SEVERE ] updating countdown to 45557
[18:06:31.818] [SEVERE ] key 87 was pressed by player 1
[18:06:31.878] [SEVERE ] updating countdown to 45449
[18:06:31.972] [SEVERE ] key 69 was pressed by player 1
[18:06:31.985] [SEVERE ] updating countdown to 45342
[18:06:32.095] [SEVERE ] updating countdown to 45232
[18:06:32.203] [SEVERE ] updating countdown to 45124
[18:06:32.263] [SEVERE ] key 69 was pressed by player 1
[18:06:32.309] [SEVERE ] updating countdown to 45018
[18:06:32.374] [SEVERE ] key 87 was pressed by player 1
[18:06:32.418] [SEVERE ] updating countdown to 44909
[18:06:32.527] [SEVERE ] updating countdown to 44800
[18:06:32.609] [SEVERE ] key 81 was pressed by player 1
[18:06:32.634] [SEVERE ] updating countdown to 44693
[18:06:32.741] [SEVERE ] updating countdown to 44586
[18:06:32.850] [SEVERE ] updating countdown to 44477
[18:06:32.923] [SEVERE ] key 81 was pressed by player 1
[18:06:32.959] [SEVERE ] updating countdown to 44368
[18:06:33.065] [SEVERE ] updating countdown to 44262
[18:06:33.071] [SEVERE ] key 87 was pressed by player 1
[18:06:33.148] [SEVERE ] key 69 was pressed by player 1
[18:06:33.173] [SEVERE ] updating countdown to 44154
[18:06:33.281] [SEVERE ] updating countdown to 44046
[18:06:33.389] [SEVERE ] updating countdown to 43938
[18:06:33.497] [SEVERE ] updating countdown to 43830
[18:06:33.521] [SEVERE ] key 69 was pressed by player 1
[18:06:33.605] [SEVERE ] updating countdown to 43722
[18:06:33.666] [SEVERE ] key 87 was pressed by player 1
[18:06:33.714] [SEVERE ] updating countdown to 43613
[18:06:33.821] [SEVERE ] updating countdown to 43506
[18:06:33.895] [SEVERE ] key 81 was pressed by player 1
[18:06:33.931] [SEVERE ] updating countdown to 43396
[18:06:34.038] [SEVERE ] updating countdown to 43289
[18:06:34.148] [SEVERE ] updating countdown to 43179
[18:06:34.258] [SEVERE ] updating countdown to 43069
[18:06:34.304] [SEVERE ] key 81 was pressed by player 1
[18:06:34.366] [SEVERE ] updating countdown to 42961
[18:06:34.418] [SEVERE ] key 87 was pressed by player 1
[18:06:34.476] [SEVERE ] updating countdown to 42851
[18:06:34.551] [SEVERE ] key 69 was pressed by player 1
[18:06:34.584] [SEVERE ] updating countdown to 42743
[18:06:34.693] [SEVERE ] updating countdown to 42634
[18:06:34.801] [SEVERE ] updating countdown to 42526
[18:06:34.889] [SEVERE ] key 69 was pressed by player 1
[18:06:34.909] [SEVERE ] updating countdown to 42418
[18:06:35.006] [SEVERE ] key 87 was pressed by player 1
[18:06:35.016] [SEVERE ] updating countdown to 42311
[18:06:35.125] [SEVERE ] updating countdown to 42202
[18:06:35.223] [SEVERE ] key 81 was pressed by player 1
[18:06:35.228] [SEVERE ] updating countdown to 42099
[18:06:35.341] [SEVERE ] updating countdown to 41986
[18:06:35.453] [SEVERE ] updating countdown to 41874
[18:06:35.550] [SEVERE ] key 81 was pressed by player 1
[18:06:35.564] [SEVERE ] updating countdown to 41763
[18:06:35.662] [SEVERE ] key 87 was pressed by player 1
[18:06:35.677] [SEVERE ] updating countdown to 41650
[18:06:35.788] [SEVERE ] updating countdown to 41539
[18:06:35.823] [SEVERE ] key 69 was pressed by player 1
[18:06:35.899] [SEVERE ] updating countdown to 41428
[18:06:36.012] [SEVERE ] updating countdown to 41315
[18:06:36.125] [SEVERE ] updating countdown to 41202
[18:06:36.132] [SEVERE ] key 69 was pressed by player 1
[18:06:36.223] [SEVERE ] key 87 was pressed by player 1
[18:06:36.236] [SEVERE ] updating countdown to 41091
[18:06:36.348] [SEVERE ] updating countdown to 40979
[18:06:36.461] [SEVERE ] updating countdown to 40866
[18:06:36.463] [SEVERE ] key 81 was pressed by player 1
[18:06:36.572] [SEVERE ] updating countdown to 40755
[18:06:36.683] [SEVERE ] updating countdown to 40644
[18:06:36.797] [SEVERE ] updating countdown to 40530
[18:06:36.912] [SEVERE ] updating countdown to 40415
[18:06:37.019] [SEVERE ] updating countdown to 40308
[18:06:37.133] [SEVERE ] updating countdown to 40194
[18:06:37.245] [SEVERE ] updating countdown to 40082
[18:06:37.356] [SEVERE ] updating countdown to 39971
[18:06:37.468] [SEVERE ] updating countdown to 39859
[18:06:37.579] [SEVERE ] updating countdown to 39748
[18:06:37.692] [SEVERE ] updating countdown to 39635
[18:06:37.802] [SEVERE ] updating countdown to 39525
[18:06:37.917] [SEVERE ] updating countdown to 39410
[18:06:38.029] [SEVERE ] updating countdown to 39298
[18:06:38.143] [SEVERE ] updating countdown to 39184
[18:06:38.252] [SEVERE ] updating countdown to 39075
[18:06:38.364] [SEVERE ] updating countdown to 38963
[18:06:38.478] [SEVERE ] updating countdown to 38849
[18:06:38.589] [SEVERE ] updating countdown to 38738
[18:06:38.701] [SEVERE ] updating countdown to 38626
[18:06:38.812] [SEVERE ] updating countdown to 38515
[18:06:38.925] [SEVERE ] updating countdown to 38402
[18:06:39.036] [SEVERE ] updating countdown to 38291
[18:06:39.120] [SEVERE ] exit button pressed
[18:06:39.120] [INFO   ] thread player 1 terminated.
[18:06:39.120] [INFO   ] thread player 0 terminated.
[18:06:39.151] [SEVERE ] updating countdown to 38176
[18:06:39.258] [SEVERE ] updating countdown to 38069
[18:06:39.373] [SEVERE ] updating countdown to 37954
[18:06:39.484] [SEVERE ] updating countdown to 37843
[18:06:39.599] [SEVERE ] updating countdown to 37728
[18:06:39.709] [SEVERE ] updating countdown to 37618
[18:06:39.821] [SEVERE ] updating countdown to 37506
[18:06:39.932] [SEVERE ] updating countdown to 37395
[18:06:40.046] [SEVERE ] updating countdown to 37281
[18:06:40.160] [SEVERE ] updating countdown to 37167
[18:06:40.270] [SEVERE ] updating countdown to 37057
[18:06:40.387] [SEVERE ] updating countdown to 36940
[18:06:40.496] [SEVERE ] updating countdown to 36831
[18:06:40.605] [SEVERE ] updating countdown to 36722
[18:06:40.716] [SEVERE ] updating countdown to 36611
[18:06:40.831] [SEVERE ] updating countdown to 36496
[18:06:40.942] [SEVERE ] updating countdown to 36385
[18:06:41.056] [SEVERE ] updating countdown to 36271
[18:06:41.173] [SEVERE ] updating countdown to 36154
[18:06:41.278] [SEVERE ] updating countdown to 36049
[18:06:41.389] [SEVERE ] updating countdown to 35938
[18:06:41.500] [SEVERE ] updating countdown to 35827
[18:06:41.612] [SEVERE ] updating countdown to 35715
[18:06:41.725] [SEVERE ] updating countdown to 35602
[18:06:41.837] [SEVERE ] updating countdown to 35490
[18:06:41.950] [SEVERE ] updating countdown to 35377
[18:06:42.052] [SEVERE ] updating countdown to 35275
[18:06:42.159] [SEVERE ] updating countdown to 35168
[18:06:42.273] [SEVERE ] updating countdown to 35054
[18:06:42.382] [SEVERE ] updating countdown to 34945
[18:06:42.492] [SEVERE ] updating countdown to 34835
[18:06:42.606] [SEVERE ] updating countdown to 34721
[18:06:42.721] [SEVERE ] updating countdown to 34606
[18:06:42.830] [SEVERE ] updating countdown to 34497
[18:06:42.942] [SEVERE ] updating countdown to 34385
[18:06:43.053] [SEVERE ] updating countdown to 34274
[18:06:43.167] [SEVERE ] updating countdown to 34160
[18:06:43.278] [SEVERE ] updating countdown to 34049
[18:06:43.392] [SEVERE ] updating countdown to 33935
[18:06:43.502] [SEVERE ] updating countdown to 33825
[18:06:43.612] [SEVERE ] updating countdown to 33715
[18:06:43.726] [SEVERE ] updating countdown to 33601
[18:06:43.838] [SEVERE ] updating countdown to 33489
[18:06:43.951] [SEVERE ] updating countdown to 33376
[18:06:44.060] [SEVERE ] updating countdown to 33267
[18:06:44.173] [SEVERE ] updating countdown to 33154
[18:06:44.286] [SEVERE ] updating countdown to 33041
[18:06:44.403] [SEVERE ] updating countdown to 32924
[18:06:44.511] [SEVERE ] updating countdown to 32816
[18:06:44.621] [SEVERE ] updating countdown to 32706
[18:06:44.738] [SEVERE ] updating countdown to 32589
[18:06:44.861] [SEVERE ] updating countdown to 32466
[18:06:44.972] [SEVERE ] updating countdown to 32355
[18:06:45.085] [SEVERE ] updating countdown to 32242
[18:06:45.198] [SEVERE ] updating countdown to 32129
[18:06:45.308] [SEVERE ] updating countdown to 32019
[18:06:45.423] [SEVERE ] updating countdown to 31904
[18:06:45.533] [SEVERE ] updating countdown to 31794
[18:06:45.646] [SEVERE ] updating countdown to 31681
[18:06:45.755] [SEVERE ] updating countdown to 31572
[18:06:45.869] [SEVERE ] updating countdown to 31458
[18:06:45.984] [SEVERE ] updating countdown to 31343
[18:06:46.090] [SEVERE ] updating countdown to 31237
[18:06:46.192] [SEVERE ] updating countdown to 31135
[18:06:46.307] [SEVERE ] updating countdown to 31020
[18:06:46.408] [SEVERE ] updating countdown to 30919
[18:06:46.510] [SEVERE ] updating countdown to 30817
[18:06:46.621] [SEVERE ] updating countdown to 30706
[18:06:46.736] [SEVERE ] updating countdown to 30591
[18:06:46.847] [SEVERE ] updating countdown to 30480
[18:06:46.958] [SEVERE ] updating countdown to 30369
[18:06:47.059] [SEVERE ] updating countdown to 30268
[18:06:47.160] [SEVERE ] updating countdown to 30167
[18:06:47.260] [SEVERE ] updating countdown to 30067
[18:06:47.360] [SEVERE ] updating countdown to 29967
[18:06:47.476] [SEVERE ] updating countdown to 29851
[18:06:47.583] [SEVERE ] updating countdown to 29744
[18:06:47.693] [SEVERE ] updating countdown to 29634
[18:06:47.798] [SEVERE ] updating countdown to 29529
[18:06:47.908] [SEVERE ] updating countdown to 29419
[18:06:48.023] [SEVERE ] updating countdown to 29304
[18:06:48.126] [SEVERE ] updating countdown to 29201
[18:06:48.227] [SEVERE ] updating countdown to 29100
[18:06:48.329] [SEVERE ] updating countdown to 28998
[18:06:48.431] [SEVERE ] updating countdown to 28896
[18:06:48.547] [SEVERE ] updating countdown to 28780
[18:06:48.659] [SEVERE ] updating countdown to 28668
[18:06:48.760] [SEVERE ] updating countdown to 28567
[18:06:48.876] [SEVERE ] updating countdown to 28451
[18:06:48.990] [SEVERE ] updating countdown to 28337
[18:06:49.103] [SEVERE ] updating countdown to 28224
[18:06:49.208] [SEVERE ] updating countdown to 28119
[18:06:49.308] [SEVERE ] updating countdown to 28019
[18:06:49.421] [SEVERE ] updating countdown to 27906
[18:06:49.533] [SEVERE ] updating countdown to 27794
[18:06:49.647] [SEVERE ] updating countdown to 27680
[18:06:49.759] [SEVERE ] updating countdown to 27568
[18:06:49.872] [SEVERE ] updating countdown to 27455
[18:06:49.976] [SEVERE ] updating countdown to 27351
[18:06:50.078] [SEVERE ] updating countdown to 27249
[18:06:50.188] [SEVERE ] updating countdown to 27139
[18:06:50.300] [SEVERE ] updating countdown to 27027
[18:06:50.402] [SEVERE ] updating countdown to 26925
[18:06:50.509] [SEVERE ] updating countdown to 26818
[18:06:50.616] [SEVERE ] updating countdown to 26711
[18:06:50.716] [SEVERE ] updating countdown to 26611
[18:06:50.823] [SEVERE ] updating countdown to 26504
[18:06:50.924] [SEVERE ] updating countdown to 26403
[18:06:51.038] [SEVERE ] updating countdown to 26289
[18:06:51.141] [SEVERE ] updating countdown to 26186
[18:06:51.247] [SEVERE ] updating countdown to 26080
[18:06:51.360] [SEVERE ] updating countdown to 25967
