[21:03:39.316] [INFO   ] thread main starting.
[21:03:39.323] [SEVERE ] cannot read configuration file config.properties trying from resources.
[21:03:39.326] [SEVERE ] configuration file was loaded from resources directory.
[21:03:39.833] [INFO   ] thread dealer starting.
[21:03:39.834] [INFO   ] thread dealer starting.
[21:03:39.835] [INFO   ] thread player 0 starting.
[21:03:39.836] [INFO   ] thread player 1 starting.
[21:03:39.836] [INFO   ] thread player 0 starting.
[21:03:39.837] [INFO   ] thread player 1 starting.
[21:03:39.953] [SEVERE ] placing card 20 in slot 0
[21:03:40.062] [SEVERE ] placing card 36 in slot 1
[21:03:40.171] [SEVERE ] placing card 66 in slot 2
[21:03:40.279] [SEVERE ] placing card 52 in slot 3
[21:03:40.387] [SEVERE ] placing card 21 in slot 4
[21:03:40.494] [SEVERE ] placing card 63 in slot 5
[21:03:40.603] [SEVERE ] placing card 75 in slot 6
[21:03:40.711] [SEVERE ] placing card 72 in slot 7
[21:03:40.820] [SEVERE ] placing card 67 in slot 8
[21:03:40.928] [SEVERE ] placing card 13 in slot 9
[21:03:41.037] [SEVERE ] placing card 14 in slot 10
[21:03:41.143] [SEVERE ] placing card 53 in slot 11
[21:03:41.153] [SEVERE ] updating countdown to 60000
[21:03:41.254] [SEVERE ] updating countdown to 59899
[21:03:41.361] [SEVERE ] updating countdown to 59792
[21:03:41.468] [SEVERE ] updating countdown to 59685
[21:03:41.576] [SEVERE ] updating countdown to 59577
[21:03:41.684] [SEVERE ] updating countdown to 59469
[21:03:41.792] [SEVERE ] updating countdown to 59361
[21:03:41.898] [SEVERE ] updating countdown to 59255
[21:03:42.007] [SEVERE ] updating countdown to 59146
[21:03:42.117] [SEVERE ] updating countdown to 59036
[21:03:42.224] [SEVERE ] updating countdown to 58929
[21:03:42.332] [SEVERE ] updating countdown to 58821
[21:03:42.441] [SEVERE ] updating countdown to 58712
[21:03:42.548] [SEVERE ] updating countdown to 58605
[21:03:42.658] [SEVERE ] updating countdown to 58495
[21:03:42.767] [SEVERE ] updating countdown to 58386
[21:03:42.877] [SEVERE ] updating countdown to 58276
[21:03:42.986] [SEVERE ] updating countdown to 58167
[21:03:43.095] [SEVERE ] updating countdown to 58058
[21:03:43.202] [SEVERE ] updating countdown to 57951
[21:03:43.310] [SEVERE ] updating countdown to 57843
[21:03:43.417] [SEVERE ] updating countdown to 57736
[21:03:43.525] [SEVERE ] updating countdown to 57628
[21:03:43.633] [SEVERE ] updating countdown to 57520
[21:03:43.739] [SEVERE ] updating countdown to 57414
[21:03:43.848] [SEVERE ] updating countdown to 57305
[21:03:43.955] [SEVERE ] updating countdown to 57198
[21:03:44.064] [SEVERE ] updating countdown to 57089
[21:03:44.173] [SEVERE ] updating countdown to 56980
[21:03:44.281] [SEVERE ] updating countdown to 56872
[21:03:44.390] [SEVERE ] updating countdown to 56763
[21:03:44.497] [SEVERE ] updating countdown to 56656
[21:03:44.607] [SEVERE ] updating countdown to 56546
[21:03:44.715] [SEVERE ] updating countdown to 56438
[21:03:44.822] [SEVERE ] updating countdown to 56331
[21:03:44.931] [SEVERE ] updating countdown to 56222
[21:03:45.041] [SEVERE ] updating countdown to 56112
[21:03:45.149] [SEVERE ] updating countdown to 56004
[21:03:45.256] [SEVERE ] updating countdown to 55897
[21:03:45.362] [SEVERE ] updating countdown to 55791
[21:03:45.469] [SEVERE ] updating countdown to 55684
[21:03:45.579] [SEVERE ] updating countdown to 55574
[21:03:45.687] [SEVERE ] updating countdown to 55466
[21:03:45.796] [SEVERE ] updating countdown to 55357
[21:03:45.906] [SEVERE ] updating countdown to 55248
[21:03:46.015] [SEVERE ] updating countdown to 55138
[21:03:46.124] [SEVERE ] updating countdown to 55029
[21:03:46.232] [SEVERE ] updating countdown to 54921
[21:03:46.340] [SEVERE ] updating countdown to 54813
[21:03:46.448] [SEVERE ] updating countdown to 54705
[21:03:46.555] [SEVERE ] updating countdown to 54598
[21:03:46.663] [SEVERE ] updating countdown to 54490
[21:03:46.770] [SEVERE ] updating countdown to 54383
[21:03:46.879] [SEVERE ] updating countdown to 54274
[21:03:46.991] [SEVERE ] updating countdown to 54162
[21:03:47.101] [SEVERE ] updating countdown to 54052
[21:03:47.209] [SEVERE ] updating countdown to 53944
[21:03:47.317] [SEVERE ] updating countdown to 53836
[21:03:47.388] [SEVERE ] key 69 was pressed by player 1
[21:03:47.388] [SEVERE ] player 1 placing token on slot 2
[21:03:47.396] [SEVERE ] key 81 was pressed by player 1
[21:03:47.396] [SEVERE ] player 1 placing token on slot 0
[21:03:47.397] [SEVERE ] key 87 was pressed by player 1
[21:03:47.397] [SEVERE ] player 1 placing token on slot 1
[21:03:47.424] [SEVERE ] updating countdown to 53729
[21:03:47.425] [SEVERE ] updating countdown to 53728
[21:03:47.425] [SEVERE ] setting player 1 freeze to 1000
[21:03:47.426] [SEVERE ] setting player 1 score to 1
[21:03:47.426] [SEVERE ] setting player 1 score to 2
[21:03:47.427] [SEVERE ] setting player 1 freeze to 3000
[21:03:47.532] [SEVERE ] updating countdown to 53621
[21:03:47.639] [SEVERE ] updating countdown to 53514
[21:03:47.746] [SEVERE ] updating countdown to 53407
[21:03:47.855] [SEVERE ] updating countdown to 53298
[21:03:47.963] [SEVERE ] updating countdown to 53190
[21:03:48.071] [SEVERE ] updating countdown to 53082
[21:03:48.179] [SEVERE ] updating countdown to 52974
[21:03:48.287] [SEVERE ] updating countdown to 52866
[21:03:48.396] [SEVERE ] updating countdown to 52757
[21:03:48.505] [SEVERE ] updating countdown to 52648
[21:03:48.616] [SEVERE ] updating countdown to 52537
[21:03:48.723] [SEVERE ] updating countdown to 52430
[21:03:48.830] [SEVERE ] updating countdown to 52323
[21:03:48.940] [SEVERE ] updating countdown to 52213
[21:03:49.050] [SEVERE ] updating countdown to 52103
[21:03:49.157] [SEVERE ] updating countdown to 51996
[21:03:49.267] [SEVERE ] updating countdown to 51886
[21:03:49.374] [SEVERE ] updating countdown to 51779
[21:03:49.483] [SEVERE ] updating countdown to 51670
[21:03:49.589] [SEVERE ] updating countdown to 51564
[21:03:49.699] [SEVERE ] updating countdown to 51454
[21:03:49.806] [SEVERE ] updating countdown to 51347
[21:03:49.915] [SEVERE ] updating countdown to 51238
[21:03:50.024] [SEVERE ] updating countdown to 51129
[21:03:50.132] [SEVERE ] updating countdown to 51021
[21:03:50.242] [SEVERE ] updating countdown to 50911
[21:03:50.352] [SEVERE ] updating countdown to 50801
[21:03:50.463] [SEVERE ] updating countdown to 50690
[21:03:50.571] [SEVERE ] updating countdown to 50582
[21:03:50.678] [SEVERE ] updating countdown to 50475
[21:03:50.785] [SEVERE ] updating countdown to 50368
[21:03:50.893] [SEVERE ] updating countdown to 50260
[21:03:51.003] [SEVERE ] updating countdown to 50150
[21:03:51.109] [SEVERE ] updating countdown to 50044
[21:03:51.218] [SEVERE ] updating countdown to 49935
[21:03:51.326] [SEVERE ] updating countdown to 49827
[21:03:51.433] [SEVERE ] updating countdown to 49720
[21:03:51.542] [SEVERE ] updating countdown to 49611
[21:03:51.653] [SEVERE ] updating countdown to 49500
[21:03:51.762] [SEVERE ] updating countdown to 49391
[21:03:51.871] [SEVERE ] updating countdown to 49282
[21:03:51.983] [SEVERE ] updating countdown to 49170
[21:03:52.091] [SEVERE ] updating countdown to 49062
[21:03:52.198] [SEVERE ] updating countdown to 48955
[21:03:52.306] [SEVERE ] updating countdown to 48847
[21:03:52.415] [SEVERE ] updating countdown to 48738
[21:03:52.522] [SEVERE ] updating countdown to 48631
[21:03:52.631] [SEVERE ] updating countdown to 48522
[21:03:52.739] [SEVERE ] updating countdown to 48414
[21:03:52.848] [SEVERE ] updating countdown to 48305
[21:03:52.957] [SEVERE ] updating countdown to 48196
[21:03:53.066] [SEVERE ] updating countdown to 48087
[21:03:53.175] [SEVERE ] updating countdown to 47978
[21:03:53.284] [SEVERE ] updating countdown to 47869
[21:03:53.392] [SEVERE ] updating countdown to 47761
[21:03:53.501] [SEVERE ] updating countdown to 47652
[21:03:53.608] [SEVERE ] updating countdown to 47545
[21:03:53.717] [SEVERE ] updating countdown to 47436
[21:03:53.824] [SEVERE ] updating countdown to 47329
[21:03:53.933] [SEVERE ] updating countdown to 47220
[21:03:54.040] [SEVERE ] updating countdown to 47113
[21:03:54.148] [SEVERE ] updating countdown to 47005
[21:03:54.257] [SEVERE ] updating countdown to 46896
[21:03:54.364] [SEVERE ] updating countdown to 46789
[21:03:54.474] [SEVERE ] updating countdown to 46679
[21:03:54.582] [SEVERE ] updating countdown to 46571
[21:03:54.691] [SEVERE ] updating countdown to 46462
[21:03:54.798] [SEVERE ] updating countdown to 46355
[21:03:54.908] [SEVERE ] updating countdown to 46245
[21:03:55.016] [SEVERE ] updating countdown to 46137
[21:03:55.126] [SEVERE ] updating countdown to 46027
[21:03:55.234] [SEVERE ] updating countdown to 45919
[21:03:55.342] [SEVERE ] updating countdown to 45811
[21:03:55.450] [SEVERE ] updating countdown to 45703
[21:03:55.556] [SEVERE ] updating countdown to 45597
[21:03:55.665] [SEVERE ] updating countdown to 45488
[21:03:55.772] [SEVERE ] updating countdown to 45381
[21:03:55.878] [SEVERE ] updating countdown to 45275
[21:03:55.987] [SEVERE ] updating countdown to 45166
[21:03:56.095] [SEVERE ] updating countdown to 45058
[21:03:56.202] [SEVERE ] updating countdown to 44951
[21:03:56.311] [SEVERE ] updating countdown to 44842
[21:03:56.421] [SEVERE ] updating countdown to 44732
[21:03:56.527] [SEVERE ] updating countdown to 44626
[21:03:56.634] [SEVERE ] updating countdown to 44519
[21:03:56.743] [SEVERE ] updating countdown to 44410
[21:03:56.851] [SEVERE ] updating countdown to 44302
[21:03:56.959] [SEVERE ] updating countdown to 44194
[21:03:57.066] [SEVERE ] updating countdown to 44087
[21:03:57.174] [SEVERE ] updating countdown to 43979
[21:03:57.282] [SEVERE ] updating countdown to 43871
[21:03:57.391] [SEVERE ] updating countdown to 43762
[21:03:57.502] [SEVERE ] updating countdown to 43651
[21:03:57.610] [SEVERE ] updating countdown to 43543
[21:03:57.717] [SEVERE ] updating countdown to 43436
[21:03:57.824] [SEVERE ] updating countdown to 43329
[21:03:57.932] [SEVERE ] updating countdown to 43221
[21:03:58.041] [SEVERE ] updating countdown to 43112
[21:03:58.147] [SEVERE ] updating countdown to 43006
[21:03:58.256] [SEVERE ] updating countdown to 42897
[21:03:58.365] [SEVERE ] updating countdown to 42788
[21:03:58.474] [SEVERE ] updating countdown to 42679
[21:03:58.583] [SEVERE ] updating countdown to 42570
[21:03:58.691] [SEVERE ] updating countdown to 42462
[21:03:58.799] [SEVERE ] updating countdown to 42354
[21:03:58.909] [SEVERE ] updating countdown to 42244
[21:03:59.021] [SEVERE ] updating countdown to 42132
[21:03:59.130] [SEVERE ] updating countdown to 42023
[21:03:59.239] [SEVERE ] updating countdown to 41914
[21:03:59.348] [SEVERE ] updating countdown to 41805
[21:03:59.455] [SEVERE ] updating countdown to 41698
[21:03:59.563] [SEVERE ] updating countdown to 41590
[21:03:59.673] [SEVERE ] updating countdown to 41480
[21:03:59.782] [SEVERE ] updating countdown to 41371
[21:03:59.889] [SEVERE ] updating countdown to 41264
[21:03:59.999] [SEVERE ] updating countdown to 41154
[21:04:00.108] [SEVERE ] updating countdown to 41045
[21:04:00.218] [SEVERE ] updating countdown to 40935
[21:04:00.326] [SEVERE ] updating countdown to 40827
[21:04:00.434] [SEVERE ] updating countdown to 40719
[21:04:00.542] [SEVERE ] updating countdown to 40611
[21:04:00.651] [SEVERE ] updating countdown to 40502
[21:04:00.759] [SEVERE ] updating countdown to 40394
[21:04:00.866] [SEVERE ] updating countdown to 40287
[21:04:00.973] [SEVERE ] updating countdown to 40180
[21:04:01.083] [SEVERE ] updating countdown to 40070
[21:04:01.192] [SEVERE ] updating countdown to 39961
[21:04:01.300] [SEVERE ] updating countdown to 39853
[21:04:01.408] [SEVERE ] updating countdown to 39745
[21:04:01.515] [SEVERE ] updating countdown to 39638
[21:04:01.623] [SEVERE ] updating countdown to 39530
[21:04:01.730] [SEVERE ] updating countdown to 39423
[21:04:01.838] [SEVERE ] updating countdown to 39315
[21:04:01.946] [SEVERE ] updating countdown to 39207
[21:04:02.057] [SEVERE ] updating countdown to 39096
[21:04:02.165] [SEVERE ] updating countdown to 38988
[21:04:02.274] [SEVERE ] updating countdown to 38879
[21:04:02.340] [SEVERE ] key 69 was pressed by player 1
[21:04:02.383] [SEVERE ] updating countdown to 38770
[21:04:02.492] [SEVERE ] updating countdown to 38661
[21:04:02.602] [SEVERE ] updating countdown to 38551
[21:04:02.660] [SEVERE ] key 87 was pressed by player 1
[21:04:02.712] [SEVERE ] updating countdown to 38441
[21:04:02.821] [SEVERE ] updating countdown to 38332
[21:04:02.918] [SEVERE ] key 81 was pressed by player 1
[21:04:02.929] [SEVERE ] updating countdown to 38224
[21:04:03.039] [SEVERE ] updating countdown to 38114
[21:04:03.147] [SEVERE ] updating countdown to 38006
[21:04:03.255] [SEVERE ] updating countdown to 37898
[21:04:03.261] [SEVERE ] key 69 was pressed by player 1
[21:04:03.331] [SEVERE ] key 69 was pressed by player 1
[21:04:03.363] [SEVERE ] updating countdown to 37790
[21:04:03.472] [SEVERE ] updating countdown to 37681
[21:04:03.532] [SEVERE ] key 87 was pressed by player 1
[21:04:03.582] [SEVERE ] updating countdown to 37571
[21:04:03.611] [SEVERE ] key 81 was pressed by player 1
[21:04:03.691] [SEVERE ] updating countdown to 37462
[21:04:03.801] [SEVERE ] updating countdown to 37352
[21:04:03.910] [SEVERE ] updating countdown to 37243
[21:04:03.947] [SEVERE ] key 81 was pressed by player 1
[21:04:04.017] [SEVERE ] updating countdown to 37136
[21:04:04.109] [SEVERE ] key 87 was pressed by player 1
[21:04:04.126] [SEVERE ] updating countdown to 37027
[21:04:04.236] [SEVERE ] updating countdown to 36917
[21:04:04.316] [SEVERE ] key 69 was pressed by player 1
[21:04:04.345] [SEVERE ] updating countdown to 36808
[21:04:04.454] [SEVERE ] updating countdown to 36699
[21:04:04.561] [SEVERE ] updating countdown to 36592
[21:04:04.644] [SEVERE ] key 69 was pressed by player 1
[21:04:04.670] [SEVERE ] updating countdown to 36483
[21:04:04.772] [SEVERE ] key 87 was pressed by player 1
[21:04:04.778] [SEVERE ] updating countdown to 36375
[21:04:04.887] [SEVERE ] updating countdown to 36266
[21:04:04.997] [SEVERE ] updating countdown to 36156
[21:04:05.060] [SEVERE ] key 81 was pressed by player 1
[21:04:05.105] [SEVERE ] updating countdown to 36048
[21:04:05.212] [SEVERE ] updating countdown to 35941
[21:04:05.319] [SEVERE ] updating countdown to 35834
[21:04:05.332] [SEVERE ] key 87 was pressed by player 1
[21:04:05.428] [SEVERE ] updating countdown to 35725
[21:04:05.535] [SEVERE ] updating countdown to 35618
[21:04:05.556] [SEVERE ] key 69 was pressed by player 1
[21:04:05.642] [SEVERE ] updating countdown to 35511
[21:04:05.749] [SEVERE ] updating countdown to 35404
[21:04:05.857] [SEVERE ] updating countdown to 35296
[21:04:05.948] [SEVERE ] key 87 was pressed by player 1
[21:04:05.965] [SEVERE ] updating countdown to 35188
[21:04:06.073] [SEVERE ] updating countdown to 35080
[21:04:06.181] [SEVERE ] updating countdown to 34972
[21:04:06.228] [SEVERE ] key 81 was pressed by player 1
[21:04:06.288] [SEVERE ] updating countdown to 34865
[21:04:06.396] [SEVERE ] updating countdown to 34757
[21:04:06.428] [SEVERE ] key 87 was pressed by player 1
[21:04:06.504] [SEVERE ] updating countdown to 34649
[21:04:06.615] [SEVERE ] updating countdown to 34538
[21:04:06.660] [SEVERE ] key 69 was pressed by player 1
[21:04:06.724] [SEVERE ] updating countdown to 34429
[21:04:06.833] [SEVERE ] updating countdown to 34320
[21:04:06.943] [SEVERE ] updating countdown to 34210
[21:04:06.963] [SEVERE ] key 69 was pressed by player 1
[21:04:07.052] [SEVERE ] updating countdown to 34101
[21:04:07.155] [SEVERE ] key 87 was pressed by player 1
[21:04:07.160] [SEVERE ] updating countdown to 33993
[21:04:07.269] [SEVERE ] updating countdown to 33884
[21:04:07.378] [SEVERE ] updating countdown to 33775
[21:04:07.413] [SEVERE ] key 81 was pressed by player 1
[21:04:07.485] [SEVERE ] updating countdown to 33668
[21:04:07.593] [SEVERE ] updating countdown to 33560
[21:04:07.650] [SEVERE ] key 87 was pressed by player 1
[21:04:07.703] [SEVERE ] updating countdown to 33450
[21:04:07.812] [SEVERE ] updating countdown to 33341
[21:04:07.919] [SEVERE ] updating countdown to 33234
[21:04:08.025] [SEVERE ] updating countdown to 33128
[21:04:08.029] [SEVERE ] key 65 was pressed by player 1
[21:04:08.029] [SEVERE ] key 83 was pressed by player 1
[21:04:08.084] [SEVERE ] key 68 was pressed by player 1
[21:04:08.135] [SEVERE ] updating countdown to 33018
[21:04:08.243] [SEVERE ] updating countdown to 32910
[21:04:08.246] [SEVERE ] key 65 was pressed by player 1
[21:04:08.246] [SEVERE ] key 83 was pressed by player 1
[21:04:08.352] [SEVERE ] updating countdown to 32801
[21:04:08.363] [SEVERE ] key 68 was pressed by player 1
[21:04:08.461] [SEVERE ] key 65 was pressed by player 1
[21:04:08.462] [SEVERE ] updating countdown to 32691
[21:04:08.462] [SEVERE ] key 83 was pressed by player 1
[21:04:08.569] [SEVERE ] updating countdown to 32584
[21:04:08.604] [SEVERE ] key 68 was pressed by player 1
[21:04:08.679] [SEVERE ] updating countdown to 32474
[21:04:08.739] [SEVERE ] key 65 was pressed by player 1
[21:04:08.755] [SEVERE ] key 83 was pressed by player 1
[21:04:08.787] [SEVERE ] updating countdown to 32366
[21:04:08.895] [SEVERE ] updating countdown to 32258
[21:04:08.988] [SEVERE ] key 87 was pressed by player 1
[21:04:09.004] [SEVERE ] key 81 was pressed by player 1
[21:04:09.006] [SEVERE ] updating countdown to 32147
[21:04:09.062] [SEVERE ] key 69 was pressed by player 1
[21:04:09.116] [SEVERE ] updating countdown to 32037
[21:04:09.225] [SEVERE ] updating countdown to 31928
[21:04:09.244] [SEVERE ] key 87 was pressed by player 1
[21:04:09.335] [SEVERE ] updating countdown to 31818
[21:04:09.442] [SEVERE ] updating countdown to 31711
[21:04:09.476] [SEVERE ] key 83 was pressed by player 1
[21:04:09.484] [SEVERE ] key 65 was pressed by player 1
[21:04:09.499] [SEVERE ] key 68 was pressed by player 1
[21:04:09.551] [SEVERE ] updating countdown to 31602
[21:04:09.659] [SEVERE ] updating countdown to 31494
[21:04:09.669] [SEVERE ] key 68 was pressed by player 1
[21:04:09.756] [SEVERE ] key 65 was pressed by player 1
[21:04:09.767] [SEVERE ] updating countdown to 31386
[21:04:09.874] [SEVERE ] updating countdown to 31279
[21:04:09.916] [SEVERE ] key 68 was pressed by player 1
[21:04:09.982] [SEVERE ] updating countdown to 31171
[21:04:10.090] [SEVERE ] updating countdown to 31063
[21:04:10.198] [SEVERE ] updating countdown to 30955
[21:04:10.261] [SEVERE ] key 65 was pressed by player 1
[21:04:10.276] [SEVERE ] key 83 was pressed by player 1
[21:04:10.306] [SEVERE ] updating countdown to 30847
[21:04:10.412] [SEVERE ] updating countdown to 30741
[21:04:10.522] [SEVERE ] updating countdown to 30631
[21:04:10.525] [SEVERE ] key 65 was pressed by player 1
[21:04:10.525] [SEVERE ] key 83 was pressed by player 1
[21:04:10.629] [SEVERE ] updating countdown to 30524
[21:04:10.736] [SEVERE ] updating countdown to 30417
[21:04:10.836] [SEVERE ] key 90 was pressed by player 1
[21:04:10.844] [SEVERE ] updating countdown to 30309
[21:04:10.952] [SEVERE ] updating countdown to 30201
[21:04:11.062] [SEVERE ] updating countdown to 30091
[21:04:11.083] [SEVERE ] key 88 was pressed by player 1
[21:04:11.092] [SEVERE ] key 67 was pressed by player 1
[21:04:11.108] [SEVERE ] key 90 was pressed by player 1
[21:04:11.168] [SEVERE ] updating countdown to 29985
[21:04:11.276] [SEVERE ] updating countdown to 29877
[21:04:11.326] [SEVERE ] key 90 was pressed by player 1
[21:04:11.327] [SEVERE ] key 88 was pressed by player 1
[21:04:11.383] [SEVERE ] updating countdown to 29770
[21:04:11.493] [SEVERE ] updating countdown to 29660
[21:04:11.571] [SEVERE ] key 88 was pressed by player 1
[21:04:11.579] [SEVERE ] key 90 was pressed by player 1
[21:04:11.600] [SEVERE ] updating countdown to 29553
[21:04:11.707] [SEVERE ] updating countdown to 29446
[21:04:11.779] [SEVERE ] key 67 was pressed by player 1
[21:04:11.814] [SEVERE ] updating countdown to 29339
[21:04:11.922] [SEVERE ] updating countdown to 29231
[21:04:11.973] [SEVERE ] key 90 was pressed by player 1
[21:04:11.973] [SEVERE ] key 88 was pressed by player 1
[21:04:12.029] [SEVERE ] updating countdown to 29124
[21:04:12.138] [SEVERE ] updating countdown to 29015
[21:04:12.196] [SEVERE ] key 67 was pressed by player 1
[21:04:12.211] [SEVERE ] key 90 was pressed by player 1
[21:04:12.244] [SEVERE ] updating countdown to 28909
[21:04:12.353] [SEVERE ] updating countdown to 28800
[21:04:12.461] [SEVERE ] key 90 was pressed by player 1
[21:04:12.461] [SEVERE ] key 88 was pressed by player 1
[21:04:12.463] [SEVERE ] updating countdown to 28690
[21:04:12.572] [SEVERE ] updating countdown to 28581
[21:04:12.681] [SEVERE ] updating countdown to 28472
[21:04:12.700] [SEVERE ] key 67 was pressed by player 1
[21:04:12.789] [SEVERE ] updating countdown to 28364
[21:04:12.897] [SEVERE ] updating countdown to 28256
[21:04:12.948] [SEVERE ] key 90 was pressed by player 1
[21:04:13.006] [SEVERE ] updating countdown to 28147
[21:04:13.112] [SEVERE ] updating countdown to 28041
[21:04:13.213] [SEVERE ] key 88 was pressed by player 1
[21:04:13.221] [SEVERE ] updating countdown to 27932
[21:04:13.329] [SEVERE ] updating countdown to 27824
[21:04:13.435] [SEVERE ] updating countdown to 27718
[21:04:13.490] [SEVERE ] key 67 was pressed by player 1
[21:04:13.544] [SEVERE ] updating countdown to 27609
[21:04:13.654] [SEVERE ] updating countdown to 27499
[21:04:13.762] [SEVERE ] updating countdown to 27391
[21:04:13.787] [SEVERE ] key 65 was pressed by player 1
[21:04:13.870] [SEVERE ] updating countdown to 27283
[21:04:13.979] [SEVERE ] updating countdown to 27174
[21:04:14.020] [SEVERE ] key 83 was pressed by player 1
[21:04:14.088] [SEVERE ] updating countdown to 27065
[21:04:14.197] [SEVERE ] updating countdown to 26956
[21:04:14.293] [SEVERE ] key 68 was pressed by player 1
[21:04:14.306] [SEVERE ] updating countdown to 26847
[21:04:14.413] [SEVERE ] updating countdown to 26740
[21:04:14.522] [SEVERE ] updating countdown to 26631
[21:04:14.532] [SEVERE ] key 81 was pressed by player 1
[21:04:14.629] [SEVERE ] updating countdown to 26524
[21:04:14.738] [SEVERE ] updating countdown to 26415
[21:04:14.756] [SEVERE ] key 87 was pressed by player 1
[21:04:14.846] [SEVERE ] updating countdown to 26307
[21:04:14.957] [SEVERE ] updating countdown to 26196
[21:04:14.996] [SEVERE ] key 69 was pressed by player 1
[21:04:15.066] [SEVERE ] updating countdown to 26087
[21:04:15.175] [SEVERE ] updating countdown to 25978
[21:04:15.284] [SEVERE ] updating countdown to 25869
[21:04:15.392] [SEVERE ] updating countdown to 25761
[21:04:15.501] [SEVERE ] updating countdown to 25652
[21:04:15.611] [SEVERE ] updating countdown to 25542
[21:04:15.719] [SEVERE ] updating countdown to 25434
[21:04:15.828] [SEVERE ] updating countdown to 25325
[21:04:15.936] [SEVERE ] updating countdown to 25217
[21:04:16.046] [SEVERE ] updating countdown to 25107
[21:04:16.153] [SEVERE ] updating countdown to 25000
[21:04:16.244] [SEVERE ] exit button pressed
[21:04:16.263] [SEVERE ] updating countdown to 24890
[21:04:16.263] [SEVERE ] updating countdown to 24890
[21:04:16.263] [SEVERE ] setting player 1 freeze to 1000
[21:04:16.263] [SEVERE ] setting player 1 score to 3
[21:04:16.263] [SEVERE ] setting player 1 score to 4
[21:04:16.263] [SEVERE ] setting player 1 freeze to 3000
[21:04:16.264] [SEVERE ] updating countdown to 24889
