[17:44:55.034] [INFO   ] thread main starting.
[17:44:55.049] [SEVERE ] cannot read configuration file config.properties trying from resources.
[17:44:55.054] [SEVERE ] configuration file was loaded from resources directory.
[17:44:55.910] [INFO   ] thread dealer starting.
[17:44:55.911] [INFO   ] thread player 0 starting.
[17:44:55.911] [INFO   ] thread dealer starting.
[17:44:55.911] [INFO   ] thread player 1 starting.
[17:44:55.911] [INFO   ] thread player 0 starting.
[17:44:55.912] [INFO   ] thread player 1 starting.
[17:44:56.033] [SEVERE ] placing card 0 in slot 0
[17:44:56.156] [SEVERE ] placing card 1 in slot 1
[17:44:56.264] [SEVERE ] placing card 2 in slot 2
[17:44:56.372] [SEVERE ] placing card 3 in slot 3
[17:44:56.482] [SEVERE ] placing card 4 in slot 4
[17:44:56.591] [SEVERE ] placing card 5 in slot 5
[17:44:56.699] [SEVERE ] placing card 6 in slot 6
[17:44:56.806] [SEVERE ] placing card 7 in slot 7
[17:44:56.916] [SEVERE ] placing card 8 in slot 8
[17:44:57.025] [SEVERE ] placing card 9 in slot 9
[17:44:57.133] [SEVERE ] placing card 10 in slot 10
[17:44:57.244] [SEVERE ] placing card 11 in slot 11
[17:44:57.255] [SEVERE ] updating countdown to 60000
[17:44:57.369] [SEVERE ] updating countdown to 59886
[17:44:57.478] [SEVERE ] updating countdown to 59777
[17:44:57.588] [SEVERE ] updating countdown to 59667
[17:44:57.696] [SEVERE ] updating countdown to 59559
[17:44:57.805] [SEVERE ] updating countdown to 59450
[17:44:57.914] [SEVERE ] updating countdown to 59341
[17:44:58.023] [SEVERE ] updating countdown to 59232
[17:44:58.131] [SEVERE ] updating countdown to 59124
[17:44:58.239] [SEVERE ] updating countdown to 59016
[17:44:58.346] [SEVERE ] updating countdown to 58909
[17:44:58.452] [SEVERE ] updating countdown to 58804
[17:44:58.560] [SEVERE ] updating countdown to 58695
[17:44:58.668] [SEVERE ] updating countdown to 58587
[17:44:58.776] [SEVERE ] updating countdown to 58479
[17:44:58.885] [SEVERE ] updating countdown to 58370
[17:44:58.994] [SEVERE ] updating countdown to 58261
[17:44:59.103] [SEVERE ] updating countdown to 58152
[17:44:59.212] [SEVERE ] updating countdown to 58043
[17:44:59.322] [SEVERE ] updating countdown to 57933
[17:44:59.432] [SEVERE ] updating countdown to 57823
[17:44:59.542] [SEVERE ] updating countdown to 57713
[17:44:59.651] [SEVERE ] updating countdown to 57604
[17:44:59.759] [SEVERE ] updating countdown to 57496
[17:44:59.865] [SEVERE ] key 81 was pressed by player 1
[17:44:59.865] [SEVERE ] player 1 placing token on slot 0
[17:44:59.868] [SEVERE ] updating countdown to 57387
[17:44:59.899] [SEVERE ] key 87 was pressed by player 1
[17:44:59.900] [SEVERE ] player 1 placing token on slot 1
[17:44:59.978] [SEVERE ] updating countdown to 57277
[17:45:00.019] [SEVERE ] key 69 was pressed by player 1
[17:45:00.020] [SEVERE ] player 1 placing token on slot 2
[17:45:00.085] [SEVERE ] updating countdown to 57170
[17:45:00.193] [SEVERE ] updating countdown to 57062
[17:45:00.301] [SEVERE ] updating countdown to 56954
[17:45:00.412] [SEVERE ] updating countdown to 56843
[17:45:00.520] [SEVERE ] updating countdown to 56735
[17:45:00.630] [SEVERE ] updating countdown to 56625
[17:45:00.738] [SEVERE ] updating countdown to 56517
[17:45:00.845] [SEVERE ] updating countdown to 56410
[17:45:00.952] [SEVERE ] updating countdown to 56303
[17:45:01.060] [SEVERE ] updating countdown to 56195
[17:45:01.170] [SEVERE ] updating countdown to 56085
[17:45:01.279] [SEVERE ] updating countdown to 55976
[17:45:01.388] [SEVERE ] updating countdown to 55867
[17:45:01.497] [SEVERE ] updating countdown to 55758
[17:45:01.605] [SEVERE ] updating countdown to 55650
[17:45:01.668] [SEVERE ] key 69 was pressed by player 1
[17:45:01.713] [SEVERE ] updating countdown to 55542
[17:45:01.783] [SEVERE ] key 81 was pressed by player 1
[17:45:01.794] [SEVERE ] key 87 was pressed by player 1
[17:45:01.823] [SEVERE ] updating countdown to 55432
[17:45:01.931] [SEVERE ] updating countdown to 55324
[17:45:02.040] [SEVERE ] updating countdown to 55215
[17:45:02.148] [SEVERE ] updating countdown to 55107
[17:45:02.257] [SEVERE ] updating countdown to 54998
[17:45:02.365] [SEVERE ] updating countdown to 54890
[17:45:02.473] [SEVERE ] updating countdown to 54782
[17:45:02.584] [SEVERE ] updating countdown to 54671
[17:45:02.691] [SEVERE ] updating countdown to 54564
[17:45:02.803] [SEVERE ] updating countdown to 54452
[17:45:02.913] [SEVERE ] updating countdown to 54342
[17:45:03.027] [SEVERE ] updating countdown to 54228
[17:45:03.138] [SEVERE ] updating countdown to 54117
[17:45:03.249] [SEVERE ] updating countdown to 54006
[17:45:03.362] [SEVERE ] updating countdown to 53893
[17:45:03.474] [SEVERE ] updating countdown to 53781
[17:45:03.586] [SEVERE ] updating countdown to 53669
[17:45:03.698] [SEVERE ] updating countdown to 53557
[17:45:03.813] [SEVERE ] updating countdown to 53442
[17:45:03.923] [SEVERE ] updating countdown to 53332
[17:45:04.033] [SEVERE ] updating countdown to 53222
[17:45:04.146] [SEVERE ] updating countdown to 53109
[17:45:04.259] [SEVERE ] updating countdown to 52996
[17:45:04.370] [SEVERE ] updating countdown to 52885
[17:45:04.483] [SEVERE ] updating countdown to 52772
[17:45:04.597] [SEVERE ] updating countdown to 52658
[17:45:04.707] [SEVERE ] updating countdown to 52548
[17:45:04.817] [SEVERE ] updating countdown to 52438
[17:45:04.926] [SEVERE ] updating countdown to 52329
[17:45:05.034] [SEVERE ] updating countdown to 52221
[17:45:05.142] [SEVERE ] updating countdown to 52113
[17:45:05.251] [SEVERE ] updating countdown to 52004
[17:45:05.361] [SEVERE ] updating countdown to 51894
[17:45:05.469] [SEVERE ] updating countdown to 51786
[17:45:05.577] [SEVERE ] updating countdown to 51678
