[17:27:34.368] [INFO   ] thread main starting.
[17:27:34.377] [SEVERE ] cannot read configuration file config.properties trying from resources.
[17:27:34.379] [SEVERE ] configuration file was loaded from resources directory.
[17:27:35.069] [INFO   ] thread dealer starting.
[17:27:35.070] [INFO   ] thread dealer starting.
[17:27:35.185] [SEVERE ] placing card 0 in slot 0
[17:27:35.295] [SEVERE ] placing card 1 in slot 1
[17:27:35.402] [SEVERE ] placing card 2 in slot 2
[17:27:35.510] [SEVERE ] placing card 3 in slot 3
[17:27:35.619] [SEVERE ] placing card 4 in slot 4
[17:27:35.726] [SEVERE ] placing card 5 in slot 5
[17:27:35.835] [SEVERE ] placing card 6 in slot 6
[17:27:35.937] [SEVERE ] placing card 7 in slot 7
[17:27:36.050] [SEVERE ] placing card 8 in slot 8
[17:27:36.152] [SEVERE ] placing card 9 in slot 9
[17:27:36.268] [SEVERE ] placing card 10 in slot 10
[17:27:36.385] [SEVERE ] placing card 11 in slot 11
[17:27:36.398] [SEVERE ] updating countdown to 60000
[17:27:36.502] [SEVERE ] updating countdown to 59896
[17:27:36.616] [SEVERE ] updating countdown to 59782
[17:27:36.726] [SEVERE ] updating countdown to 59672
[17:27:36.841] [SEVERE ] updating countdown to 59557
[17:27:36.950] [SEVERE ] updating countdown to 59448
[17:27:37.065] [SEVERE ] updating countdown to 59333
[17:27:37.175] [SEVERE ] updating countdown to 59223
[17:27:37.288] [SEVERE ] updating countdown to 59110
[17:27:37.398] [SEVERE ] updating countdown to 59000
[17:27:37.513] [SEVERE ] updating countdown to 58885
[17:27:37.626] [SEVERE ] updating countdown to 58772
[17:27:37.736] [SEVERE ] updating countdown to 58662
[17:27:37.843] [SEVERE ] updating countdown to 58555
[17:27:37.952] [SEVERE ] updating countdown to 58446
[17:27:38.061] [SEVERE ] updating countdown to 58337
[17:27:38.169] [SEVERE ] updating countdown to 58229
[17:27:38.278] [SEVERE ] updating countdown to 58120
[17:27:38.387] [SEVERE ] updating countdown to 58011
[17:27:38.496] [SEVERE ] updating countdown to 57902
[17:27:38.605] [SEVERE ] updating countdown to 57793
[17:27:38.713] [SEVERE ] updating countdown to 57685
[17:27:38.820] [SEVERE ] updating countdown to 57578
[17:27:38.928] [SEVERE ] updating countdown to 57470
[17:27:39.037] [SEVERE ] updating countdown to 57361
[17:27:39.145] [SEVERE ] updating countdown to 57253
[17:27:39.162] [SEVERE ] key 81 was pressed by player 1
[17:27:39.164] [SEVERE ] player 1 placing token on slot 0
[17:27:39.253] [SEVERE ] key 87 was pressed by player 1
[17:27:39.254] [SEVERE ] updating countdown to 57144
[17:27:39.254] [SEVERE ] player 1 placing token on slot 1
[17:27:39.363] [SEVERE ] updating countdown to 57035
[17:27:39.363] [SEVERE ] key 69 was pressed by player 1
[17:27:39.364] [SEVERE ] player 1 placing token on slot 2
[17:27:39.474] [SEVERE ] updating countdown to 56924
[17:27:39.581] [SEVERE ] updating countdown to 56817
[17:27:39.690] [SEVERE ] updating countdown to 56708
[17:27:39.799] [SEVERE ] updating countdown to 56599
[17:27:39.908] [SEVERE ] updating countdown to 56490
[17:27:40.015] [SEVERE ] updating countdown to 56383
[17:27:40.122] [SEVERE ] updating countdown to 56276
[17:27:40.209] [SEVERE ] key 69 was pressed by player 1
[17:27:40.231] [SEVERE ] updating countdown to 56167
[17:27:40.328] [SEVERE ] key 87 was pressed by player 1
[17:27:40.341] [SEVERE ] updating countdown to 56057
[17:27:40.449] [SEVERE ] updating countdown to 55949
[17:27:40.558] [SEVERE ] updating countdown to 55840
[17:27:40.666] [SEVERE ] updating countdown to 55732
[17:27:40.774] [SEVERE ] updating countdown to 55624
[17:27:40.787] [SEVERE ] key 68 was pressed by player 1
[17:27:40.881] [SEVERE ] updating countdown to 55517
[17:27:40.927] [SEVERE ] key 83 was pressed by player 1
[17:27:40.976] [SEVERE ] key 65 was pressed by player 1
[17:27:40.989] [SEVERE ] updating countdown to 55409
[17:27:41.098] [SEVERE ] updating countdown to 55300
[17:27:41.186] [SEVERE ] key 68 was pressed by player 1
[17:27:41.203] [SEVERE ] key 83 was pressed by player 1
[17:27:41.207] [SEVERE ] updating countdown to 55191
[17:27:41.217] [SEVERE ] key 65 was pressed by player 1
[17:27:41.316] [SEVERE ] updating countdown to 55082
[17:27:41.338] [SEVERE ] key 65 was pressed by player 1
[17:27:41.357] [SEVERE ] key 83 was pressed by player 1
[17:27:41.424] [SEVERE ] updating countdown to 54974
[17:27:41.469] [SEVERE ] key 68 was pressed by player 1
[17:27:41.532] [SEVERE ] updating countdown to 54866
[17:27:41.574] [SEVERE ] key 65 was pressed by player 1
[17:27:41.585] [SEVERE ] key 83 was pressed by player 1
[17:27:41.641] [SEVERE ] updating countdown to 54757
[17:27:41.715] [SEVERE ] key 68 was pressed by player 1
[17:27:41.751] [SEVERE ] updating countdown to 54647
[17:27:41.823] [SEVERE ] key 65 was pressed by player 1
[17:27:41.838] [SEVERE ] key 83 was pressed by player 1
[17:27:41.858] [SEVERE ] updating countdown to 54540
[17:27:41.948] [SEVERE ] key 68 was pressed by player 1
[17:27:41.967] [SEVERE ] updating countdown to 54431
[17:27:42.074] [SEVERE ] updating countdown to 54324
[17:27:42.081] [SEVERE ] key 65 was pressed by player 1
[17:27:42.183] [SEVERE ] updating countdown to 54215
[17:27:42.232] [SEVERE ] key 68 was pressed by player 1
[17:27:42.290] [SEVERE ] updating countdown to 54108
[17:27:42.395] [SEVERE ] key 81 was pressed by player 1
[17:27:42.399] [SEVERE ] updating countdown to 53999
[17:27:42.485] [SEVERE ] key 69 was pressed by player 1
[17:27:42.510] [SEVERE ] updating countdown to 53888
[17:27:42.611] [SEVERE ] key 81 was pressed by player 1
[17:27:42.621] [SEVERE ] updating countdown to 53777
[17:27:42.727] [SEVERE ] key 69 was pressed by player 1
[17:27:42.729] [SEVERE ] updating countdown to 53669
[17:27:42.838] [SEVERE ] key 81 was pressed by player 1
[17:27:42.839] [SEVERE ] updating countdown to 53559
[17:27:42.846] [SEVERE ] key 87 was pressed by player 1
[17:27:42.947] [SEVERE ] updating countdown to 53451
[17:27:42.971] [SEVERE ] key 69 was pressed by player 1
[17:27:43.055] [SEVERE ] updating countdown to 53343
[17:27:43.106] [SEVERE ] key 81 was pressed by player 1
[17:27:43.160] [SEVERE ] updating countdown to 53238
[17:27:43.177] [SEVERE ] key 87 was pressed by player 1
[17:27:43.269] [SEVERE ] updating countdown to 53129
[17:27:43.379] [SEVERE ] updating countdown to 53019
[17:27:43.487] [SEVERE ] updating countdown to 52911
[17:27:43.598] [SEVERE ] updating countdown to 52800
[17:27:43.707] [SEVERE ] updating countdown to 52691
[17:27:43.816] [SEVERE ] updating countdown to 52582
[17:27:43.924] [SEVERE ] updating countdown to 52474
[17:27:44.034] [SEVERE ] updating countdown to 52364
[17:27:44.141] [SEVERE ] updating countdown to 52257
[17:27:44.249] [SEVERE ] updating countdown to 52149
[17:27:44.358] [SEVERE ] updating countdown to 52040
[17:27:44.466] [SEVERE ] updating countdown to 51932
[17:27:44.573] [SEVERE ] updating countdown to 51825
[17:27:44.682] [SEVERE ] updating countdown to 51716
[17:27:44.790] [SEVERE ] updating countdown to 51608
[17:27:44.899] [SEVERE ] updating countdown to 51499
[17:27:45.007] [SEVERE ] updating countdown to 51391
[17:27:45.116] [SEVERE ] updating countdown to 51282
[17:27:45.225] [SEVERE ] updating countdown to 51173
[17:27:45.333] [SEVERE ] updating countdown to 51065
[17:27:45.444] [SEVERE ] updating countdown to 50954
[17:27:45.552] [SEVERE ] updating countdown to 50846
[17:27:45.662] [SEVERE ] updating countdown to 50736
[17:27:45.775] [SEVERE ] updating countdown to 50623
[17:27:45.884] [SEVERE ] updating countdown to 50514
[17:27:45.994] [SEVERE ] updating countdown to 50404
[17:27:46.102] [SEVERE ] updating countdown to 50296
[17:27:46.211] [SEVERE ] updating countdown to 50187
[17:27:46.319] [SEVERE ] updating countdown to 50079
[17:27:46.430] [SEVERE ] updating countdown to 49968
[17:27:46.539] [SEVERE ] updating countdown to 49859
[17:27:46.646] [SEVERE ] updating countdown to 49752
[17:27:46.755] [SEVERE ] updating countdown to 49643
[17:27:46.863] [SEVERE ] updating countdown to 49535
[17:27:46.972] [SEVERE ] updating countdown to 49426
[17:27:47.081] [SEVERE ] updating countdown to 49317
[17:27:47.191] [SEVERE ] updating countdown to 49207
[17:27:47.300] [SEVERE ] updating countdown to 49098
[17:27:47.409] [SEVERE ] updating countdown to 48989
[17:27:47.520] [SEVERE ] updating countdown to 48878
[17:27:47.630] [SEVERE ] updating countdown to 48768
[17:27:47.741] [SEVERE ] updating countdown to 48657
[17:27:47.849] [SEVERE ] updating countdown to 48549
