[21:07:03.092] [INFO   ] thread main starting.
[21:07:03.100] [SEVERE ] cannot read configuration file config.properties trying from resources.
[21:07:03.103] [SEVERE ] configuration file was loaded from resources directory.
[21:07:03.712] [INFO   ] thread dealer starting.
[21:07:03.713] [INFO   ] thread dealer starting.
[21:07:03.713] [INFO   ] thread player 0 starting.
[21:07:03.715] [INFO   ] thread player 1 starting.
[21:07:03.715] [INFO   ] thread player 0 starting.
[21:07:03.715] [INFO   ] thread player 1 starting.
[21:07:03.824] [SEVERE ] placing card 4 in slot 0
[21:07:03.941] [SEVERE ] placing card 10 in slot 1
[21:07:04.056] [SEVERE ] placing card 60 in slot 2
[21:07:04.157] [SEVERE ] placing card 48 in slot 3
[21:07:04.269] [SEVERE ] placing card 33 in slot 4
[21:07:04.374] [SEVERE ] placing card 37 in slot 5
[21:07:04.482] [SEVERE ] placing card 74 in slot 6
[21:07:04.586] [SEVERE ] placing card 63 in slot 7
[21:07:04.696] [SEVERE ] placing card 49 in slot 8
[21:07:04.805] [SEVERE ] placing card 12 in slot 9
[21:07:04.915] [SEVERE ] placing card 34 in slot 10
[21:07:05.025] [SEVERE ] placing card 30 in slot 11
[21:07:05.036] [SEVERE ] updating countdown to 60000
[21:07:05.149] [SEVERE ] updating countdown to 59887
[21:07:05.258] [SEVERE ] updating countdown to 59778
[21:07:05.368] [SEVERE ] updating countdown to 59668
[21:07:05.476] [SEVERE ] updating countdown to 59560
[21:07:05.585] [SEVERE ] updating countdown to 59451
[21:07:05.696] [SEVERE ] updating countdown to 59340
[21:07:05.806] [SEVERE ] updating countdown to 59230
[21:07:05.915] [SEVERE ] updating countdown to 59121
[21:07:06.024] [SEVERE ] updating countdown to 59012
[21:07:06.134] [SEVERE ] updating countdown to 58902
[21:07:06.244] [SEVERE ] updating countdown to 58792
[21:07:06.352] [SEVERE ] updating countdown to 58684
[21:07:06.461] [SEVERE ] updating countdown to 58575
[21:07:06.570] [SEVERE ] updating countdown to 58466
[21:07:06.679] [SEVERE ] updating countdown to 58357
[21:07:06.788] [SEVERE ] updating countdown to 58248
[21:07:06.897] [SEVERE ] updating countdown to 58139
[21:07:07.005] [SEVERE ] updating countdown to 58031
[21:07:07.116] [SEVERE ] updating countdown to 57920
[21:07:07.224] [SEVERE ] updating countdown to 57812
[21:07:07.333] [SEVERE ] updating countdown to 57703
[21:07:07.441] [SEVERE ] updating countdown to 57595
[21:07:07.550] [SEVERE ] updating countdown to 57486
[21:07:07.658] [SEVERE ] updating countdown to 57378
[21:07:07.767] [SEVERE ] updating countdown to 57269
[21:07:07.876] [SEVERE ] updating countdown to 57160
[21:07:07.986] [SEVERE ] updating countdown to 57050
[21:07:08.094] [SEVERE ] updating countdown to 56942
[21:07:08.202] [SEVERE ] updating countdown to 56834
[21:07:08.312] [SEVERE ] updating countdown to 56724
[21:07:08.420] [SEVERE ] updating countdown to 56616
[21:07:08.530] [SEVERE ] updating countdown to 56506
[21:07:08.604] [SEVERE ] key 81 was pressed by player 1
[21:07:08.605] [SEVERE ] player 1 placing token on slot 0
[21:07:08.612] [SEVERE ] key 87 was pressed by player 1
[21:07:08.612] [SEVERE ] player 1 placing token on slot 1
[21:07:08.618] [SEVERE ] key 69 was pressed by player 1
[21:07:08.619] [SEVERE ] player 1 placing token on slot 2
[21:07:08.640] [SEVERE ] updating countdown to 56396
[21:07:08.640] [SEVERE ] updating countdown to 56396
[21:07:08.640] [SEVERE ] setting player 1 freeze to 1000
[21:07:08.641] [SEVERE ] setting player 1 score to 1
[21:07:08.641] [SEVERE ] setting player 1 score to 2
[21:07:08.641] [SEVERE ] setting player 1 freeze to 3000
[21:07:08.746] [SEVERE ] updating countdown to 56290
[21:07:08.855] [SEVERE ] updating countdown to 56181
[21:07:08.965] [SEVERE ] updating countdown to 56071
[21:07:09.075] [SEVERE ] updating countdown to 55961
[21:07:09.183] [SEVERE ] updating countdown to 55853
[21:07:09.295] [SEVERE ] updating countdown to 55741
[21:07:09.403] [SEVERE ] updating countdown to 55633
[21:07:09.514] [SEVERE ] updating countdown to 55522
[21:07:09.625] [SEVERE ] updating countdown to 55411
[21:07:09.733] [SEVERE ] updating countdown to 55303
[21:07:09.843] [SEVERE ] updating countdown to 55193
[21:07:09.952] [SEVERE ] updating countdown to 55084
[21:07:10.061] [SEVERE ] updating countdown to 54975
[21:07:10.169] [SEVERE ] updating countdown to 54867
[21:07:10.279] [SEVERE ] updating countdown to 54757
[21:07:10.387] [SEVERE ] updating countdown to 54649
[21:07:10.495] [SEVERE ] updating countdown to 54541
[21:07:10.604] [SEVERE ] updating countdown to 54432
[21:07:10.713] [SEVERE ] updating countdown to 54323
[21:07:10.823] [SEVERE ] updating countdown to 54213
[21:07:10.931] [SEVERE ] updating countdown to 54105
[21:07:11.041] [SEVERE ] updating countdown to 53995
[21:07:11.149] [SEVERE ] updating countdown to 53887
[21:07:11.258] [SEVERE ] updating countdown to 53778
[21:07:11.368] [SEVERE ] updating countdown to 53668
[21:07:11.476] [SEVERE ] updating countdown to 53560
[21:07:11.586] [SEVERE ] updating countdown to 53450
[21:07:11.695] [SEVERE ] updating countdown to 53341
[21:07:11.805] [SEVERE ] updating countdown to 53231
[21:07:11.915] [SEVERE ] updating countdown to 53121
[21:07:12.022] [SEVERE ] updating countdown to 53014
[21:07:12.130] [SEVERE ] updating countdown to 52906
[21:07:12.238] [SEVERE ] updating countdown to 52798
[21:07:12.346] [SEVERE ] updating countdown to 52690
[21:07:12.454] [SEVERE ] updating countdown to 52582
[21:07:12.563] [SEVERE ] updating countdown to 52473
[21:07:12.672] [SEVERE ] updating countdown to 52364
[21:07:12.701] [SEVERE ] key 81 was pressed by player 1
[21:07:12.747] [SEVERE ] key 87 was pressed by player 1
[21:07:12.780] [SEVERE ] updating countdown to 52256
[21:07:12.829] [SEVERE ] key 69 was pressed by player 1
[21:07:12.889] [SEVERE ] updating countdown to 52147
[21:07:12.998] [SEVERE ] updating countdown to 52038
[21:07:13.108] [SEVERE ] updating countdown to 51928
[21:07:13.138] [SEVERE ] key 69 was pressed by player 1
[21:07:13.216] [SEVERE ] updating countdown to 51820
[21:07:13.243] [SEVERE ] key 81 was pressed by player 1
[21:07:13.291] [SEVERE ] key 87 was pressed by player 1
[21:07:13.326] [SEVERE ] updating countdown to 51710
[21:07:13.435] [SEVERE ] updating countdown to 51601
[21:07:13.451] [SEVERE ] key 69 was pressed by player 1
[21:07:13.545] [SEVERE ] updating countdown to 51491
[21:07:13.581] [SEVERE ] key 81 was pressed by player 1
[21:07:13.651] [SEVERE ] key 87 was pressed by player 1
[21:07:13.656] [SEVERE ] updating countdown to 51380
[21:07:13.765] [SEVERE ] updating countdown to 51271
[21:07:13.770] [SEVERE ] key 69 was pressed by player 1
[21:07:13.874] [SEVERE ] updating countdown to 51162
[21:07:13.892] [SEVERE ] key 81 was pressed by player 1
[21:07:13.901] [SEVERE ] key 87 was pressed by player 1
[21:07:13.984] [SEVERE ] updating countdown to 51052
[21:07:14.094] [SEVERE ] updating countdown to 50942
[21:07:14.204] [SEVERE ] updating countdown to 50832
[21:07:14.314] [SEVERE ] updating countdown to 50722
[21:07:14.423] [SEVERE ] updating countdown to 50613
[21:07:14.533] [SEVERE ] updating countdown to 50503
[21:07:14.643] [SEVERE ] updating countdown to 50393
[21:07:14.752] [SEVERE ] updating countdown to 50284
[21:07:14.861] [SEVERE ] updating countdown to 50175
[21:07:14.970] [SEVERE ] updating countdown to 50066
[21:07:15.079] [SEVERE ] updating countdown to 49957
[21:07:15.187] [SEVERE ] updating countdown to 49849
[21:07:15.295] [SEVERE ] updating countdown to 49741
[21:07:15.404] [SEVERE ] updating countdown to 49632
[21:07:15.512] [SEVERE ] updating countdown to 49524
[21:07:15.621] [SEVERE ] updating countdown to 49415
[21:07:15.731] [SEVERE ] updating countdown to 49305
[21:07:15.841] [SEVERE ] updating countdown to 49195
[21:07:15.950] [SEVERE ] updating countdown to 49086
[21:07:16.059] [SEVERE ] updating countdown to 48977
[21:07:16.166] [SEVERE ] updating countdown to 48870
[21:07:16.274] [SEVERE ] updating countdown to 48762
[21:07:16.385] [SEVERE ] updating countdown to 48651
[21:07:16.494] [SEVERE ] updating countdown to 48542
[21:07:16.603] [SEVERE ] updating countdown to 48433
[21:07:16.713] [SEVERE ] updating countdown to 48323
[21:07:16.823] [SEVERE ] updating countdown to 48213
[21:07:16.933] [SEVERE ] updating countdown to 48103
[21:07:17.039] [SEVERE ] updating countdown to 47997
[21:07:17.148] [SEVERE ] updating countdown to 47888
[21:07:17.257] [SEVERE ] updating countdown to 47779
[21:07:17.367] [SEVERE ] updating countdown to 47669
[21:07:17.476] [SEVERE ] updating countdown to 47560
[21:07:17.584] [SEVERE ] updating countdown to 47452
[21:07:17.694] [SEVERE ] updating countdown to 47342
[21:07:17.804] [SEVERE ] updating countdown to 47232
[21:07:17.911] [SEVERE ] updating countdown to 47125
[21:07:18.020] [SEVERE ] updating countdown to 47016
[21:07:18.128] [SEVERE ] updating countdown to 46908
[21:07:18.234] [SEVERE ] updating countdown to 46802
[21:07:18.343] [SEVERE ] updating countdown to 46693
[21:07:18.451] [SEVERE ] updating countdown to 46585
[21:07:18.561] [SEVERE ] updating countdown to 46475
[21:07:18.670] [SEVERE ] updating countdown to 46366
