[21:23:58.450] [INFO   ] thread main starting.
[21:23:58.460] [SEVERE ] cannot read configuration file config.properties trying from resources.
[21:23:58.460] [SEVERE ] configuration file was loaded from resources directory.
[21:23:59.080] [INFO   ] thread dealer starting.
[21:23:59.081] [INFO   ] thread dealer starting.
[21:23:59.081] [INFO   ] thread player 0 starting.
[21:23:59.081] [INFO   ] thread player 1 starting.
[21:23:59.081] [INFO   ] thread player 0 starting.
[21:23:59.084] [INFO   ] thread player 1 starting.
[21:23:59.193] [SEVERE ] placing card 45 in slot 0
[21:23:59.302] [SEVERE ] placing card 55 in slot 1
[21:23:59.404] [SEVERE ] placing card 21 in slot 2
[21:23:59.507] [SEVERE ] placing card 39 in slot 3
[21:23:59.618] [SEVERE ] placing card 12 in slot 4
[21:23:59.730] [SEVERE ] placing card 70 in slot 5
[21:23:59.842] [SEVERE ] placing card 2 in slot 6
[21:23:59.954] [SEVERE ] placing card 75 in slot 7
[21:24:00.067] [SEVERE ] placing card 49 in slot 8
[21:24:00.178] [SEVERE ] placing card 68 in slot 9
[21:24:00.295] [SEVERE ] placing card 79 in slot 10
[21:24:00.403] [SEVERE ] placing card 61 in slot 11
[21:24:00.418] [SEVERE ] updating countdown to 60000
[21:24:00.522] [SEVERE ] updating countdown to 59896
[21:24:00.626] [SEVERE ] updating countdown to 59792
[21:24:00.737] [SEVERE ] updating countdown to 59681
[21:24:00.851] [SEVERE ] updating countdown to 59567
[21:24:00.963] [SEVERE ] updating countdown to 59455
[21:24:01.076] [SEVERE ] updating countdown to 59342
[21:24:01.188] [SEVERE ] updating countdown to 59230
[21:24:01.299] [SEVERE ] updating countdown to 59119
[21:24:01.412] [SEVERE ] updating countdown to 59006
[21:24:01.523] [SEVERE ] updating countdown to 58895
[21:24:01.635] [SEVERE ] updating countdown to 58783
[21:24:01.745] [SEVERE ] updating countdown to 58673
[21:24:01.859] [SEVERE ] updating countdown to 58559
[21:24:01.972] [SEVERE ] updating countdown to 58446
[21:24:02.084] [SEVERE ] updating countdown to 58334
[21:24:02.196] [SEVERE ] updating countdown to 58222
[21:24:02.307] [SEVERE ] updating countdown to 58111
[21:24:02.420] [SEVERE ] updating countdown to 57998
[21:24:02.531] [SEVERE ] updating countdown to 57887
[21:24:02.644] [SEVERE ] updating countdown to 57774
[21:24:02.760] [SEVERE ] updating countdown to 57658
[21:24:02.866] [SEVERE ] updating countdown to 57552
[21:24:02.978] [SEVERE ] updating countdown to 57440
[21:24:03.090] [SEVERE ] updating countdown to 57328
[21:24:03.203] [SEVERE ] updating countdown to 57215
[21:24:03.315] [SEVERE ] updating countdown to 57103
[21:24:03.426] [SEVERE ] updating countdown to 56992
[21:24:03.539] [SEVERE ] updating countdown to 56879
[21:24:03.651] [SEVERE ] updating countdown to 56767
[21:24:03.766] [SEVERE ] updating countdown to 56652
[21:24:03.871] [SEVERE ] updating countdown to 56547
[21:24:03.975] [SEVERE ] updating countdown to 56443
[21:24:04.088] [SEVERE ] updating countdown to 56330
[21:24:04.203] [SEVERE ] updating countdown to 56215
[21:24:04.308] [SEVERE ] updating countdown to 56110
[21:24:04.419] [SEVERE ] updating countdown to 55999
[21:24:04.529] [SEVERE ] updating countdown to 55889
[21:24:04.637] [SEVERE ] updating countdown to 55781
[21:24:04.746] [SEVERE ] updating countdown to 55672
[21:24:04.816] [SEVERE ] key 83 was pressed by player 1
[21:24:04.817] [SEVERE ] player 1 placing token on slot 5
[21:24:04.853] [SEVERE ] updating countdown to 55565
[21:24:04.961] [SEVERE ] updating countdown to 55457
[21:24:05.067] [SEVERE ] updating countdown to 55351
[21:24:05.178] [SEVERE ] updating countdown to 55240
[21:24:05.287] [SEVERE ] updating countdown to 55131
[21:24:05.396] [SEVERE ] updating countdown to 55022
[21:24:05.506] [SEVERE ] updating countdown to 54912
[21:24:05.615] [SEVERE ] updating countdown to 54803
[21:24:05.724] [SEVERE ] updating countdown to 54694
[21:24:05.807] [SEVERE ] key 67 was pressed by player 1
[21:24:05.807] [SEVERE ] player 1 placing token on slot 10
[21:24:05.834] [SEVERE ] updating countdown to 54584
[21:24:05.942] [SEVERE ] updating countdown to 54476
[21:24:06.051] [SEVERE ] updating countdown to 54367
[21:24:06.162] [SEVERE ] updating countdown to 54256
[21:24:06.272] [SEVERE ] updating countdown to 54146
[21:24:06.319] [SEVERE ] key 86 was pressed by player 1
[21:24:06.319] [SEVERE ] player 1 placing token on slot 11
[21:24:06.380] [SEVERE ] updating countdown to 54038
[21:24:06.380] [SEVERE ] updating countdown to 54038
[21:24:33.987] [SEVERE ] setting player 1 freeze to 1000
[21:24:34.010] [SEVERE ] setting player 1 score to 1
[21:24:34.029] [SEVERE ] setting player 1 score to 2
[21:24:38.838] [SEVERE ] updating countdown to 60000
[21:24:56.743] [SEVERE ] removing player 1 token from slot 5
[21:25:06.678] [SEVERE ] removing player 1 token from slot 10
[21:25:18.983] [SEVERE ] removing player 1 token from slot 11
