[21:08:37.479] [INFO   ] thread main starting.
[21:08:37.486] [SEVERE ] cannot read configuration file config.properties trying from resources.
[21:08:37.489] [SEVERE ] configuration file was loaded from resources directory.
[21:08:38.089] [INFO   ] thread dealer starting.
[21:08:38.091] [INFO   ] thread dealer starting.
[21:08:38.091] [INFO   ] thread player 0 starting.
[21:08:38.092] [INFO   ] thread player 1 starting.
[21:08:38.092] [INFO   ] thread player 0 starting.
[21:08:38.094] [INFO   ] thread player 1 starting.
[21:08:38.211] [SEVERE ] placing card 69 in slot 0
[21:08:38.319] [SEVERE ] placing card 71 in slot 1
[21:08:38.428] [SEVERE ] placing card 6 in slot 2
[21:08:38.537] [SEVERE ] placing card 26 in slot 3
[21:08:38.645] [SEVERE ] placing card 45 in slot 4
[21:08:38.752] [SEVERE ] placing card 66 in slot 5
[21:08:38.861] [SEVERE ] placing card 50 in slot 6
[21:08:38.968] [SEVERE ] placing card 46 in slot 7
[21:08:39.076] [SEVERE ] placing card 10 in slot 8
[21:08:39.184] [SEVERE ] placing card 72 in slot 9
[21:08:39.293] [SEVERE ] placing card 76 in slot 10
[21:08:39.400] [SEVERE ] placing card 47 in slot 11
[21:08:39.407] [SEVERE ] updating countdown to 60000
[21:08:39.524] [SEVERE ] updating countdown to 59883
[21:08:39.634] [SEVERE ] updating countdown to 59773
[21:08:39.743] [SEVERE ] updating countdown to 59664
[21:08:39.853] [SEVERE ] updating countdown to 59554
[21:08:39.962] [SEVERE ] updating countdown to 59445
[21:08:40.071] [SEVERE ] updating countdown to 59336
[21:08:40.181] [SEVERE ] updating countdown to 59226
[21:08:40.288] [SEVERE ] updating countdown to 59119
[21:08:40.326] [SEVERE ] key 81 was pressed by player 1
[21:08:40.327] [SEVERE ] player 1 placing token on slot 0
[21:08:40.328] [SEVERE ] key 69 was pressed by player 1
[21:08:40.328] [SEVERE ] player 1 placing token on slot 2
[21:08:40.328] [SEVERE ] key 87 was pressed by player 1
[21:08:40.329] [SEVERE ] player 1 placing token on slot 1
[21:08:40.396] [SEVERE ] updating countdown to 59011
[21:08:40.397] [SEVERE ] updating countdown to 59010
[21:08:44.507] [SEVERE ] key 69 was pressed by player 1
[21:08:45.242] [SEVERE ] key 81 was pressed by player 1
[21:08:45.371] [SEVERE ] key 87 was pressed by player 1
[21:08:45.403] [SEVERE ] key 69 was pressed by player 1
[21:08:45.671] [SEVERE ] key 81 was pressed by player 1
[21:08:45.732] [SEVERE ] key 87 was pressed by player 1
[21:08:45.866] [SEVERE ] key 69 was pressed by player 1
[21:10:20.703] [SEVERE ] setting player 1 freeze to 1000
[21:10:20.714] [SEVERE ] setting player 1 score to 1
[21:10:20.723] [SEVERE ] setting player 1 score to 2
[21:10:35.800] [SEVERE ] setting player 1 freeze to 3000
[21:11:12.704] [SEVERE ] exit button pressed
