[17:30:09.482] [INFO   ] thread main starting.
[17:30:09.490] [SEVERE ] cannot read configuration file config.properties trying from resources.
[17:30:09.494] [SEVERE ] configuration file was loaded from resources directory.
[17:30:10.177] [INFO   ] thread dealer starting.
[17:30:10.177] [INFO   ] thread dealer starting.
[17:30:10.300] [SEVERE ] placing card 0 in slot 0
[17:30:10.417] [SEVERE ] placing card 1 in slot 1
[17:30:10.534] [SEVERE ] placing card 2 in slot 2
[17:30:10.638] [SEVERE ] placing card 3 in slot 3
[17:30:10.750] [SEVERE ] placing card 4 in slot 4
[17:30:10.852] [SEVERE ] placing card 5 in slot 5
[17:30:10.967] [SEVERE ] placing card 6 in slot 6
[17:30:11.077] [SEVERE ] placing card 7 in slot 7
[17:30:11.187] [SEVERE ] placing card 8 in slot 8
[17:30:11.295] [SEVERE ] placing card 9 in slot 9
[17:30:11.403] [SEVERE ] placing card 10 in slot 10
[17:30:11.510] [SEVERE ] placing card 11 in slot 11
[17:30:11.534] [SEVERE ] updating countdown to 60000
[17:30:11.650] [SEVERE ] updating countdown to 59884
[17:30:11.759] [SEVERE ] updating countdown to 59775
[17:30:11.866] [SEVERE ] updating countdown to 59668
[17:30:11.974] [SEVERE ] updating countdown to 59560
[17:30:12.083] [SEVERE ] updating countdown to 59451
[17:30:12.192] [SEVERE ] updating countdown to 59342
[17:30:12.301] [SEVERE ] updating countdown to 59233
[17:30:12.409] [SEVERE ] updating countdown to 59125
[17:30:12.517] [SEVERE ] updating countdown to 59017
[17:30:12.626] [SEVERE ] updating countdown to 58908
[17:30:12.734] [SEVERE ] updating countdown to 58800
[17:30:12.843] [SEVERE ] updating countdown to 58691
[17:30:12.953] [SEVERE ] updating countdown to 58581
[17:30:13.063] [SEVERE ] updating countdown to 58471
[17:30:13.173] [SEVERE ] updating countdown to 58361
[17:30:13.281] [SEVERE ] updating countdown to 58253
[17:30:13.392] [SEVERE ] updating countdown to 58142
[17:30:13.501] [SEVERE ] updating countdown to 58033
[17:30:13.609] [SEVERE ] updating countdown to 57925
[17:30:13.717] [SEVERE ] updating countdown to 57817
[17:30:13.827] [SEVERE ] updating countdown to 57707
[17:30:13.935] [SEVERE ] updating countdown to 57599
[17:30:14.043] [SEVERE ] updating countdown to 57491
[17:30:14.150] [SEVERE ] updating countdown to 57384
[17:30:14.259] [SEVERE ] updating countdown to 57275
[17:30:14.366] [SEVERE ] updating countdown to 57168
[17:30:14.472] [SEVERE ] updating countdown to 57062
[17:30:14.580] [SEVERE ] updating countdown to 56954
[17:30:14.689] [SEVERE ] updating countdown to 56845
[17:30:14.799] [SEVERE ] updating countdown to 56735
[17:30:14.909] [SEVERE ] updating countdown to 56625
[17:30:15.018] [SEVERE ] updating countdown to 56516
[17:30:15.127] [SEVERE ] updating countdown to 56407
[17:30:15.237] [SEVERE ] updating countdown to 56297
[17:30:15.345] [SEVERE ] updating countdown to 56189
[17:30:15.455] [SEVERE ] updating countdown to 56079
[17:30:15.564] [SEVERE ] updating countdown to 55970
[17:30:15.673] [SEVERE ] updating countdown to 55861
[17:30:15.783] [SEVERE ] updating countdown to 55751
[17:30:15.893] [SEVERE ] updating countdown to 55641
[17:30:16.001] [SEVERE ] updating countdown to 55533
[17:30:16.110] [SEVERE ] updating countdown to 55424
[17:30:16.217] [SEVERE ] updating countdown to 55317
[17:30:16.324] [SEVERE ] updating countdown to 55210
[17:30:16.430] [SEVERE ] updating countdown to 55104
[17:30:16.539] [SEVERE ] updating countdown to 54995
[17:30:16.648] [SEVERE ] updating countdown to 54886
[17:30:16.758] [SEVERE ] updating countdown to 54776
[17:30:16.867] [SEVERE ] updating countdown to 54667
[17:30:16.975] [SEVERE ] updating countdown to 54559
[17:30:17.083] [SEVERE ] updating countdown to 54451
[17:30:17.192] [SEVERE ] updating countdown to 54342
[17:30:17.300] [SEVERE ] updating countdown to 54234
[17:30:17.410] [SEVERE ] updating countdown to 54124
[17:30:17.519] [SEVERE ] updating countdown to 54015
[17:30:17.627] [SEVERE ] updating countdown to 53907
[17:30:17.735] [SEVERE ] updating countdown to 53799
[17:30:17.843] [SEVERE ] updating countdown to 53691
[17:30:17.953] [SEVERE ] updating countdown to 53581
[17:30:18.061] [SEVERE ] updating countdown to 53473
[17:30:18.170] [SEVERE ] updating countdown to 53364
[17:30:18.278] [SEVERE ] updating countdown to 53256
[17:30:18.387] [SEVERE ] updating countdown to 53147
[17:30:18.502] [SEVERE ] updating countdown to 53032
[17:30:18.610] [SEVERE ] updating countdown to 52924
[17:30:18.718] [SEVERE ] updating countdown to 52816
[17:30:18.827] [SEVERE ] updating countdown to 52707
[17:30:18.934] [SEVERE ] updating countdown to 52600
[17:30:19.044] [SEVERE ] updating countdown to 52490
[17:30:19.149] [SEVERE ] updating countdown to 52385
[17:30:19.258] [SEVERE ] updating countdown to 52277
[17:30:19.366] [SEVERE ] updating countdown to 52168
[17:30:19.475] [SEVERE ] updating countdown to 52059
[17:30:19.583] [SEVERE ] updating countdown to 51951
[17:30:19.693] [SEVERE ] updating countdown to 51841
[17:30:19.803] [SEVERE ] updating countdown to 51731
[17:30:19.909] [SEVERE ] updating countdown to 51625
[17:30:20.018] [SEVERE ] updating countdown to 51516
[17:30:20.127] [SEVERE ] updating countdown to 51407
[17:30:20.237] [SEVERE ] updating countdown to 51297
[17:30:20.345] [SEVERE ] updating countdown to 51189
[17:30:20.453] [SEVERE ] updating countdown to 51081
[17:30:20.560] [SEVERE ] updating countdown to 50974
[17:30:20.668] [SEVERE ] updating countdown to 50866
[17:30:20.775] [SEVERE ] updating countdown to 50759
[17:30:20.883] [SEVERE ] updating countdown to 50651
[17:30:20.993] [SEVERE ] updating countdown to 50541
[17:30:21.103] [SEVERE ] updating countdown to 50431
[17:30:21.212] [SEVERE ] updating countdown to 50322
[17:30:21.322] [SEVERE ] updating countdown to 50212
[17:30:21.427] [SEVERE ] updating countdown to 50107
[17:30:21.535] [SEVERE ] updating countdown to 49999
[17:30:21.643] [SEVERE ] updating countdown to 49891
[17:30:21.754] [SEVERE ] updating countdown to 49780
[17:30:21.864] [SEVERE ] updating countdown to 49670
[17:30:21.973] [SEVERE ] updating countdown to 49561
[17:30:22.083] [SEVERE ] updating countdown to 49451
[17:30:22.192] [SEVERE ] updating countdown to 49342
[17:30:22.300] [SEVERE ] updating countdown to 49234
[17:30:22.408] [SEVERE ] updating countdown to 49126
[17:30:22.517] [SEVERE ] updating countdown to 49017
[17:30:22.629] [SEVERE ] updating countdown to 48905
[17:30:22.739] [SEVERE ] updating countdown to 48795
[17:30:22.848] [SEVERE ] updating countdown to 48686
[17:30:22.955] [SEVERE ] updating countdown to 48579
[17:30:23.064] [SEVERE ] updating countdown to 48470
[17:30:23.172] [SEVERE ] updating countdown to 48362
[17:30:23.281] [SEVERE ] updating countdown to 48253
[17:30:23.392] [SEVERE ] updating countdown to 48142
[17:30:23.503] [SEVERE ] updating countdown to 48031
[17:30:23.612] [SEVERE ] updating countdown to 47922
[17:30:23.722] [SEVERE ] updating countdown to 47812
[17:30:23.829] [SEVERE ] updating countdown to 47705
[17:30:23.938] [SEVERE ] updating countdown to 47596
[17:30:24.047] [SEVERE ] updating countdown to 47487
[17:30:24.157] [SEVERE ] updating countdown to 47377
[17:30:24.265] [SEVERE ] updating countdown to 47269
[17:30:24.373] [SEVERE ] updating countdown to 47161
[17:30:24.482] [SEVERE ] updating countdown to 47052
[17:30:24.592] [SEVERE ] updating countdown to 46942
[17:30:24.700] [SEVERE ] updating countdown to 46834
[17:30:24.810] [SEVERE ] updating countdown to 46724
[17:30:24.919] [SEVERE ] updating countdown to 46615
[17:30:25.027] [SEVERE ] updating countdown to 46507
[17:30:25.135] [SEVERE ] updating countdown to 46399
[17:30:25.243] [SEVERE ] updating countdown to 46291
[17:30:25.353] [SEVERE ] updating countdown to 46181
[17:30:25.461] [SEVERE ] updating countdown to 46073
[17:30:25.572] [SEVERE ] updating countdown to 45962
[17:30:25.682] [SEVERE ] updating countdown to 45852
[17:30:25.790] [SEVERE ] updating countdown to 45744
[17:30:25.899] [SEVERE ] updating countdown to 45635
[17:30:26.007] [SEVERE ] updating countdown to 45527
[17:30:26.118] [SEVERE ] updating countdown to 45416
[17:30:26.228] [SEVERE ] updating countdown to 45306
[17:30:26.338] [SEVERE ] updating countdown to 45196
[17:30:26.445] [SEVERE ] updating countdown to 45089
[17:30:26.554] [SEVERE ] updating countdown to 44980
[17:30:26.664] [SEVERE ] updating countdown to 44870
[17:30:26.773] [SEVERE ] updating countdown to 44761
[17:30:26.881] [SEVERE ] updating countdown to 44653
[17:30:26.989] [SEVERE ] updating countdown to 44545
[17:30:27.098] [SEVERE ] updating countdown to 44436
[17:30:27.207] [SEVERE ] updating countdown to 44327
[17:30:27.317] [SEVERE ] updating countdown to 44217
[17:30:27.424] [SEVERE ] updating countdown to 44110
[17:30:27.531] [SEVERE ] updating countdown to 44003
[17:30:27.640] [SEVERE ] updating countdown to 43894
[17:30:27.748] [SEVERE ] updating countdown to 43786
[17:30:27.856] [SEVERE ] updating countdown to 43678
[17:30:27.900] [SEVERE ] key 81 was pressed by player 1
[17:30:27.900] [SEVERE ] player 1 placing token on slot 0
[17:30:27.964] [SEVERE ] updating countdown to 43570
[17:30:27.993] [SEVERE ] key 87 was pressed by player 1
[17:30:27.993] [SEVERE ] player 1 placing token on slot 1
[17:30:28.072] [SEVERE ] updating countdown to 43462
[17:30:28.104] [SEVERE ] key 69 was pressed by player 1
[17:30:28.104] [SEVERE ] player 1 placing token on slot 2
[17:30:28.180] [SEVERE ] updating countdown to 43354
[17:30:28.290] [SEVERE ] updating countdown to 43244
[17:30:28.399] [SEVERE ] updating countdown to 43135
[17:30:28.508] [SEVERE ] updating countdown to 43026
[17:30:28.617] [SEVERE ] updating countdown to 42917
[17:30:28.725] [SEVERE ] updating countdown to 42809
[17:30:28.770] [SEVERE ] key 69 was pressed by player 1
[17:30:28.824] [SEVERE ] key 81 was pressed by player 1
[17:30:28.835] [SEVERE ] updating countdown to 42699
[17:30:28.850] [SEVERE ] key 87 was pressed by player 1
[17:30:28.944] [SEVERE ] updating countdown to 42590
[17:30:29.052] [SEVERE ] updating countdown to 42482
[17:30:29.160] [SEVERE ] updating countdown to 42374
[17:30:29.251] [SEVERE ] key 69 was pressed by player 1
[17:30:29.269] [SEVERE ] updating countdown to 42265
[17:30:29.379] [SEVERE ] updating countdown to 42155
[17:30:29.433] [SEVERE ] key 87 was pressed by player 1
[17:30:29.466] [SEVERE ] key 81 was pressed by player 1
[17:30:29.489] [SEVERE ] updating countdown to 42045
[17:30:29.595] [SEVERE ] updating countdown to 41939
[17:30:29.703] [SEVERE ] updating countdown to 41831
[17:30:29.801] [SEVERE ] key 82 was pressed by player 1
[17:30:29.810] [SEVERE ] updating countdown to 41724
[17:30:29.922] [SEVERE ] updating countdown to 41613
[17:30:30.030] [SEVERE ] updating countdown to 41504
[17:30:30.046] [SEVERE ] key 82 was pressed by player 1
[17:30:30.138] [SEVERE ] updating countdown to 41396
[17:30:30.226] [SEVERE ] key 82 was pressed by player 1
[17:30:30.248] [SEVERE ] updating countdown to 41286
[17:30:30.356] [SEVERE ] updating countdown to 41178
[17:30:30.373] [SEVERE ] key 81 was pressed by player 1
[17:30:30.407] [SEVERE ] key 87 was pressed by player 1
[17:30:30.465] [SEVERE ] updating countdown to 41069
[17:30:30.534] [SEVERE ] key 82 was pressed by player 1
[17:30:30.574] [SEVERE ] updating countdown to 40960
[17:30:30.666] [SEVERE ] key 81 was pressed by player 1
[17:30:30.676] [SEVERE ] key 87 was pressed by player 1
[17:30:30.684] [SEVERE ] updating countdown to 40850
[17:30:30.732] [SEVERE ] key 69 was pressed by player 1
[17:30:30.793] [SEVERE ] updating countdown to 40741
[17:30:30.886] [SEVERE ] key 81 was pressed by player 1
[17:30:30.900] [SEVERE ] updating countdown to 40634
[17:30:30.908] [SEVERE ] key 87 was pressed by player 1
[17:30:30.993] [SEVERE ] key 69 was pressed by player 1
[17:30:31.009] [SEVERE ] updating countdown to 40525
[17:30:31.091] [SEVERE ] key 81 was pressed by player 1
[17:30:31.100] [SEVERE ] key 87 was pressed by player 1
[17:30:31.117] [SEVERE ] updating countdown to 40417
[17:30:31.226] [SEVERE ] updating countdown to 40308
[17:30:31.230] [SEVERE ] key 69 was pressed by player 1
[17:30:31.335] [SEVERE ] updating countdown to 40199
[17:30:31.445] [SEVERE ] updating countdown to 40089
[17:30:31.554] [SEVERE ] updating countdown to 39980
[17:30:31.662] [SEVERE ] updating countdown to 39872
[17:30:31.769] [SEVERE ] updating countdown to 39765
[17:30:31.878] [SEVERE ] updating countdown to 39656
[17:30:31.986] [SEVERE ] updating countdown to 39548
[17:30:32.094] [SEVERE ] updating countdown to 39440
[17:30:32.202] [SEVERE ] updating countdown to 39332
[17:30:32.309] [SEVERE ] updating countdown to 39225
[17:30:32.418] [SEVERE ] updating countdown to 39116
[17:30:32.525] [SEVERE ] updating countdown to 39009
[17:30:32.635] [SEVERE ] updating countdown to 38899
[17:30:32.743] [SEVERE ] updating countdown to 38791
[17:30:32.852] [SEVERE ] updating countdown to 38682
[17:30:32.959] [SEVERE ] updating countdown to 38575
[17:30:33.067] [SEVERE ] updating countdown to 38467
[17:30:33.176] [SEVERE ] updating countdown to 38358
[17:30:33.285] [SEVERE ] updating countdown to 38249
[17:30:33.394] [SEVERE ] updating countdown to 38140
[17:30:33.503] [SEVERE ] updating countdown to 38031
[17:30:33.609] [SEVERE ] updating countdown to 37925
[17:30:33.646] [SEVERE ] exit button pressed
[17:30:33.717] [SEVERE ] updating countdown to 37817
[17:30:33.826] [SEVERE ] updating countdown to 37708
[17:30:33.933] [SEVERE ] updating countdown to 37601
[17:30:34.039] [SEVERE ] updating countdown to 37495
[17:30:34.149] [SEVERE ] updating countdown to 37385
[17:30:34.258] [SEVERE ] updating countdown to 37276
[17:30:34.359] [SEVERE ] updating countdown to 37175
[17:30:34.469] [SEVERE ] updating countdown to 37065
[17:30:34.577] [SEVERE ] updating countdown to 36957
[17:30:34.686] [SEVERE ] updating countdown to 36848
[17:30:34.795] [SEVERE ] updating countdown to 36739
[17:30:34.901] [SEVERE ] updating countdown to 36633
[17:30:35.002] [SEVERE ] updating countdown to 36532
[17:30:35.112] [SEVERE ] updating countdown to 36422
[17:30:35.222] [SEVERE ] updating countdown to 36312
[17:30:35.341] [SEVERE ] updating countdown to 36193
[17:30:35.446] [SEVERE ] updating countdown to 36088
[17:30:35.562] [SEVERE ] updating countdown to 35972
[17:30:35.669] [SEVERE ] updating countdown to 35865
[17:30:35.782] [SEVERE ] updating countdown to 35752
[17:30:35.885] [SEVERE ] updating countdown to 35649
[17:30:35.985] [SEVERE ] updating countdown to 35549
[17:30:36.099] [SEVERE ] updating countdown to 35436
[17:30:36.200] [SEVERE ] updating countdown to 35334
[17:30:36.301] [SEVERE ] updating countdown to 35233
[17:30:36.406] [SEVERE ] updating countdown to 35128
[17:30:36.517] [SEVERE ] updating countdown to 35017
[17:30:36.617] [SEVERE ] updating countdown to 34917
[17:30:36.718] [SEVERE ] updating countdown to 34816
[17:30:36.822] [SEVERE ] updating countdown to 34712
[17:30:36.936] [SEVERE ] updating countdown to 34598
[17:30:37.049] [SEVERE ] updating countdown to 34485
[17:30:37.150] [SEVERE ] updating countdown to 34384
[17:30:37.255] [SEVERE ] updating countdown to 34279
[17:30:37.367] [SEVERE ] updating countdown to 34167
[17:30:37.479] [SEVERE ] updating countdown to 34055
[17:30:37.583] [SEVERE ] updating countdown to 33951
[17:30:37.688] [SEVERE ] updating countdown to 33846
