[20:52:54.562] [INFO   ] thread main starting.
[20:52:54.570] [SEVERE ] cannot read configuration file config.properties trying from resources.
[20:52:54.573] [SEVERE ] configuration file was loaded from resources directory.
[20:52:55.195] [INFO   ] thread dealer starting.
[20:52:55.196] [INFO   ] thread dealer starting.
[20:52:55.198] [INFO   ] thread Meni starting.
[20:52:55.198] [INFO   ] thread Marina starting.
[20:52:55.328] [SEVERE ] placing card 79 in slot 0
[20:52:55.430] [SEVERE ] placing card 71 in slot 1
[20:52:55.546] [SEVERE ] placing card 19 in slot 2
[20:52:55.662] [SEVERE ] placing card 49 in slot 3
[20:52:55.778] [SEVERE ] placing card 10 in slot 4
[20:52:55.880] [SEVERE ] placing card 16 in slot 5
[20:52:55.996] [SEVERE ] placing card 72 in slot 6
[20:52:56.108] [SEVERE ] placing card 63 in slot 7
[20:52:56.217] [SEVERE ] placing card 62 in slot 8
[20:52:56.325] [SEVERE ] placing card 40 in slot 9
[20:52:56.435] [SEVERE ] placing card 22 in slot 10
[20:52:56.545] [SEVERE ] placing card 36 in slot 11
[20:52:56.555] [SEVERE ] updating countdown to 60000
[20:52:56.667] [SEVERE ] updating countdown to 59888
[20:52:56.776] [SEVERE ] updating countdown to 59779
[20:52:56.884] [SEVERE ] updating countdown to 59671
[20:52:56.992] [SEVERE ] updating countdown to 59563
[20:52:57.103] [SEVERE ] updating countdown to 59452
[20:52:57.212] [SEVERE ] updating countdown to 59343
[20:52:57.321] [SEVERE ] updating countdown to 59234
[20:52:57.431] [SEVERE ] updating countdown to 59124
[20:52:57.541] [SEVERE ] updating countdown to 59014
[20:52:57.651] [SEVERE ] updating countdown to 58904
[20:52:57.762] [SEVERE ] updating countdown to 58793
[20:52:57.825] [SEVERE ] key 87 was pressed by player 1
[20:52:57.825] [SEVERE ] player 1 placing token on slot 1
[20:52:57.830] [SEVERE ] key 69 was pressed by player 1
[20:52:57.830] [SEVERE ] player 1 placing token on slot 2
[20:52:57.838] [SEVERE ] key 81 was pressed by player 1
[20:52:57.838] [SEVERE ] player 1 placing token on slot 0
[20:52:57.872] [SEVERE ] updating countdown to 58683
[20:52:57.872] [SEVERE ] updating countdown to 58683
[20:52:57.872] [SEVERE ] setting player 1 freeze to 1000
[20:52:57.873] [SEVERE ] setting player 1 score to 1
[20:52:57.873] [SEVERE ] setting player 1 score to 2
[20:52:57.873] [SEVERE ] setting player 1 freeze to 3000
[20:52:57.981] [SEVERE ] updating countdown to 58574
[20:52:58.090] [SEVERE ] updating countdown to 58465
[20:52:58.200] [SEVERE ] updating countdown to 58355
[20:52:58.308] [SEVERE ] updating countdown to 58247
[20:52:58.418] [SEVERE ] updating countdown to 58137
[20:52:58.529] [SEVERE ] updating countdown to 58026
[20:52:58.638] [SEVERE ] updating countdown to 57917
[20:52:58.747] [SEVERE ] updating countdown to 57808
[20:52:58.806] [SEVERE ] key 81 was pressed by player 1
[20:52:58.856] [SEVERE ] updating countdown to 57699
[20:52:58.910] [SEVERE ] key 87 was pressed by player 1
[20:52:58.943] [SEVERE ] key 69 was pressed by player 1
[20:52:58.965] [SEVERE ] updating countdown to 57590
[20:52:59.076] [SEVERE ] updating countdown to 57479
[20:52:59.185] [SEVERE ] updating countdown to 57370
[20:52:59.293] [SEVERE ] updating countdown to 57262
[20:52:59.350] [SEVERE ] key 81 was pressed by player 1
[20:52:59.402] [SEVERE ] updating countdown to 57153
[20:52:59.432] [SEVERE ] key 69 was pressed by player 1
[20:52:59.511] [SEVERE ] updating countdown to 57044
[20:52:59.621] [SEVERE ] updating countdown to 56934
[20:52:59.726] [SEVERE ] key 87 was pressed by player 1
[20:52:59.728] [SEVERE ] updating countdown to 56827
[20:52:59.758] [SEVERE ] key 81 was pressed by player 1
[20:52:59.783] [SEVERE ] key 69 was pressed by player 1
[20:52:59.838] [SEVERE ] updating countdown to 56717
[20:52:59.911] [SEVERE ] key 81 was pressed by player 1
[20:52:59.947] [SEVERE ] updating countdown to 56608
[20:52:59.950] [SEVERE ] key 87 was pressed by player 1
[20:53:00.056] [SEVERE ] updating countdown to 56499
[20:53:00.072] [SEVERE ] key 69 was pressed by player 1
[20:53:00.165] [SEVERE ] updating countdown to 56390
[20:53:00.183] [SEVERE ] key 81 was pressed by player 1
[20:53:00.199] [SEVERE ] key 87 was pressed by player 1
[20:53:00.275] [SEVERE ] updating countdown to 56280
[20:53:00.350] [SEVERE ] key 69 was pressed by player 1
[20:53:00.383] [SEVERE ] updating countdown to 56172
[20:53:00.492] [SEVERE ] updating countdown to 56063
[20:53:00.494] [SEVERE ] key 81 was pressed by player 1
[20:53:00.502] [SEVERE ] key 87 was pressed by player 1
[20:53:00.600] [SEVERE ] updating countdown to 55955
[20:53:00.638] [SEVERE ] key 69 was pressed by player 1
[20:53:00.710] [SEVERE ] updating countdown to 55845
[20:53:00.760] [SEVERE ] key 81 was pressed by player 1
[20:53:00.783] [SEVERE ] key 87 was pressed by player 1
[20:53:00.819] [SEVERE ] updating countdown to 55736
[20:53:00.910] [SEVERE ] key 69 was pressed by player 1
[20:53:00.928] [SEVERE ] updating countdown to 55627
[20:53:01.035] [SEVERE ] updating countdown to 55520
[20:53:01.063] [SEVERE ] key 81 was pressed by player 1
[20:53:01.078] [SEVERE ] key 87 was pressed by player 1
[20:53:01.145] [SEVERE ] updating countdown to 55410
[20:53:01.230] [SEVERE ] key 69 was pressed by player 1
[20:53:01.254] [SEVERE ] updating countdown to 55301
[20:53:01.361] [SEVERE ] updating countdown to 55194
[20:53:01.430] [SEVERE ] key 81 was pressed by player 1
[20:53:01.470] [SEVERE ] updating countdown to 55085
[20:53:01.579] [SEVERE ] updating countdown to 54976
[20:53:01.630] [SEVERE ] key 87 was pressed by player 1
[20:53:01.688] [SEVERE ] updating countdown to 54867
[20:53:01.796] [SEVERE ] updating countdown to 54759
[20:53:01.855] [SEVERE ] key 69 was pressed by player 1
[20:53:01.905] [SEVERE ] updating countdown to 54650
[20:53:02.016] [SEVERE ] updating countdown to 54539
[20:53:02.124] [SEVERE ] updating countdown to 54431
[20:53:02.232] [SEVERE ] updating countdown to 54323
[20:53:02.239] [SEVERE ] key 69 was pressed by player 1
[20:53:02.327] [SEVERE ] key 87 was pressed by player 1
[20:53:02.342] [SEVERE ] updating countdown to 54213
[20:53:02.392] [SEVERE ] key 81 was pressed by player 1
[20:53:02.451] [SEVERE ] updating countdown to 54104
[20:53:02.561] [SEVERE ] updating countdown to 53994
[20:53:02.670] [SEVERE ] updating countdown to 53885
[20:53:02.710] [SEVERE ] key 81 was pressed by player 1
[20:53:02.780] [SEVERE ] updating countdown to 53775
[20:53:02.863] [SEVERE ] key 87 was pressed by player 1
[20:53:02.888] [SEVERE ] updating countdown to 53667
[20:53:02.995] [SEVERE ] updating countdown to 53560
[20:53:03.102] [SEVERE ] updating countdown to 53453
[20:53:03.209] [SEVERE ] updating countdown to 53346
[20:53:03.257] [SEVERE ] key 69 was pressed by player 1
[20:53:03.319] [SEVERE ] updating countdown to 53236
[20:53:03.392] [SEVERE ] key 87 was pressed by player 1
[20:53:03.398] [SEVERE ] key 81 was pressed by player 1
[20:53:03.428] [SEVERE ] updating countdown to 53127
[20:53:03.537] [SEVERE ] key 69 was pressed by player 1
[20:53:03.539] [SEVERE ] updating countdown to 53016
[20:53:03.648] [SEVERE ] updating countdown to 52907
[20:53:03.759] [SEVERE ] updating countdown to 52796
[20:53:03.766] [SEVERE ] key 81 was pressed by player 1
[20:53:03.868] [SEVERE ] updating countdown to 52687
[20:53:03.906] [SEVERE ] key 87 was pressed by player 1
[20:53:03.978] [SEVERE ] updating countdown to 52577
[20:53:04.087] [SEVERE ] updating countdown to 52468
[20:53:04.197] [SEVERE ] updating countdown to 52358
[20:53:04.304] [SEVERE ] updating countdown to 52251
[20:53:04.413] [SEVERE ] updating countdown to 52142
[20:53:04.521] [SEVERE ] updating countdown to 52034
[20:53:04.630] [SEVERE ] updating countdown to 51925
[20:53:04.739] [SEVERE ] updating countdown to 51816
[20:53:04.848] [SEVERE ] updating countdown to 51707
[20:53:04.956] [SEVERE ] updating countdown to 51599
[20:53:05.064] [SEVERE ] updating countdown to 51491
[20:53:05.174] [SEVERE ] updating countdown to 51381
[20:53:05.282] [SEVERE ] updating countdown to 51273
[20:53:05.390] [SEVERE ] updating countdown to 51165
[20:53:05.498] [SEVERE ] updating countdown to 51057
[20:53:05.608] [SEVERE ] updating countdown to 50947
[20:53:05.718] [SEVERE ] updating countdown to 50837
[20:53:05.826] [SEVERE ] updating countdown to 50729
[20:53:05.935] [SEVERE ] updating countdown to 50620
[20:53:06.044] [SEVERE ] updating countdown to 50511
[20:53:06.150] [SEVERE ] updating countdown to 50405
[20:53:06.261] [SEVERE ] updating countdown to 50294
[20:53:06.371] [SEVERE ] updating countdown to 50184
[20:53:06.479] [SEVERE ] updating countdown to 50076
[20:53:06.587] [SEVERE ] updating countdown to 49968
[20:53:06.696] [SEVERE ] updating countdown to 49859
[20:53:06.807] [SEVERE ] updating countdown to 49748
[20:53:06.916] [SEVERE ] updating countdown to 49639
[20:53:07.025] [SEVERE ] updating countdown to 49530
[20:53:07.134] [SEVERE ] updating countdown to 49421
[20:53:07.243] [SEVERE ] updating countdown to 49312
[20:53:07.354] [SEVERE ] updating countdown to 49201
[20:53:07.463] [SEVERE ] updating countdown to 49092
[20:53:07.570] [SEVERE ] updating countdown to 48985
[20:53:07.681] [SEVERE ] updating countdown to 48874
[20:53:07.790] [SEVERE ] updating countdown to 48765
[20:53:07.898] [SEVERE ] updating countdown to 48657
[20:53:08.007] [SEVERE ] updating countdown to 48548
[20:53:08.114] [SEVERE ] updating countdown to 48441
[20:53:08.225] [SEVERE ] updating countdown to 48330
[20:53:08.335] [SEVERE ] updating countdown to 48220
[20:53:08.446] [SEVERE ] updating countdown to 48109
[20:53:08.555] [SEVERE ] updating countdown to 48000
[20:53:08.665] [SEVERE ] updating countdown to 47890
[20:53:08.774] [SEVERE ] updating countdown to 47781
[20:53:08.881] [SEVERE ] updating countdown to 47674
[20:53:08.990] [SEVERE ] updating countdown to 47565
[20:53:09.098] [SEVERE ] updating countdown to 47457
[20:53:09.209] [SEVERE ] updating countdown to 47346
[20:53:09.319] [SEVERE ] updating countdown to 47236
[20:53:09.428] [SEVERE ] updating countdown to 47127
[20:53:09.536] [SEVERE ] updating countdown to 47019
[20:53:09.647] [SEVERE ] updating countdown to 46908
[20:53:09.756] [SEVERE ] updating countdown to 46799
[20:53:09.864] [SEVERE ] updating countdown to 46691
[20:53:09.973] [SEVERE ] updating countdown to 46582
[20:53:10.081] [SEVERE ] updating countdown to 46474
[20:53:10.190] [SEVERE ] updating countdown to 46365
[20:53:10.299] [SEVERE ] updating countdown to 46256
[20:53:10.411] [SEVERE ] updating countdown to 46144
[20:53:10.520] [SEVERE ] updating countdown to 46035
[20:53:10.630] [SEVERE ] updating countdown to 45925
[20:53:10.738] [SEVERE ] updating countdown to 45817
[20:53:10.847] [SEVERE ] updating countdown to 45708
[20:53:10.955] [SEVERE ] updating countdown to 45600
[20:53:11.071] [SEVERE ] updating countdown to 45484
[20:53:11.173] [SEVERE ] updating countdown to 45382
[20:53:11.286] [SEVERE ] updating countdown to 45269
[20:53:11.395] [SEVERE ] updating countdown to 45160
[20:53:11.501] [SEVERE ] updating countdown to 45054
[20:53:11.610] [SEVERE ] updating countdown to 44945
[20:53:11.720] [SEVERE ] updating countdown to 44835
[20:53:11.829] [SEVERE ] updating countdown to 44726
[20:53:11.934] [SEVERE ] updating countdown to 44621
[20:53:12.044] [SEVERE ] updating countdown to 44511
[20:53:12.152] [SEVERE ] updating countdown to 44403
[20:53:12.261] [SEVERE ] updating countdown to 44294
[20:53:12.370] [SEVERE ] updating countdown to 44185
[20:53:12.479] [SEVERE ] updating countdown to 44076
[20:53:12.588] [SEVERE ] updating countdown to 43967
[20:53:12.697] [SEVERE ] updating countdown to 43858
[20:53:12.805] [SEVERE ] updating countdown to 43750
[20:53:12.915] [SEVERE ] updating countdown to 43640
[20:53:13.025] [SEVERE ] updating countdown to 43530
[20:53:13.133] [SEVERE ] updating countdown to 43422
[20:53:13.242] [SEVERE ] updating countdown to 43313
[20:53:13.351] [SEVERE ] updating countdown to 43204
[20:53:13.460] [SEVERE ] updating countdown to 43095
[20:53:13.570] [SEVERE ] updating countdown to 42985
[20:53:13.680] [SEVERE ] updating countdown to 42875
[20:53:13.789] [SEVERE ] updating countdown to 42766
[20:53:13.898] [SEVERE ] updating countdown to 42657
[20:53:14.007] [SEVERE ] updating countdown to 42548
[20:53:14.113] [SEVERE ] updating countdown to 42442
[20:53:14.221] [SEVERE ] updating countdown to 42334
[20:53:14.330] [SEVERE ] updating countdown to 42225
[20:53:14.437] [SEVERE ] updating countdown to 42118
[20:53:14.544] [SEVERE ] updating countdown to 42011
[20:53:14.655] [SEVERE ] updating countdown to 41900
[20:53:14.764] [SEVERE ] updating countdown to 41791
[20:53:14.871] [SEVERE ] updating countdown to 41684
[20:53:14.980] [SEVERE ] updating countdown to 41575
[20:53:15.086] [SEVERE ] updating countdown to 41469
[20:53:15.193] [SEVERE ] updating countdown to 41362
[20:53:15.302] [SEVERE ] updating countdown to 41253
[20:53:15.411] [SEVERE ] updating countdown to 41144
[20:53:15.521] [SEVERE ] updating countdown to 41034
[20:53:15.631] [SEVERE ] updating countdown to 40924
[20:53:15.739] [SEVERE ] updating countdown to 40816
[20:53:15.846] [SEVERE ] updating countdown to 40709
[20:53:15.955] [SEVERE ] updating countdown to 40600
[20:53:16.063] [SEVERE ] updating countdown to 40492
[20:53:16.172] [SEVERE ] updating countdown to 40383
[20:53:16.280] [SEVERE ] updating countdown to 40275
[20:53:16.389] [SEVERE ] updating countdown to 40166
[20:53:16.498] [SEVERE ] updating countdown to 40057
[20:53:16.609] [SEVERE ] updating countdown to 39946
[20:53:16.718] [SEVERE ] updating countdown to 39837
[20:53:16.825] [SEVERE ] updating countdown to 39730
[20:53:16.932] [SEVERE ] updating countdown to 39623
[20:53:17.041] [SEVERE ] updating countdown to 39514
[20:53:17.150] [SEVERE ] updating countdown to 39405
[20:53:17.258] [SEVERE ] updating countdown to 39297
[20:53:17.366] [SEVERE ] updating countdown to 39189
[20:53:17.474] [SEVERE ] updating countdown to 39081
[20:53:17.582] [SEVERE ] updating countdown to 38973
[20:53:17.689] [SEVERE ] updating countdown to 38866
[20:53:17.798] [SEVERE ] updating countdown to 38757
[20:53:17.906] [SEVERE ] updating countdown to 38649
[20:53:18.015] [SEVERE ] updating countdown to 38540
[20:53:18.123] [SEVERE ] updating countdown to 38432
[20:53:18.234] [SEVERE ] updating countdown to 38321
[20:53:18.346] [SEVERE ] updating countdown to 38209
[20:53:18.458] [SEVERE ] updating countdown to 38097
[20:53:18.571] [SEVERE ] updating countdown to 37984
[20:53:18.682] [SEVERE ] updating countdown to 37873
[20:53:18.784] [SEVERE ] updating countdown to 37771
[20:53:18.894] [SEVERE ] updating countdown to 37661
[20:53:19.005] [SEVERE ] updating countdown to 37550
[20:53:19.112] [SEVERE ] updating countdown to 37443
[20:53:19.219] [SEVERE ] updating countdown to 37336
[20:53:19.322] [SEVERE ] updating countdown to 37233
[20:53:19.434] [SEVERE ] updating countdown to 37121
[20:53:19.545] [SEVERE ] updating countdown to 37010
[20:53:19.647] [SEVERE ] updating countdown to 36908
[20:53:19.762] [SEVERE ] updating countdown to 36793
[20:53:19.875] [SEVERE ] updating countdown to 36680
[20:53:19.979] [SEVERE ] updating countdown to 36576
[20:53:20.091] [SEVERE ] updating countdown to 36464
[20:53:20.204] [SEVERE ] updating countdown to 36351
[20:53:20.318] [SEVERE ] updating countdown to 36237
[20:53:20.428] [SEVERE ] updating countdown to 36127
[20:53:20.530] [SEVERE ] updating countdown to 36025
[20:53:20.635] [SEVERE ] updating countdown to 35920
[20:53:20.745] [SEVERE ] updating countdown to 35810
[20:53:20.850] [SEVERE ] updating countdown to 35705
[20:53:20.955] [SEVERE ] updating countdown to 35600
[20:53:21.068] [SEVERE ] updating countdown to 35487
[20:53:21.178] [SEVERE ] updating countdown to 35377
[20:53:21.291] [SEVERE ] updating countdown to 35264
[20:53:21.403] [SEVERE ] updating countdown to 35152
[20:53:21.515] [SEVERE ] updating countdown to 35040
[20:53:21.626] [SEVERE ] updating countdown to 34929
[20:53:21.740] [SEVERE ] updating countdown to 34815
[20:53:21.858] [SEVERE ] updating countdown to 34697
[20:53:21.963] [SEVERE ] updating countdown to 34592
[20:53:22.074] [SEVERE ] updating countdown to 34481
[20:53:22.187] [SEVERE ] updating countdown to 34368
[20:53:22.298] [SEVERE ] updating countdown to 34257
[20:53:22.412] [SEVERE ] updating countdown to 34143
[20:53:22.512] [SEVERE ] updating countdown to 34043
[20:53:22.617] [SEVERE ] updating countdown to 33938
[20:53:22.728] [SEVERE ] updating countdown to 33827
[20:53:22.842] [SEVERE ] updating countdown to 33713
[20:53:22.953] [SEVERE ] updating countdown to 33602
[20:53:23.066] [SEVERE ] updating countdown to 33489
[20:53:23.179] [SEVERE ] updating countdown to 33376
[20:53:23.291] [SEVERE ] updating countdown to 33264
[20:53:23.403] [SEVERE ] updating countdown to 33152
[20:53:23.515] [SEVERE ] updating countdown to 33040
[20:53:23.628] [SEVERE ] updating countdown to 32927
[20:53:23.739] [SEVERE ] updating countdown to 32816
[20:53:23.851] [SEVERE ] updating countdown to 32704
[20:53:23.964] [SEVERE ] updating countdown to 32592
[20:53:24.076] [SEVERE ] updating countdown to 32479
[20:53:24.188] [SEVERE ] updating countdown to 32367
[20:53:24.299] [SEVERE ] updating countdown to 32256
[20:53:24.411] [SEVERE ] updating countdown to 32144
[20:53:24.525] [SEVERE ] updating countdown to 32030
[20:53:24.636] [SEVERE ] updating countdown to 31919
[20:53:24.736] [SEVERE ] updating countdown to 31819
[20:53:24.843] [SEVERE ] updating countdown to 31712
[20:53:24.956] [SEVERE ] updating countdown to 31599
[20:53:25.068] [SEVERE ] updating countdown to 31487
[20:53:25.182] [SEVERE ] updating countdown to 31373
[20:53:25.292] [SEVERE ] updating countdown to 31263
[20:53:25.404] [SEVERE ] updating countdown to 31151
[20:53:25.514] [SEVERE ] updating countdown to 31041
[20:53:25.626] [SEVERE ] updating countdown to 30929
[20:53:25.738] [SEVERE ] updating countdown to 30817
[20:53:25.850] [SEVERE ] updating countdown to 30705
[20:53:25.963] [SEVERE ] updating countdown to 30592
[20:53:26.073] [SEVERE ] updating countdown to 30482
[20:53:26.187] [SEVERE ] updating countdown to 30368
[20:53:26.299] [SEVERE ] updating countdown to 30256
[20:53:26.411] [SEVERE ] updating countdown to 30144
[20:53:26.523] [SEVERE ] updating countdown to 30032
[20:53:26.634] [SEVERE ] updating countdown to 29921
[20:53:26.742] [SEVERE ] updating countdown to 29813
[20:53:26.849] [SEVERE ] updating countdown to 29706
[20:53:26.952] [SEVERE ] updating countdown to 29603
[20:53:27.058] [SEVERE ] updating countdown to 29497
[20:53:27.162] [SEVERE ] updating countdown to 29393
[20:53:27.263] [SEVERE ] updating countdown to 29292
[20:53:27.365] [SEVERE ] updating countdown to 29190
[20:53:27.468] [SEVERE ] updating countdown to 29087
[20:53:27.579] [SEVERE ] updating countdown to 28976
[20:53:27.679] [SEVERE ] updating countdown to 28876
[20:53:27.798] [SEVERE ] updating countdown to 28757
[20:53:27.912] [SEVERE ] updating countdown to 28643
[20:53:28.012] [SEVERE ] updating countdown to 28543
[20:53:28.112] [SEVERE ] updating countdown to 28443
[20:53:28.228] [SEVERE ] updating countdown to 28327
[20:53:28.331] [SEVERE ] updating countdown to 28224
[20:53:28.445] [SEVERE ] updating countdown to 28110
[20:53:28.546] [SEVERE ] updating countdown to 28009
[20:53:28.646] [SEVERE ] updating countdown to 27909
[20:53:28.762] [SEVERE ] updating countdown to 27793
[20:53:28.862] [SEVERE ] updating countdown to 27693
[20:53:28.963] [SEVERE ] updating countdown to 27592
[20:53:29.063] [SEVERE ] updating countdown to 27492
[20:53:29.177] [SEVERE ] updating countdown to 27378
[20:53:29.279] [SEVERE ] updating countdown to 27276
[20:53:29.380] [SEVERE ] updating countdown to 27175
[20:53:29.482] [SEVERE ] updating countdown to 27073
[20:53:29.594] [SEVERE ] updating countdown to 26961
[20:53:29.703] [SEVERE ] updating countdown to 26852
[20:53:29.812] [SEVERE ] updating countdown to 26743
[20:53:29.913] [SEVERE ] updating countdown to 26642
[20:53:30.013] [SEVERE ] updating countdown to 26542
[20:53:30.129] [SEVERE ] updating countdown to 26426
[20:53:30.245] [SEVERE ] updating countdown to 26310
[20:53:30.362] [SEVERE ] updating countdown to 26193
[20:53:30.463] [SEVERE ] updating countdown to 26092
[20:53:30.571] [SEVERE ] updating countdown to 25984
[20:53:30.682] [SEVERE ] updating countdown to 25873
[20:53:30.786] [SEVERE ] updating countdown to 25769
[20:53:30.896] [SEVERE ] updating countdown to 25659
[20:53:30.997] [SEVERE ] updating countdown to 25558
[20:53:31.113] [SEVERE ] updating countdown to 25442
[20:53:31.213] [SEVERE ] updating countdown to 25342
[20:53:31.319] [SEVERE ] updating countdown to 25236
[20:53:31.419] [SEVERE ] updating countdown to 25136
[20:53:31.531] [SEVERE ] updating countdown to 25024
[20:53:31.643] [SEVERE ] updating countdown to 24912
[20:53:31.755] [SEVERE ] updating countdown to 24800
[20:53:31.867] [SEVERE ] updating countdown to 24688
[20:53:31.980] [SEVERE ] updating countdown to 24575
[20:53:32.091] [SEVERE ] updating countdown to 24464
[20:53:32.196] [SEVERE ] updating countdown to 24359
[20:53:32.304] [SEVERE ] updating countdown to 24251
[20:53:32.411] [SEVERE ] updating countdown to 24144
[20:53:32.523] [SEVERE ] updating countdown to 24032
[20:53:32.625] [SEVERE ] updating countdown to 23930
[20:53:32.732] [SEVERE ] updating countdown to 23823
[20:53:32.843] [SEVERE ] updating countdown to 23712
[20:53:32.956] [SEVERE ] updating countdown to 23599
[20:53:33.067] [SEVERE ] updating countdown to 23488
[20:53:33.179] [SEVERE ] updating countdown to 23376
[20:53:33.291] [SEVERE ] updating countdown to 23264
[20:53:33.404] [SEVERE ] updating countdown to 23151
[20:53:33.515] [SEVERE ] updating countdown to 23040
[20:53:33.628] [SEVERE ] updating countdown to 22927
[20:53:33.739] [SEVERE ] updating countdown to 22816
[20:53:33.852] [SEVERE ] updating countdown to 22703
[20:53:33.962] [SEVERE ] updating countdown to 22593
[20:53:34.076] [SEVERE ] updating countdown to 22479
[20:53:34.188] [SEVERE ] updating countdown to 22367
[20:53:34.298] [SEVERE ] updating countdown to 22257
[20:53:34.412] [SEVERE ] updating countdown to 22143
[20:53:34.512] [SEVERE ] updating countdown to 22043
[20:53:34.613] [SEVERE ] updating countdown to 21942
[20:53:34.715] [SEVERE ] updating countdown to 21840
[20:53:34.828] [SEVERE ] updating countdown to 21727
[20:53:34.929] [SEVERE ] updating countdown to 21626
[20:53:35.029] [SEVERE ] updating countdown to 21526
[20:53:35.130] [SEVERE ] updating countdown to 21425
[20:53:35.245] [SEVERE ] updating countdown to 21310
[20:53:35.345] [SEVERE ] updating countdown to 21210
[20:53:35.446] [SEVERE ] updating countdown to 21109
[20:53:35.547] [SEVERE ] updating countdown to 21008
[20:53:35.647] [SEVERE ] updating countdown to 20908
[20:53:35.754] [SEVERE ] updating countdown to 20801
[20:53:35.863] [SEVERE ] updating countdown to 20692
[20:53:35.964] [SEVERE ] updating countdown to 20591
[20:53:36.074] [SEVERE ] updating countdown to 20481
[20:53:36.190] [SEVERE ] updating countdown to 20365
[20:53:36.290] [SEVERE ] updating countdown to 20265
[20:53:36.403] [SEVERE ] updating countdown to 20152
[20:53:36.512] [SEVERE ] updating countdown to 20043
[20:53:36.613] [SEVERE ] updating countdown to 19942
[20:53:36.729] [SEVERE ] updating countdown to 19826
[20:53:36.830] [SEVERE ] updating countdown to 19725
[20:53:36.943] [SEVERE ] updating countdown to 19612
[20:53:37.046] [SEVERE ] updating countdown to 19509
[20:53:37.146] [SEVERE ] updating countdown to 19409
[20:53:37.262] [SEVERE ] updating countdown to 19293
[20:53:37.372] [SEVERE ] updating countdown to 19183
[20:53:37.478] [SEVERE ] updating countdown to 19077
[20:53:37.580] [SEVERE ] updating countdown to 18975
[20:53:37.680] [SEVERE ] updating countdown to 18875
[20:53:37.780] [SEVERE ] updating countdown to 18775
[20:53:37.895] [SEVERE ] updating countdown to 18660
[20:53:37.996] [SEVERE ] updating countdown to 18559
[20:53:38.097] [SEVERE ] updating countdown to 18458
[20:53:38.197] [SEVERE ] updating countdown to 18358
[20:53:38.312] [SEVERE ] updating countdown to 18243
[20:53:38.412] [SEVERE ] updating countdown to 18143
[20:53:38.525] [SEVERE ] updating countdown to 18030
[20:53:38.627] [SEVERE ] updating countdown to 17928
[20:53:38.736] [SEVERE ] updating countdown to 17819
[20:53:38.845] [SEVERE ] updating countdown to 17710
[20:53:38.953] [SEVERE ] updating countdown to 17602
[20:53:39.062] [SEVERE ] updating countdown to 17493
[20:53:39.171] [SEVERE ] updating countdown to 17384
[20:53:39.278] [SEVERE ] updating countdown to 17277
[20:53:39.384] [SEVERE ] updating countdown to 17171
[20:53:39.494] [SEVERE ] updating countdown to 17061
[20:53:39.602] [SEVERE ] updating countdown to 16953
[20:53:39.710] [SEVERE ] updating countdown to 16845
[20:53:39.819] [SEVERE ] updating countdown to 16736
[20:53:39.928] [SEVERE ] updating countdown to 16627
[20:53:40.037] [SEVERE ] updating countdown to 16518
[20:53:40.146] [SEVERE ] updating countdown to 16409
[20:53:40.256] [SEVERE ] updating countdown to 16299
[20:53:40.360] [SEVERE ] updating countdown to 16195
[20:53:40.476] [SEVERE ] updating countdown to 16079
[20:53:40.579] [SEVERE ] updating countdown to 15976
[20:53:40.680] [SEVERE ] updating countdown to 15875
[20:53:40.794] [SEVERE ] updating countdown to 15761
[20:53:40.896] [SEVERE ] updating countdown to 15659
[20:53:40.999] [SEVERE ] updating countdown to 15556
[20:53:41.112] [SEVERE ] updating countdown to 15443
[20:53:41.214] [SEVERE ] updating countdown to 15341
[20:53:41.315] [SEVERE ] updating countdown to 15240
[20:53:41.416] [SEVERE ] updating countdown to 15139
[20:53:41.530] [SEVERE ] updating countdown to 15025
[20:53:41.630] [SEVERE ] updating countdown to 14925
[20:53:41.748] [SEVERE ] updating countdown to 14807
[20:53:41.861] [SEVERE ] updating countdown to 14694
[20:53:41.969] [SEVERE ] updating countdown to 14586
[20:53:42.078] [SEVERE ] updating countdown to 14477
[20:53:42.179] [SEVERE ] updating countdown to 14376
[20:53:42.286] [SEVERE ] updating countdown to 14269
[20:53:42.397] [SEVERE ] updating countdown to 14158
[20:53:42.512] [SEVERE ] updating countdown to 14043
[20:53:42.613] [SEVERE ] updating countdown to 13942
[20:53:42.728] [SEVERE ] updating countdown to 13827
[20:53:42.842] [SEVERE ] updating countdown to 13713
[20:53:42.945] [SEVERE ] updating countdown to 13610
[20:53:43.046] [SEVERE ] updating countdown to 13509
[20:53:43.146] [SEVERE ] updating countdown to 13409
[20:53:43.248] [SEVERE ] updating countdown to 13307
[20:53:43.362] [SEVERE ] updating countdown to 13193
[20:53:43.462] [SEVERE ] updating countdown to 13093
[20:53:43.578] [SEVERE ] updating countdown to 12977
[20:53:43.680] [SEVERE ] updating countdown to 12875
[20:53:43.781] [SEVERE ] updating countdown to 12774
[20:53:43.885] [SEVERE ] updating countdown to 12670
[20:53:43.949] [SEVERE ] key 81 was pressed by player 1
[20:53:43.958] [SEVERE ] key 87 was pressed by player 1
[20:53:43.995] [SEVERE ] updating countdown to 12560
[20:53:44.038] [SEVERE ] key 69 was pressed by player 1
[20:53:44.108] [SEVERE ] updating countdown to 12447
[20:53:44.158] [SEVERE ] key 81 was pressed by player 1
[20:53:44.166] [SEVERE ] key 87 was pressed by player 1
[20:53:44.219] [SEVERE ] updating countdown to 12336
[20:53:44.278] [SEVERE ] key 69 was pressed by player 1
[20:53:44.331] [SEVERE ] updating countdown to 12224
[20:53:44.358] [SEVERE ] key 81 was pressed by player 1
[20:53:44.365] [SEVERE ] key 87 was pressed by player 1
[20:53:44.442] [SEVERE ] updating countdown to 12113
[20:53:44.488] [SEVERE ] key 82 was pressed by player 1
[20:53:44.492] [SEVERE ] key 69 was pressed by player 1
[20:53:44.555] [SEVERE ] updating countdown to 12000
[20:53:44.619] [SEVERE ] key 81 was pressed by player 1
[20:53:44.619] [SEVERE ] key 87 was pressed by player 1
[20:53:44.667] [SEVERE ] updating countdown to 11888
[20:53:44.718] [SEVERE ] key 69 was pressed by player 1
[20:53:44.779] [SEVERE ] updating countdown to 11776
[20:53:44.818] [SEVERE ] key 81 was pressed by player 1
[20:53:44.818] [SEVERE ] key 87 was pressed by player 1
[20:53:44.892] [SEVERE ] updating countdown to 11663
[20:53:44.898] [SEVERE ] key 82 was pressed by player 1
[20:53:45.003] [SEVERE ] updating countdown to 11552
[20:53:45.010] [SEVERE ] key 87 was pressed by player 1
[20:53:45.019] [SEVERE ] key 69 was pressed by player 1
[20:53:45.118] [SEVERE ] updating countdown to 11437
[20:53:45.118] [SEVERE ] key 82 was pressed by player 1
[20:53:45.188] [SEVERE ] key 87 was pressed by player 1
[20:53:45.198] [SEVERE ] key 69 was pressed by player 1
[20:53:45.198] [SEVERE ] key 81 was pressed by player 1
[20:53:45.227] [SEVERE ] updating countdown to 11328
[20:53:45.338] [SEVERE ] updating countdown to 11217
[20:53:45.430] [SEVERE ] key 81 was pressed by player 1
[20:53:45.443] [SEVERE ] key 87 was pressed by player 1
[20:53:45.451] [SEVERE ] updating countdown to 11104
[20:53:45.462] [SEVERE ] key 69 was pressed by player 1
[20:53:45.565] [SEVERE ] updating countdown to 10990
[20:53:45.568] [SEVERE ] key 82 was pressed by player 1
[20:53:45.675] [SEVERE ] updating countdown to 10880
[20:53:45.678] [SEVERE ] key 81 was pressed by player 1
[20:53:45.694] [SEVERE ] key 69 was pressed by player 1
[20:53:45.696] [SEVERE ] key 87 was pressed by player 1
[20:53:45.786] [SEVERE ] updating countdown to 10769
[20:53:45.790] [SEVERE ] key 82 was pressed by player 1
[20:53:45.881] [SEVERE ] key 81 was pressed by player 1
[20:53:45.888] [SEVERE ] key 87 was pressed by player 1
[20:53:45.888] [SEVERE ] key 69 was pressed by player 1
[20:53:45.898] [SEVERE ] updating countdown to 10657
[20:53:45.998] [SEVERE ] key 82 was pressed by player 1
[20:53:46.011] [SEVERE ] updating countdown to 10544
[20:53:46.078] [SEVERE ] key 81 was pressed by player 1
[20:53:46.110] [SEVERE ] key 87 was pressed by player 1
[20:53:46.122] [SEVERE ] updating countdown to 10433
[20:53:46.235] [SEVERE ] updating countdown to 10320
[20:53:46.283] [SEVERE ] key 82 was pressed by player 1
[20:53:46.348] [SEVERE ] updating countdown to 10207
[20:53:46.388] [SEVERE ] key 81 was pressed by player 1
[20:53:46.399] [SEVERE ] key 87 was pressed by player 1
[20:53:46.458] [SEVERE ] updating countdown to 10097
[20:53:46.568] [SEVERE ] updating countdown to 9987
[20:53:46.683] [SEVERE ] updating countdown to 9872
[20:53:46.795] [SEVERE ] updating countdown to 9760
[20:53:46.907] [SEVERE ] updating countdown to 9648
[20:53:47.020] [SEVERE ] updating countdown to 9535
[20:53:47.132] [SEVERE ] updating countdown to 9423
[20:53:47.202] [SEVERE ] exit button pressed
[20:53:47.243] [SEVERE ] updating countdown to 9312
[20:53:47.356] [SEVERE ] updating countdown to 9199
[20:53:47.467] [SEVERE ] updating countdown to 9088
[20:53:47.579] [SEVERE ] updating countdown to 8976
[20:53:47.691] [SEVERE ] updating countdown to 8864
[20:53:47.803] [SEVERE ] updating countdown to 8752
[20:53:47.904] [SEVERE ] updating countdown to 8651
[20:53:48.012] [SEVERE ] updating countdown to 8543
[20:53:48.125] [SEVERE ] updating countdown to 8430
[20:53:48.236] [SEVERE ] updating countdown to 8319
[20:53:48.348] [SEVERE ] updating countdown to 8207
[20:53:48.460] [SEVERE ] updating countdown to 8095
[20:53:48.572] [SEVERE ] updating countdown to 7983
[20:53:48.683] [SEVERE ] updating countdown to 7872
[20:53:48.794] [SEVERE ] updating countdown to 7761
[20:53:48.895] [SEVERE ] updating countdown to 7660
[20:53:49.003] [SEVERE ] updating countdown to 7552
[20:53:49.118] [SEVERE ] updating countdown to 7437
[20:53:49.228] [SEVERE ] updating countdown to 7327
[20:53:49.339] [SEVERE ] updating countdown to 7216
[20:53:49.452] [SEVERE ] updating countdown to 7103
[20:53:49.563] [SEVERE ] updating countdown to 6992
[20:53:49.676] [SEVERE ] updating countdown to 6879
[20:53:49.786] [SEVERE ] updating countdown to 6769
[20:53:49.900] [SEVERE ] updating countdown to 6655
[20:53:50.011] [SEVERE ] updating countdown to 6544
[20:53:50.123] [SEVERE ] updating countdown to 6432
[20:53:50.233] [SEVERE ] updating countdown to 6322
[20:53:50.346] [SEVERE ] updating countdown to 6209
[20:53:50.458] [SEVERE ] updating countdown to 6097
[20:53:50.571] [SEVERE ] updating countdown to 5984
[20:53:50.682] [SEVERE ] updating countdown to 5873
[20:53:50.796] [SEVERE ] updating countdown to 5759
[20:53:50.906] [SEVERE ] updating countdown to 5649
[20:53:51.020] [SEVERE ] updating countdown to 5535
[20:53:51.131] [SEVERE ] updating countdown to 5424
[20:53:51.248] [SEVERE ] updating countdown to 5307
[20:53:51.354] [SEVERE ] updating countdown to 5201
[20:53:51.468] [SEVERE ] updating countdown to 5087
